{"/home/alonsooteroseminario/source/repos/journey-tracker/package.json": {"path":"/home/alonsooteroseminario/source/repos/journey-tracker/package.json","statementMap":{},"fnMap":{},"branchMap":{},"s":{},"f":{},"b":{},"meta":{"lastBranch":0,"lastFunction":0,"lastStatement":0,"seen":{}}}
,"/home/alonsooteroseminario/source/repos/journey-tracker/src/app/api/activity/route.ts": {"path":"/home/alonsooteroseminario/source/repos/journey-tracker/src/app/api/activity/route.ts","statementMap":{"0":{"start":{"line":8,"column":2},"end":{"line":54,"column":null}},"1":{"start":{"line":9,"column":17},"end":{"line":9,"column":null}},"2":{"start":{"line":10,"column":4},"end":{"line":12,"column":null}},"3":{"start":{"line":11,"column":6},"end":{"line":11,"column":null}},"4":{"start":{"line":14,"column":29},"end":{"line":14,"column":null}},"5":{"start":{"line":17,"column":10},"end":{"line":20,"column":null}},"6":{"start":{"line":22,"column":4},"end":{"line":24,"column":null}},"7":{"start":{"line":23,"column":6},"end":{"line":23,"column":null}},"8":{"start":{"line":26,"column":30},"end":{"line":26,"column":null}},"9":{"start":{"line":28,"column":23},"end":{"line":33,"column":null}},"10":{"start":{"line":35,"column":4},"end":{"line":47,"column":null}},"11":{"start":{"line":36,"column":29},"end":{"line":45,"column":8}},"12":{"start":{"line":49,"column":4},"end":{"line":49,"column":null}},"13":{"start":{"line":50,"column":4},"end":{"line":53,"column":null}},"14":{"start":{"line":59,"column":2},"end":{"line":106,"column":null}},"15":{"start":{"line":60,"column":17},"end":{"line":60,"column":null}},"16":{"start":{"line":61,"column":4},"end":{"line":63,"column":null}},"17":{"start":{"line":62,"column":6},"end":{"line":62,"column":null}},"18":{"start":{"line":65,"column":17},"end":{"line":65,"column":null}},"19":{"start":{"line":68,"column":10},"end":{"line":68,"column":null}},"20":{"start":{"line":69,"column":4},"end":{"line":71,"column":null}},"21":{"start":{"line":70,"column":6},"end":{"line":70,"column":null}},"22":{"start":{"line":73,"column":26},"end":{"line":73,"column":null}},"23":{"start":{"line":75,"column":21},"end":{"line":85,"column":null}},"24":{"start":{"line":87,"column":4},"end":{"line":99,"column":null}},"25":{"start":{"line":101,"column":4},"end":{"line":101,"column":null}},"26":{"start":{"line":102,"column":4},"end":{"line":105,"column":null}}},"fnMap":{"0":{"name":"GET","decl":{"start":{"line":7,"column":22},"end":{"line":7,"column":26}},"loc":{"start":{"line":7,"column":44},"end":{"line":55,"column":null}},"line":7},"1":{"name":"(anonymous_1)","decl":{"start":{"line":36,"column":21},"end":{"line":36,"column":22}},"loc":{"start":{"line":36,"column":29},"end":{"line":45,"column":8}},"line":36},"2":{"name":"POST","decl":{"start":{"line":58,"column":22},"end":{"line":58,"column":27}},"loc":{"start":{"line":58,"column":45},"end":{"line":107,"column":null}},"line":58}},"branchMap":{"0":{"loc":{"start":{"line":10,"column":4},"end":{"line":12,"column":null}},"type":"if","locations":[{"start":{"line":10,"column":4},"end":{"line":12,"column":null}},{"start":{},"end":{}}],"line":10},"1":{"loc":{"start":{"line":18,"column":13},"end":{"line":18,"column":null}},"type":"binary-expr","locations":[{"start":{"line":18,"column":13},"end":{"line":18,"column":42}},{"start":{"line":18,"column":42},"end":{"line":18,"column":null}}],"line":18},"2":{"loc":{"start":{"line":19,"column":14},"end":{"line":19,"column":null}},"type":"binary-expr","locations":[{"start":{"line":19,"column":14},"end":{"line":19,"column":44}},{"start":{"line":19,"column":44},"end":{"line":19,"column":null}}],"line":19},"3":{"loc":{"start":{"line":22,"column":4},"end":{"line":24,"column":null}},"type":"if","locations":[{"start":{"line":22,"column":4},"end":{"line":24,"column":null}},{"start":{},"end":{}}],"line":22},"4":{"loc":{"start":{"line":40,"column":16},"end":{"line":40,"column":null}},"type":"binary-expr","locations":[{"start":{"line":40,"column":16},"end":{"line":40,"column":28}},{"start":{"line":40,"column":28},"end":{"line":40,"column":null}}],"line":40},"5":{"loc":{"start":{"line":61,"column":4},"end":{"line":63,"column":null}},"type":"if","locations":[{"start":{"line":61,"column":4},"end":{"line":63,"column":null}},{"start":{},"end":{}}],"line":61},"6":{"loc":{"start":{"line":69,"column":4},"end":{"line":71,"column":null}},"type":"if","locations":[{"start":{"line":69,"column":4},"end":{"line":71,"column":null}},{"start":{},"end":{}}],"line":69},"7":{"loc":{"start":{"line":92,"column":16},"end":{"line":92,"column":null}},"type":"binary-expr","locations":[{"start":{"line":92,"column":16},"end":{"line":92,"column":35}},{"start":{"line":92,"column":35},"end":{"line":92,"column":null}}],"line":92}},"s":{"0":8,"1":8,"2":8,"3":1,"4":7,"5":7,"6":8,"7":2,"8":5,"9":5,"10":4,"11":2,"12":1,"13":1,"14":6,"15":6,"16":6,"17":1,"18":5,"19":5,"20":5,"21":2,"22":3,"23":3,"24":2,"25":1,"26":1},"f":{"0":8,"1":2,"2":6},"b":{"0":[1,7],"1":[7,4],"2":[8,4],"3":[2,6],"4":[2,0],"5":[1,5],"6":[2,3],"7":[2,0]},"meta":{"lastBranch":8,"lastFunction":3,"lastStatement":27,"seen":{"f:7:22:7:26":0,"s:8:2:54:Infinity":0,"s:9:17:9:Infinity":1,"b:10:4:12:Infinity:undefined:undefined:undefined:undefined":0,"s:10:4:12:Infinity":2,"s:11:6:11:Infinity":3,"s:14:29:14:Infinity":4,"s:17:10:20:Infinity":5,"b:18:13:18:42:18:42:18:Infinity":1,"b:19:14:19:44:19:44:19:Infinity":2,"b:22:4:24:Infinity:undefined:undefined:undefined:undefined":3,"s:22:4:24:Infinity":6,"s:23:6:23:Infinity":7,"s:26:30:26:Infinity":8,"s:28:23:33:Infinity":9,"s:35:4:47:Infinity":10,"f:36:21:36:22":1,"s:36:29:45:8":11,"b:40:16:40:28:40:28:40:Infinity":4,"s:49:4:49:Infinity":12,"s:50:4:53:Infinity":13,"f:58:22:58:27":2,"s:59:2:106:Infinity":14,"s:60:17:60:Infinity":15,"b:61:4:63:Infinity:undefined:undefined:undefined:undefined":5,"s:61:4:63:Infinity":16,"s:62:6:62:Infinity":17,"s:65:17:65:Infinity":18,"s:68:10:68:Infinity":19,"b:69:4:71:Infinity:undefined:undefined:undefined:undefined":6,"s:69:4:71:Infinity":20,"s:70:6:70:Infinity":21,"s:73:26:73:Infinity":22,"s:75:21:85:Infinity":23,"s:87:4:99:Infinity":24,"b:92:16:92:35:92:35:92:Infinity":7,"s:101:4:101:Infinity":25,"s:102:4:105:Infinity":26}}}
,"/home/alonsooteroseminario/source/repos/journey-tracker/src/app/api/agent/chat/route.ts": {"path":"/home/alonsooteroseminario/source/repos/journey-tracker/src/app/api/agent/chat/route.ts","statementMap":{"0":{"start":{"line":19,"column":2},"end":{"line":21,"column":null}},"1":{"start":{"line":24,"column":20},"end":{"line":24,"column":null}},"2":{"start":{"line":25,"column":25},"end":{"line":25,"column":null}},"3":{"start":{"line":26,"column":26},"end":{"line":26,"column":null}},"4":{"start":{"line":29,"column":22},"end":{"line":29,"column":null}},"5":{"start":{"line":49,"column":28},"end":{"line":49,"column":null}},"6":{"start":{"line":55,"column":2},"end":{"line":77,"column":null}},"7":{"start":{"line":56,"column":23},"end":{"line":56,"column":null}},"8":{"start":{"line":58,"column":4},"end":{"line":60,"column":null}},"9":{"start":{"line":59,"column":6},"end":{"line":59,"column":null}},"10":{"start":{"line":62,"column":10},"end":{"line":62,"column":null}},"11":{"start":{"line":63,"column":18},"end":{"line":63,"column":null}},"12":{"start":{"line":65,"column":4},"end":{"line":70,"column":null}},"13":{"start":{"line":69,"column":30},"end":{"line":69,"column":36}},"14":{"start":{"line":72,"column":4},"end":{"line":72,"column":null}},"15":{"start":{"line":73,"column":4},"end":{"line":76,"column":null}},"16":{"start":{"line":84,"column":2},"end":{"line":150,"column":null}},"17":{"start":{"line":86,"column":23},"end":{"line":86,"column":null}},"18":{"start":{"line":88,"column":4},"end":{"line":90,"column":null}},"19":{"start":{"line":89,"column":6},"end":{"line":89,"column":null}},"20":{"start":{"line":93,"column":4},"end":{"line":100,"column":null}},"21":{"start":{"line":94,"column":6},"end":{"line":94,"column":null}},"22":{"start":{"line":95,"column":31},"end":{"line":95,"column":null}},"23":{"start":{"line":96,"column":6},"end":{"line":99,"column":null}},"24":{"start":{"line":103,"column":30},"end":{"line":103,"column":null}},"25":{"start":{"line":104,"column":40},"end":{"line":104,"column":null}},"26":{"start":{"line":106,"column":4},"end":{"line":111,"column":null}},"27":{"start":{"line":107,"column":6},"end":{"line":110,"column":null}},"28":{"start":{"line":114,"column":4},"end":{"line":114,"column":null}},"29":{"start":{"line":117,"column":10},"end":{"line":117,"column":null}},"30":{"start":{"line":118,"column":18},"end":{"line":118,"column":null}},"31":{"start":{"line":121,"column":65},"end":{"line":126,"column":null}},"32":{"start":{"line":122,"column":23},"end":{"line":122,"column":44}},"33":{"start":{"line":123,"column":21},"end":{"line":126,"column":8}},"34":{"start":{"line":129,"column":4},"end":{"line":131,"column":null}},"35":{"start":{"line":130,"column":6},"end":{"line":130,"column":null}},"36":{"start":{"line":134,"column":21},"end":{"line":134,"column":null}},"37":{"start":{"line":136,"column":4},"end":{"line":141,"column":null}},"38":{"start":{"line":143,"column":4},"end":{"line":143,"column":null}},"39":{"start":{"line":144,"column":22},"end":{"line":144,"column":null}},"40":{"start":{"line":146,"column":4},"end":{"line":149,"column":null}},"41":{"start":{"line":162,"column":18},"end":{"line":162,"column":null}},"42":{"start":{"line":164,"column":17},"end":{"line":219,"column":null}},"43":{"start":{"line":167,"column":32},"end":{"line":173,"column":null}},"44":{"start":{"line":168,"column":8},"end":{"line":172,"column":null}},"45":{"start":{"line":169,"column":10},"end":{"line":169,"column":null}},"46":{"start":{"line":171,"column":10},"end":{"line":171,"column":null}},"47":{"start":{"line":175,"column":6},"end":{"line":217,"column":null}},"48":{"start":{"line":177,"column":8},"end":{"line":177,"column":null}},"49":{"start":{"line":180,"column":25},"end":{"line":187,"column":null}},"50":{"start":{"line":182,"column":12},"end":{"line":182,"column":null}},"51":{"start":{"line":185,"column":12},"end":{"line":185,"column":null}},"52":{"start":{"line":190,"column":8},"end":{"line":196,"column":null}},"53":{"start":{"line":198,"column":8},"end":{"line":198,"column":null}},"54":{"start":{"line":199,"column":8},"end":{"line":199,"column":null}},"55":{"start":{"line":201,"column":8},"end":{"line":201,"column":null}},"56":{"start":{"line":203,"column":8},"end":{"line":206,"column":null}},"57":{"start":{"line":204,"column":10},"end":{"line":204,"column":null}},"58":{"start":{"line":204,"column":16},"end":{"line":204,"column":36}},"59":{"start":{"line":205,"column":10},"end":{"line":205,"column":null}},"60":{"start":{"line":208,"column":8},"end":{"line":208,"column":null}},"61":{"start":{"line":209,"column":26},"end":{"line":209,"column":null}},"62":{"start":{"line":211,"column":8},"end":{"line":214,"column":null}},"63":{"start":{"line":216,"column":8},"end":{"line":216,"column":null}},"64":{"start":{"line":216,"column":14},"end":{"line":216,"column":34}},"65":{"start":{"line":221,"column":2},"end":{"line":227,"column":null}},"66":{"start":{"line":238,"column":2},"end":{"line":243,"column":null}},"67":{"start":{"line":239,"column":20},"end":{"line":239,"column":null}},"68":{"start":{"line":240,"column":4},"end":{"line":240,"column":null}},"69":{"start":{"line":247,"column":20},"end":{"line":252,"column":null}},"70":{"start":{"line":265,"column":54},"end":{"line":265,"column":null}},"71":{"start":{"line":266,"column":22},"end":{"line":266,"column":null}},"72":{"start":{"line":267,"column":57},"end":{"line":267,"column":null}},"73":{"start":{"line":269,"column":2},"end":{"line":282,"column":null}},"74":{"start":{"line":270,"column":4},"end":{"line":281,"column":null}},"75":{"start":{"line":271,"column":6},"end":{"line":271,"column":null}},"76":{"start":{"line":273,"column":20},"end":{"line":273,"column":null}},"77":{"start":{"line":274,"column":22},"end":{"line":274,"column":null}},"78":{"start":{"line":275,"column":6},"end":{"line":280,"column":null}},"79":{"start":{"line":276,"column":8},"end":{"line":276,"column":null}},"80":{"start":{"line":276,"column":38},"end":{"line":276,"column":null}},"81":{"start":{"line":277,"column":8},"end":{"line":277,"column":null}},"82":{"start":{"line":279,"column":8},"end":{"line":279,"column":null}},"83":{"start":{"line":284,"column":54},"end":{"line":284,"column":null}},"84":{"start":{"line":285,"column":2},"end":{"line":285,"column":null}},"85":{"start":{"line":285,"column":27},"end":{"line":285,"column":null}},"86":{"start":{"line":286,"column":2},"end":{"line":286,"column":null}},"87":{"start":{"line":286,"column":44},"end":{"line":286,"column":null}},"88":{"start":{"line":287,"column":2},"end":{"line":287,"column":null}},"89":{"start":{"line":287,"column":35},"end":{"line":287,"column":null}},"90":{"start":{"line":288,"column":2},"end":{"line":288,"column":null}},"91":{"start":{"line":302,"column":8},"end":{"line":302,"column":null}},"92":{"start":{"line":304,"column":24},"end":{"line":304,"column":null}},"93":{"start":{"line":305,"column":19},"end":{"line":305,"column":null}},"94":{"start":{"line":309,"column":2},"end":{"line":447,"column":null}},"95":{"start":{"line":310,"column":4},"end":{"line":310,"column":null}},"96":{"start":{"line":313,"column":4},"end":{"line":315,"column":null}},"97":{"start":{"line":314,"column":6},"end":{"line":314,"column":null}},"98":{"start":{"line":320,"column":4},"end":{"line":325,"column":null}},"99":{"start":{"line":321,"column":6},"end":{"line":324,"column":null}},"100":{"start":{"line":328,"column":21},"end":{"line":336,"column":null}},"101":{"start":{"line":339,"column":4},"end":{"line":345,"column":null}},"102":{"start":{"line":341,"column":24},"end":{"line":341,"column":null}},"103":{"start":{"line":341,"column":57},"end":{"line":341,"column":78}},"104":{"start":{"line":342,"column":22},"end":{"line":342,"column":null}},"105":{"start":{"line":344,"column":6},"end":{"line":344,"column":null}},"106":{"start":{"line":350,"column":26},"end":{"line":352,"column":null}},"107":{"start":{"line":351,"column":59},"end":{"line":351,"column":null}},"108":{"start":{"line":354,"column":4},"end":{"line":431,"column":null}},"109":{"start":{"line":355,"column":6},"end":{"line":357,"column":null}},"110":{"start":{"line":356,"column":8},"end":{"line":356,"column":null}},"111":{"start":{"line":363,"column":24},"end":{"line":363,"column":null}},"112":{"start":{"line":364,"column":21},"end":{"line":364,"column":null}},"113":{"start":{"line":366,"column":6},"end":{"line":404,"column":null}},"114":{"start":{"line":367,"column":8},"end":{"line":403,"column":null}},"115":{"start":{"line":368,"column":27},"end":{"line":368,"column":null}},"116":{"start":{"line":369,"column":28},"end":{"line":369,"column":null}},"117":{"start":{"line":371,"column":10},"end":{"line":371,"column":null}},"118":{"start":{"line":371,"column":24},"end":{"line":371,"column":null}},"119":{"start":{"line":373,"column":27},"end":{"line":373,"column":null}},"120":{"start":{"line":375,"column":10},"end":{"line":383,"column":null}},"121":{"start":{"line":376,"column":12},"end":{"line":376,"column":null}},"122":{"start":{"line":376,"column":29},"end":{"line":376,"column":null}},"123":{"start":{"line":377,"column":12},"end":{"line":377,"column":null}},"124":{"start":{"line":377,"column":29},"end":{"line":377,"column":null}},"125":{"start":{"line":378,"column":12},"end":{"line":381,"column":null}},"126":{"start":{"line":382,"column":12},"end":{"line":382,"column":null}},"127":{"start":{"line":385,"column":10},"end":{"line":385,"column":null}},"128":{"start":{"line":385,"column":27},"end":{"line":385,"column":null}},"129":{"start":{"line":386,"column":29},"end":{"line":386,"column":null}},"130":{"start":{"line":387,"column":10},"end":{"line":387,"column":null}},"131":{"start":{"line":387,"column":27},"end":{"line":387,"column":null}},"132":{"start":{"line":388,"column":10},"end":{"line":388,"column":null}},"133":{"start":{"line":390,"column":10},"end":{"line":397,"column":null}},"134":{"start":{"line":391,"column":12},"end":{"line":396,"column":null}},"135":{"start":{"line":392,"column":27},"end":{"line":392,"column":null}},"136":{"start":{"line":393,"column":14},"end":{"line":395,"column":null}},"137":{"start":{"line":394,"column":16},"end":{"line":394,"column":null}},"138":{"start":{"line":399,"column":10},"end":{"line":402,"column":null}},"139":{"start":{"line":407,"column":6},"end":{"line":407,"column":null}},"140":{"start":{"line":408,"column":26},"end":{"line":408,"column":null}},"141":{"start":{"line":408,"column":55},"end":{"line":408,"column":79}},"142":{"start":{"line":411,"column":6},"end":{"line":414,"column":null}},"143":{"start":{"line":417,"column":6},"end":{"line":424,"column":null}},"144":{"start":{"line":419,"column":41},"end":{"line":423,"column":10}},"145":{"start":{"line":426,"column":6},"end":{"line":428,"column":null}},"146":{"start":{"line":427,"column":8},"end":{"line":427,"column":null}},"147":{"start":{"line":430,"column":6},"end":{"line":430,"column":null}},"148":{"start":{"line":434,"column":4},"end":{"line":443,"column":null}},"149":{"start":{"line":435,"column":24},"end":{"line":435,"column":null}},"150":{"start":{"line":435,"column":57},"end":{"line":435,"column":78}},"151":{"start":{"line":436,"column":22},"end":{"line":436,"column":null}},"152":{"start":{"line":438,"column":6},"end":{"line":442,"column":null}},"153":{"start":{"line":446,"column":4},"end":{"line":446,"column":null}},"154":{"start":{"line":449,"column":2},"end":{"line":449,"column":null}},"155":{"start":{"line":454,"column":27},"end":{"line":454,"column":null}}},"fnMap":{"0":{"name":"getAnthropicClient","decl":{"start":{"line":18,"column":9},"end":{"line":18,"column":41}},"loc":{"start":{"line":18,"column":41},"end":{"line":22,"column":null}},"line":18},"1":{"name":"GET","decl":{"start":{"line":54,"column":22},"end":{"line":54,"column":28}},"loc":{"start":{"line":54,"column":28},"end":{"line":78,"column":null}},"line":54},"2":{"name":"(anonymous_2)","decl":{"start":{"line":69,"column":23},"end":{"line":69,"column":24}},"loc":{"start":{"line":69,"column":30},"end":{"line":69,"column":36}},"line":69},"3":{"name":"POST","decl":{"start":{"line":83,"column":22},"end":{"line":83,"column":27}},"loc":{"start":{"line":83,"column":45},"end":{"line":151,"column":null}},"line":83},"4":{"name":"(anonymous_4)","decl":{"start":{"line":122,"column":14},"end":{"line":122,"column":15}},"loc":{"start":{"line":122,"column":23},"end":{"line":122,"column":44}},"line":122},"5":{"name":"(anonymous_5)","decl":{"start":{"line":123,"column":11},"end":{"line":123,"column":12}},"loc":{"start":{"line":123,"column":21},"end":{"line":126,"column":8}},"line":123},"6":{"name":"createSSEResponse","decl":{"start":{"line":156,"column":9},"end":{"line":156,"column":null}},"loc":{"start":{"line":161,"column":12},"end":{"line":228,"column":null}},"line":161},"7":{"name":"(anonymous_7)","decl":{"start":{"line":165,"column":10},"end":{"line":165,"column":16}},"loc":{"start":{"line":165,"column":28},"end":{"line":218,"column":null}},"line":165},"8":{"name":"(anonymous_8)","decl":{"start":{"line":167,"column":44},"end":{"line":167,"column":50}},"loc":{"start":{"line":167,"column":50},"end":{"line":173,"column":9}},"line":167},"9":{"name":"(anonymous_9)","decl":{"start":{"line":181,"column":10},"end":{"line":181,"column":11}},"loc":{"start":{"line":181,"column":32},"end":{"line":183,"column":null}},"line":181},"10":{"name":"(anonymous_10)","decl":{"start":{"line":184,"column":10},"end":{"line":184,"column":11}},"loc":{"start":{"line":184,"column":37},"end":{"line":186,"column":null}},"line":184},"11":{"name":"sendSSE","decl":{"start":{"line":233,"column":9},"end":{"line":233,"column":null}},"loc":{"start":{"line":237,"column":8},"end":{"line":244,"column":null}},"line":237},"12":{"name":"partitionForExecution","decl":{"start":{"line":262,"column":9},"end":{"line":262,"column":null}},"loc":{"start":{"line":264,"column":39},"end":{"line":289,"column":null}},"line":264},"13":{"name":"runAgentLoop","decl":{"start":{"line":294,"column":15},"end":{"line":294,"column":null}},"loc":{"start":{"line":301,"column":73},"end":{"line":450,"column":null}},"line":301},"14":{"name":"(anonymous_14)","decl":{"start":{"line":341,"column":46},"end":{"line":341,"column":47}},"loc":{"start":{"line":341,"column":57},"end":{"line":341,"column":78}},"line":341},"15":{"name":"(anonymous_15)","decl":{"start":{"line":351,"column":6},"end":{"line":351,"column":7}},"loc":{"start":{"line":351,"column":59},"end":{"line":351,"column":null}},"line":351},"16":{"name":"(anonymous_16)","decl":{"start":{"line":366,"column":35},"end":{"line":366,"column":42}},"loc":{"start":{"line":366,"column":52},"end":{"line":404,"column":7}},"line":366},"17":{"name":"(anonymous_17)","decl":{"start":{"line":408,"column":44},"end":{"line":408,"column":45}},"loc":{"start":{"line":408,"column":55},"end":{"line":408,"column":79}},"line":408},"18":{"name":"(anonymous_18)","decl":{"start":{"line":419,"column":33},"end":{"line":419,"column":34}},"loc":{"start":{"line":419,"column":41},"end":{"line":423,"column":10}},"line":419},"19":{"name":"(anonymous_19)","decl":{"start":{"line":435,"column":46},"end":{"line":435,"column":47}},"loc":{"start":{"line":435,"column":57},"end":{"line":435,"column":78}},"line":435}},"branchMap":{"0":{"loc":{"start":{"line":20,"column":12},"end":{"line":20,"column":null}},"type":"binary-expr","locations":[{"start":{"line":20,"column":12},"end":{"line":20,"column":45}},{"start":{"line":20,"column":45},"end":{"line":20,"column":null}}],"line":20},"1":{"loc":{"start":{"line":24,"column":20},"end":{"line":24,"column":null}},"type":"binary-expr","locations":[{"start":{"line":24,"column":20},"end":{"line":24,"column":47}},{"start":{"line":24,"column":47},"end":{"line":24,"column":null}}],"line":24},"2":{"loc":{"start":{"line":25,"column":34},"end":{"line":25,"column":74}},"type":"binary-expr","locations":[{"start":{"line":25,"column":34},"end":{"line":25,"column":66}},{"start":{"line":25,"column":66},"end":{"line":25,"column":74}}],"line":25},"3":{"loc":{"start":{"line":26,"column":37},"end":{"line":26,"column":75}},"type":"binary-expr","locations":[{"start":{"line":26,"column":37},"end":{"line":26,"column":70}},{"start":{"line":26,"column":70},"end":{"line":26,"column":75}}],"line":26},"4":{"loc":{"start":{"line":58,"column":4},"end":{"line":60,"column":null}},"type":"if","locations":[{"start":{"line":58,"column":4},"end":{"line":60,"column":null}},{"start":{},"end":{}}],"line":58},"5":{"loc":{"start":{"line":88,"column":4},"end":{"line":90,"column":null}},"type":"if","locations":[{"start":{"line":88,"column":4},"end":{"line":90,"column":null}},{"start":{},"end":{}}],"line":88},"6":{"loc":{"start":{"line":93,"column":4},"end":{"line":100,"column":null}},"type":"if","locations":[{"start":{"line":93,"column":4},"end":{"line":100,"column":null}},{"start":{},"end":{}}],"line":93},"7":{"loc":{"start":{"line":104,"column":22},"end":{"line":104,"column":36}},"type":"default-arg","locations":[{"start":{"line":104,"column":31},"end":{"line":104,"column":36}}],"line":104},"8":{"loc":{"start":{"line":106,"column":4},"end":{"line":111,"column":null}},"type":"if","locations":[{"start":{"line":106,"column":4},"end":{"line":111,"column":null}},{"start":{},"end":{}}],"line":106},"9":{"loc":{"start":{"line":106,"column":8},"end":{"line":106,"column":44}},"type":"binary-expr","locations":[{"start":{"line":106,"column":8},"end":{"line":106,"column":21}},{"start":{"line":106,"column":21},"end":{"line":106,"column":44}}],"line":106},"10":{"loc":{"start":{"line":129,"column":4},"end":{"line":131,"column":null}},"type":"if","locations":[{"start":{"line":129,"column":4},"end":{"line":131,"column":null}},{"start":{},"end":{}}],"line":129},"11":{"loc":{"start":{"line":203,"column":8},"end":{"line":206,"column":null}},"type":"if","locations":[{"start":{"line":203,"column":8},"end":{"line":206,"column":null}},{"start":{},"end":{}}],"line":203},"12":{"loc":{"start":{"line":270,"column":4},"end":{"line":281,"column":null}},"type":"if","locations":[{"start":{"line":270,"column":4},"end":{"line":281,"column":null}},{"start":{"line":272,"column":11},"end":{"line":281,"column":null}}],"line":270},"13":{"loc":{"start":{"line":274,"column":22},"end":{"line":274,"column":null}},"type":"binary-expr","locations":[{"start":{"line":274,"column":22},"end":{"line":274,"column":38}},{"start":{"line":274,"column":38},"end":{"line":274,"column":55}},{"start":{"line":274,"column":55},"end":{"line":274,"column":null}}],"line":274},"14":{"loc":{"start":{"line":275,"column":6},"end":{"line":280,"column":null}},"type":"if","locations":[{"start":{"line":275,"column":6},"end":{"line":280,"column":null}},{"start":{"line":278,"column":13},"end":{"line":280,"column":null}}],"line":275},"15":{"loc":{"start":{"line":276,"column":8},"end":{"line":276,"column":null}},"type":"if","locations":[{"start":{"line":276,"column":8},"end":{"line":276,"column":null}},{"start":{},"end":{}}],"line":276},"16":{"loc":{"start":{"line":285,"column":2},"end":{"line":285,"column":null}},"type":"if","locations":[{"start":{"line":285,"column":2},"end":{"line":285,"column":null}},{"start":{},"end":{}}],"line":285},"17":{"loc":{"start":{"line":313,"column":4},"end":{"line":315,"column":null}},"type":"if","locations":[{"start":{"line":313,"column":4},"end":{"line":315,"column":null}},{"start":{},"end":{}}],"line":313},"18":{"loc":{"start":{"line":320,"column":4},"end":{"line":325,"column":null}},"type":"if","locations":[{"start":{"line":320,"column":4},"end":{"line":325,"column":null}},{"start":{},"end":{}}],"line":320},"19":{"loc":{"start":{"line":339,"column":4},"end":{"line":345,"column":null}},"type":"if","locations":[{"start":{"line":339,"column":4},"end":{"line":345,"column":null}},{"start":{},"end":{}}],"line":339},"20":{"loc":{"start":{"line":342,"column":22},"end":{"line":342,"column":null}},"type":"cond-expr","locations":[{"start":{"line":342,"column":57},"end":{"line":342,"column":74}},{"start":{"line":342,"column":74},"end":{"line":342,"column":null}}],"line":342},"21":{"loc":{"start":{"line":342,"column":22},"end":{"line":342,"column":57}},"type":"binary-expr","locations":[{"start":{"line":342,"column":22},"end":{"line":342,"column":35}},{"start":{"line":342,"column":35},"end":{"line":342,"column":57}}],"line":342},"22":{"loc":{"start":{"line":354,"column":4},"end":{"line":431,"column":null}},"type":"if","locations":[{"start":{"line":354,"column":4},"end":{"line":431,"column":null}},{"start":{},"end":{}}],"line":354},"23":{"loc":{"start":{"line":354,"column":8},"end":{"line":354,"column":116}},"type":"binary-expr","locations":[{"start":{"line":354,"column":8},"end":{"line":354,"column":48}},{"start":{"line":354,"column":48},"end":{"line":354,"column":89}},{"start":{"line":354,"column":89},"end":{"line":354,"column":116}}],"line":354},"24":{"loc":{"start":{"line":355,"column":6},"end":{"line":357,"column":null}},"type":"if","locations":[{"start":{"line":355,"column":6},"end":{"line":357,"column":null}},{"start":{},"end":{}}],"line":355},"25":{"loc":{"start":{"line":371,"column":10},"end":{"line":371,"column":null}},"type":"if","locations":[{"start":{"line":371,"column":10},"end":{"line":371,"column":null}},{"start":{},"end":{}}],"line":371},"26":{"loc":{"start":{"line":375,"column":10},"end":{"line":383,"column":null}},"type":"if","locations":[{"start":{"line":375,"column":10},"end":{"line":383,"column":null}},{"start":{},"end":{}}],"line":375},"27":{"loc":{"start":{"line":376,"column":12},"end":{"line":376,"column":null}},"type":"if","locations":[{"start":{"line":376,"column":12},"end":{"line":376,"column":null}},{"start":{},"end":{}}],"line":376},"28":{"loc":{"start":{"line":377,"column":12},"end":{"line":377,"column":null}},"type":"if","locations":[{"start":{"line":377,"column":12},"end":{"line":377,"column":null}},{"start":{},"end":{}}],"line":377},"29":{"loc":{"start":{"line":385,"column":10},"end":{"line":385,"column":null}},"type":"if","locations":[{"start":{"line":385,"column":10},"end":{"line":385,"column":null}},{"start":{},"end":{}}],"line":385},"30":{"loc":{"start":{"line":387,"column":10},"end":{"line":387,"column":null}},"type":"if","locations":[{"start":{"line":387,"column":10},"end":{"line":387,"column":null}},{"start":{},"end":{}}],"line":387},"31":{"loc":{"start":{"line":390,"column":10},"end":{"line":397,"column":null}},"type":"if","locations":[{"start":{"line":390,"column":10},"end":{"line":397,"column":null}},{"start":{},"end":{}}],"line":390},"32":{"loc":{"start":{"line":390,"column":14},"end":{"line":390,"column":53}},"type":"binary-expr","locations":[{"start":{"line":390,"column":14},"end":{"line":390,"column":36}},{"start":{"line":390,"column":36},"end":{"line":390,"column":53}}],"line":390},"33":{"loc":{"start":{"line":391,"column":12},"end":{"line":396,"column":null}},"type":"if","locations":[{"start":{"line":391,"column":12},"end":{"line":396,"column":null}},{"start":{},"end":{}}],"line":391},"34":{"loc":{"start":{"line":391,"column":16},"end":{"line":391,"column":77}},"type":"binary-expr","locations":[{"start":{"line":391,"column":16},"end":{"line":391,"column":49}},{"start":{"line":391,"column":49},"end":{"line":391,"column":77}}],"line":391},"35":{"loc":{"start":{"line":393,"column":14},"end":{"line":395,"column":null}},"type":"if","locations":[{"start":{"line":393,"column":14},"end":{"line":395,"column":null}},{"start":{},"end":{}}],"line":393},"36":{"loc":{"start":{"line":426,"column":6},"end":{"line":428,"column":null}},"type":"if","locations":[{"start":{"line":426,"column":6},"end":{"line":428,"column":null}},{"start":{},"end":{}}],"line":426},"37":{"loc":{"start":{"line":434,"column":4},"end":{"line":443,"column":null}},"type":"if","locations":[{"start":{"line":434,"column":4},"end":{"line":443,"column":null}},{"start":{},"end":{}}],"line":434},"38":{"loc":{"start":{"line":436,"column":22},"end":{"line":436,"column":null}},"type":"cond-expr","locations":[{"start":{"line":436,"column":57},"end":{"line":436,"column":74}},{"start":{"line":436,"column":74},"end":{"line":436,"column":null}}],"line":436},"39":{"loc":{"start":{"line":436,"column":22},"end":{"line":436,"column":57}},"type":"binary-expr","locations":[{"start":{"line":436,"column":22},"end":{"line":436,"column":35}},{"start":{"line":436,"column":35},"end":{"line":436,"column":57}}],"line":436}},"s":{"0":3,"1":1,"2":1,"3":1,"4":1,"5":1,"6":2,"7":2,"8":2,"9":1,"10":1,"11":1,"12":1,"13":2,"14":0,"15":0,"16":5,"17":5,"18":5,"19":1,"20":4,"21":1,"22":1,"23":1,"24":3,"25":3,"26":3,"27":1,"28":2,"29":2,"30":2,"31":2,"32":2,"33":2,"34":2,"35":0,"36":2,"37":2,"38":0,"39":0,"40":0,"41":0,"42":0,"43":0,"44":0,"45":0,"46":0,"47":0,"48":0,"49":0,"50":0,"51":0,"52":0,"53":0,"54":0,"55":0,"56":0,"57":0,"58":0,"59":0,"60":0,"61":0,"62":0,"63":0,"64":0,"65":0,"66":0,"67":0,"68":0,"69":1,"70":1,"71":1,"72":1,"73":1,"74":1,"75":1,"76":0,"77":0,"78":0,"79":0,"80":0,"81":0,"82":0,"83":1,"84":1,"85":1,"86":1,"87":0,"88":1,"89":0,"90":1,"91":2,"92":2,"93":2,"94":2,"95":3,"96":3,"97":0,"98":3,"99":0,"100":3,"101":3,"102":2,"103":2,"104":2,"105":2,"106":1,"107":1,"108":1,"109":1,"110":0,"111":1,"112":1,"113":1,"114":1,"115":1,"116":1,"117":1,"118":0,"119":1,"120":1,"121":0,"122":0,"123":0,"124":0,"125":0,"126":0,"127":1,"128":0,"129":1,"130":1,"131":0,"132":1,"133":1,"134":1,"135":0,"136":0,"137":0,"138":1,"139":1,"140":1,"141":1,"142":1,"143":1,"144":1,"145":1,"146":0,"147":1,"148":0,"149":0,"150":0,"151":0,"152":0,"153":0,"154":0,"155":1},"f":{"0":3,"1":2,"2":2,"3":5,"4":2,"5":2,"6":0,"7":0,"8":0,"9":0,"10":0,"11":0,"12":1,"13":2,"14":2,"15":1,"16":1,"17":1,"18":1,"19":0},"b":{"0":[3,3],"1":[1,1],"2":[1,1],"3":[1,1],"4":[1,1],"5":[1,4],"6":[1,3],"7":[3],"8":[1,2],"9":[3,3],"10":[0,2],"11":[0,0],"12":[1,0],"13":[0,0,0],"14":[0,0],"15":[0,0],"16":[1,0],"17":[0,3],"18":[0,3],"19":[2,1],"20":[2,0],"21":[2,2],"22":[1,0],"23":[1,0,0],"24":[0,1],"25":[0,1],"26":[0,1],"27":[0,0],"28":[0,0],"29":[0,1],"30":[0,1],"31":[1,0],"32":[1,1],"33":[0,1],"34":[1,1],"35":[0,0],"36":[0,1],"37":[0,0],"38":[0,0],"39":[0,0]},"meta":{"lastBranch":40,"lastFunction":20,"lastStatement":156,"seen":{"f:18:9:18:41":0,"s:19:2:21:Infinity":0,"b:20:12:20:45:20:45:20:Infinity":0,"s:24:20:24:Infinity":1,"b:24:20:24:47:24:47:24:Infinity":1,"s:25:25:25:Infinity":2,"b:25:34:25:66:25:66:25:74":2,"s:26:26:26:Infinity":3,"b:26:37:26:70:26:70:26:75":3,"s:29:22:29:Infinity":4,"s:49:28:49:Infinity":5,"f:54:22:54:28":1,"s:55:2:77:Infinity":6,"s:56:23:56:Infinity":7,"b:58:4:60:Infinity:undefined:undefined:undefined:undefined":4,"s:58:4:60:Infinity":8,"s:59:6:59:Infinity":9,"s:62:10:62:Infinity":10,"s:63:18:63:Infinity":11,"s:65:4:70:Infinity":12,"f:69:23:69:24":2,"s:69:30:69:36":13,"s:72:4:72:Infinity":14,"s:73:4:76:Infinity":15,"f:83:22:83:27":3,"s:84:2:150:Infinity":16,"s:86:23:86:Infinity":17,"b:88:4:90:Infinity:undefined:undefined:undefined:undefined":5,"s:88:4:90:Infinity":18,"s:89:6:89:Infinity":19,"b:93:4:100:Infinity:undefined:undefined:undefined:undefined":6,"s:93:4:100:Infinity":20,"s:94:6:94:Infinity":21,"s:95:31:95:Infinity":22,"s:96:6:99:Infinity":23,"s:103:30:103:Infinity":24,"s:104:40:104:Infinity":25,"b:104:31:104:36":7,"b:106:4:111:Infinity:undefined:undefined:undefined:undefined":8,"s:106:4:111:Infinity":26,"b:106:8:106:21:106:21:106:44":9,"s:107:6:110:Infinity":27,"s:114:4:114:Infinity":28,"s:117:10:117:Infinity":29,"s:118:18:118:Infinity":30,"s:121:65:126:Infinity":31,"f:122:14:122:15":4,"s:122:23:122:44":32,"f:123:11:123:12":5,"s:123:21:126:8":33,"b:129:4:131:Infinity:undefined:undefined:undefined:undefined":10,"s:129:4:131:Infinity":34,"s:130:6:130:Infinity":35,"s:134:21:134:Infinity":36,"s:136:4:141:Infinity":37,"s:143:4:143:Infinity":38,"s:144:22:144:Infinity":39,"s:146:4:149:Infinity":40,"f:156:9:156:Infinity":6,"s:162:18:162:Infinity":41,"s:164:17:219:Infinity":42,"f:165:10:165:16":7,"s:167:32:173:Infinity":43,"f:167:44:167:50":8,"s:168:8:172:Infinity":44,"s:169:10:169:Infinity":45,"s:171:10:171:Infinity":46,"s:175:6:217:Infinity":47,"s:177:8:177:Infinity":48,"s:180:25:187:Infinity":49,"f:181:10:181:11":9,"s:182:12:182:Infinity":50,"f:184:10:184:11":10,"s:185:12:185:Infinity":51,"s:190:8:196:Infinity":52,"s:198:8:198:Infinity":53,"s:199:8:199:Infinity":54,"s:201:8:201:Infinity":55,"b:203:8:206:Infinity:undefined:undefined:undefined:undefined":11,"s:203:8:206:Infinity":56,"s:204:10:204:Infinity":57,"s:204:16:204:36":58,"s:205:10:205:Infinity":59,"s:208:8:208:Infinity":60,"s:209:26:209:Infinity":61,"s:211:8:214:Infinity":62,"s:216:8:216:Infinity":63,"s:216:14:216:34":64,"s:221:2:227:Infinity":65,"f:233:9:233:Infinity":11,"s:238:2:243:Infinity":66,"s:239:20:239:Infinity":67,"s:240:4:240:Infinity":68,"s:247:20:252:Infinity":69,"f:262:9:262:Infinity":12,"s:265:54:265:Infinity":70,"s:266:22:266:Infinity":71,"s:267:57:267:Infinity":72,"s:269:2:282:Infinity":73,"b:270:4:281:Infinity:272:11:281:Infinity":12,"s:270:4:281:Infinity":74,"s:271:6:271:Infinity":75,"s:273:20:273:Infinity":76,"s:274:22:274:Infinity":77,"b:274:22:274:38:274:38:274:55:274:55:274:Infinity":13,"b:275:6:280:Infinity:278:13:280:Infinity":14,"s:275:6:280:Infinity":78,"b:276:8:276:Infinity:undefined:undefined:undefined:undefined":15,"s:276:8:276:Infinity":79,"s:276:38:276:Infinity":80,"s:277:8:277:Infinity":81,"s:279:8:279:Infinity":82,"s:284:54:284:Infinity":83,"b:285:2:285:Infinity:undefined:undefined:undefined:undefined":16,"s:285:2:285:Infinity":84,"s:285:27:285:Infinity":85,"s:286:2:286:Infinity":86,"s:286:44:286:Infinity":87,"s:287:2:287:Infinity":88,"s:287:35:287:Infinity":89,"s:288:2:288:Infinity":90,"f:294:15:294:Infinity":13,"s:302:8:302:Infinity":91,"s:304:24:304:Infinity":92,"s:305:19:305:Infinity":93,"s:309:2:447:Infinity":94,"s:310:4:310:Infinity":95,"b:313:4:315:Infinity:undefined:undefined:undefined:undefined":17,"s:313:4:315:Infinity":96,"s:314:6:314:Infinity":97,"b:320:4:325:Infinity:undefined:undefined:undefined:undefined":18,"s:320:4:325:Infinity":98,"s:321:6:324:Infinity":99,"s:328:21:336:Infinity":100,"b:339:4:345:Infinity:undefined:undefined:undefined:undefined":19,"s:339:4:345:Infinity":101,"s:341:24:341:Infinity":102,"f:341:46:341:47":14,"s:341:57:341:78":103,"s:342:22:342:Infinity":104,"b:342:57:342:74:342:74:342:Infinity":20,"b:342:22:342:35:342:35:342:57":21,"s:344:6:344:Infinity":105,"s:350:26:352:Infinity":106,"f:351:6:351:7":15,"s:351:59:351:Infinity":107,"b:354:4:431:Infinity:undefined:undefined:undefined:undefined":22,"s:354:4:431:Infinity":108,"b:354:8:354:48:354:48:354:89:354:89:354:116":23,"b:355:6:357:Infinity:undefined:undefined:undefined:undefined":24,"s:355:6:357:Infinity":109,"s:356:8:356:Infinity":110,"s:363:24:363:Infinity":111,"s:364:21:364:Infinity":112,"s:366:6:404:Infinity":113,"f:366:35:366:42":16,"s:367:8:403:Infinity":114,"s:368:27:368:Infinity":115,"s:369:28:369:Infinity":116,"b:371:10:371:Infinity:undefined:undefined:undefined:undefined":25,"s:371:10:371:Infinity":117,"s:371:24:371:Infinity":118,"s:373:27:373:Infinity":119,"b:375:10:383:Infinity:undefined:undefined:undefined:undefined":26,"s:375:10:383:Infinity":120,"b:376:12:376:Infinity:undefined:undefined:undefined:undefined":27,"s:376:12:376:Infinity":121,"s:376:29:376:Infinity":122,"b:377:12:377:Infinity:undefined:undefined:undefined:undefined":28,"s:377:12:377:Infinity":123,"s:377:29:377:Infinity":124,"s:378:12:381:Infinity":125,"s:382:12:382:Infinity":126,"b:385:10:385:Infinity:undefined:undefined:undefined:undefined":29,"s:385:10:385:Infinity":127,"s:385:27:385:Infinity":128,"s:386:29:386:Infinity":129,"b:387:10:387:Infinity:undefined:undefined:undefined:undefined":30,"s:387:10:387:Infinity":130,"s:387:27:387:Infinity":131,"s:388:10:388:Infinity":132,"b:390:10:397:Infinity:undefined:undefined:undefined:undefined":31,"s:390:10:397:Infinity":133,"b:390:14:390:36:390:36:390:53":32,"b:391:12:396:Infinity:undefined:undefined:undefined:undefined":33,"s:391:12:396:Infinity":134,"b:391:16:391:49:391:49:391:77":34,"s:392:27:392:Infinity":135,"b:393:14:395:Infinity:undefined:undefined:undefined:undefined":35,"s:393:14:395:Infinity":136,"s:394:16:394:Infinity":137,"s:399:10:402:Infinity":138,"s:407:6:407:Infinity":139,"s:408:26:408:Infinity":140,"f:408:44:408:45":17,"s:408:55:408:79":141,"s:411:6:414:Infinity":142,"s:417:6:424:Infinity":143,"f:419:33:419:34":18,"s:419:41:423:10":144,"b:426:6:428:Infinity:undefined:undefined:undefined:undefined":36,"s:426:6:428:Infinity":145,"s:427:8:427:Infinity":146,"s:430:6:430:Infinity":147,"b:434:4:443:Infinity:undefined:undefined:undefined:undefined":37,"s:434:4:443:Infinity":148,"s:435:24:435:Infinity":149,"f:435:46:435:47":19,"s:435:57:435:78":150,"s:436:22:436:Infinity":151,"b:436:57:436:74:436:74:436:Infinity":38,"b:436:22:436:35:436:35:436:57":39,"s:438:6:442:Infinity":152,"s:446:4:446:Infinity":153,"s:449:2:449:Infinity":154,"s:454:27:454:Infinity":155}}}
,"/home/alonsooteroseminario/source/repos/journey-tracker/src/app/api/cron/check-streaks/route.ts": {"path":"/home/alonsooteroseminario/source/repos/journey-tracker/src/app/api/cron/check-streaks/route.ts","statementMap":{"0":{"start":{"line":10,"column":2},"end":{"line":35,"column":null}},"1":{"start":{"line":12,"column":23},"end":{"line":12,"column":null}},"2":{"start":{"line":13,"column":4},"end":{"line":15,"column":null}},"3":{"start":{"line":14,"column":6},"end":{"line":14,"column":null}},"4":{"start":{"line":17,"column":20},"end":{"line":17,"column":null}},"5":{"start":{"line":19,"column":4},"end":{"line":24,"column":null}},"6":{"start":{"line":26,"column":4},"end":{"line":26,"column":null}},"7":{"start":{"line":27,"column":4},"end":{"line":34,"column":null}}},"fnMap":{"0":{"name":"GET","decl":{"start":{"line":9,"column":22},"end":{"line":9,"column":26}},"loc":{"start":{"line":9,"column":44},"end":{"line":36,"column":null}},"line":9}},"branchMap":{"0":{"loc":{"start":{"line":13,"column":4},"end":{"line":15,"column":null}},"type":"if","locations":[{"start":{"line":13,"column":4},"end":{"line":15,"column":null}},{"start":{},"end":{}}],"line":13},"1":{"loc":{"start":{"line":31,"column":17},"end":{"line":31,"column":null}},"type":"cond-expr","locations":[{"start":{"line":31,"column":42},"end":{"line":31,"column":58}},{"start":{"line":31,"column":58},"end":{"line":31,"column":null}}],"line":31}},"s":{"0":4,"1":4,"2":4,"3":1,"4":3,"5":2,"6":1,"7":1},"f":{"0":4},"b":{"0":[1,3],"1":[1,0]},"meta":{"lastBranch":2,"lastFunction":1,"lastStatement":8,"seen":{"f:9:22:9:26":0,"s:10:2:35:Infinity":0,"s:12:23:12:Infinity":1,"b:13:4:15:Infinity:undefined:undefined:undefined:undefined":0,"s:13:4:15:Infinity":2,"s:14:6:14:Infinity":3,"s:17:20:17:Infinity":4,"s:19:4:24:Infinity":5,"s:26:4:26:Infinity":6,"s:27:4:34:Infinity":7,"b:31:42:31:58:31:58:31:Infinity":1}}}
,"/home/alonsooteroseminario/source/repos/journey-tracker/src/app/api/cron/daily-reminders/route.ts": {"path":"/home/alonsooteroseminario/source/repos/journey-tracker/src/app/api/cron/daily-reminders/route.ts","statementMap":{"0":{"start":{"line":11,"column":2},"end":{"line":80,"column":null}},"1":{"start":{"line":13,"column":23},"end":{"line":13,"column":null}},"2":{"start":{"line":14,"column":4},"end":{"line":16,"column":null}},"3":{"start":{"line":15,"column":6},"end":{"line":15,"column":null}},"4":{"start":{"line":19,"column":29},"end":{"line":28,"column":null}},"5":{"start":{"line":30,"column":89},"end":{"line":30,"column":null}},"6":{"start":{"line":32,"column":4},"end":{"line":44,"column":null}},"7":{"start":{"line":34,"column":12},"end":{"line":34,"column":null}},"8":{"start":{"line":35,"column":31},"end":{"line":35,"column":null}},"9":{"start":{"line":37,"column":6},"end":{"line":43,"column":null}},"10":{"start":{"line":38,"column":8},"end":{"line":42,"column":null}},"11":{"start":{"line":47,"column":26},"end":{"line":55,"column":null}},"12":{"start":{"line":47,"column":47},"end":{"line":54,"column":null}},"13":{"start":{"line":52,"column":8},"end":{"line":52,"column":null}},"14":{"start":{"line":53,"column":8},"end":{"line":53,"column":null}},"15":{"start":{"line":57,"column":20},"end":{"line":57,"column":null}},"16":{"start":{"line":58,"column":17},"end":{"line":58,"column":null}},"17":{"start":{"line":58,"column":39},"end":{"line":58,"column":48}},"18":{"start":{"line":59,"column":19},"end":{"line":59,"column":null}},"19":{"start":{"line":61,"column":4},"end":{"line":70,"column":null}},"20":{"start":{"line":72,"column":4},"end":{"line":72,"column":null}},"21":{"start":{"line":73,"column":4},"end":{"line":79,"column":null}}},"fnMap":{"0":{"name":"GET","decl":{"start":{"line":10,"column":22},"end":{"line":10,"column":26}},"loc":{"start":{"line":10,"column":44},"end":{"line":81,"column":null}},"line":10},"1":{"name":"(anonymous_1)","decl":{"start":{"line":47,"column":46},"end":{"line":47,"column":47}},"loc":{"start":{"line":47,"column":47},"end":{"line":54,"column":null}},"line":47},"2":{"name":"(anonymous_2)","decl":{"start":{"line":51,"column":15},"end":{"line":51,"column":16}},"loc":{"start":{"line":51,"column":24},"end":{"line":54,"column":7}},"line":51},"3":{"name":"(anonymous_3)","decl":{"start":{"line":58,"column":32},"end":{"line":58,"column":33}},"loc":{"start":{"line":58,"column":39},"end":{"line":58,"column":48}},"line":58}},"branchMap":{"0":{"loc":{"start":{"line":14,"column":4},"end":{"line":16,"column":null}},"type":"if","locations":[{"start":{"line":14,"column":4},"end":{"line":16,"column":null}},{"start":{},"end":{}}],"line":14},"1":{"loc":{"start":{"line":37,"column":6},"end":{"line":43,"column":null}},"type":"if","locations":[{"start":{"line":37,"column":6},"end":{"line":43,"column":null}},{"start":{},"end":{}}],"line":37},"2":{"loc":{"start":{"line":76,"column":17},"end":{"line":76,"column":null}},"type":"cond-expr","locations":[{"start":{"line":76,"column":42},"end":{"line":76,"column":58}},{"start":{"line":76,"column":58},"end":{"line":76,"column":null}}],"line":76}},"s":{"0":4,"1":4,"2":4,"3":1,"4":3,"5":3,"6":3,"7":3,"8":3,"9":3,"10":2,"11":3,"12":2,"13":1,"14":1,"15":3,"16":3,"17":2,"18":3,"19":3,"20":0,"21":0},"f":{"0":4,"1":2,"2":1,"3":2},"b":{"0":[1,3],"1":[2,1],"2":[0,0]},"meta":{"lastBranch":3,"lastFunction":4,"lastStatement":22,"seen":{"f:10:22:10:26":0,"s:11:2:80:Infinity":0,"s:13:23:13:Infinity":1,"b:14:4:16:Infinity:undefined:undefined:undefined:undefined":0,"s:14:4:16:Infinity":2,"s:15:6:15:Infinity":3,"s:19:29:28:Infinity":4,"s:30:89:30:Infinity":5,"s:32:4:44:Infinity":6,"s:34:12:34:Infinity":7,"s:35:31:35:Infinity":8,"b:37:6:43:Infinity:undefined:undefined:undefined:undefined":1,"s:37:6:43:Infinity":9,"s:38:8:42:Infinity":10,"s:47:26:55:Infinity":11,"f:47:46:47:47":1,"s:47:47:54:Infinity":12,"f:51:15:51:16":2,"s:52:8:52:Infinity":13,"s:53:8:53:Infinity":14,"s:57:20:57:Infinity":15,"s:58:17:58:Infinity":16,"f:58:32:58:33":3,"s:58:39:58:48":17,"s:59:19:59:Infinity":18,"s:61:4:70:Infinity":19,"s:72:4:72:Infinity":20,"s:73:4:79:Infinity":21,"b:76:42:76:58:76:58:76:Infinity":2}}}
,"/home/alonsooteroseminario/source/repos/journey-tracker/src/app/api/email-preferences/route.ts": {"path":"/home/alonsooteroseminario/source/repos/journey-tracker/src/app/api/email-preferences/route.ts","statementMap":{"0":{"start":{"line":6,"column":32},"end":{"line":20,"column":null}},"1":{"start":{"line":27,"column":2},"end":{"line":51,"column":null}},"2":{"start":{"line":28,"column":17},"end":{"line":28,"column":null}},"3":{"start":{"line":29,"column":4},"end":{"line":31,"column":null}},"4":{"start":{"line":30,"column":6},"end":{"line":30,"column":null}},"5":{"start":{"line":34,"column":22},"end":{"line":36,"column":null}},"6":{"start":{"line":38,"column":4},"end":{"line":42,"column":null}},"7":{"start":{"line":39,"column":6},"end":{"line":41,"column":null}},"8":{"start":{"line":44,"column":4},"end":{"line":44,"column":null}},"9":{"start":{"line":46,"column":4},"end":{"line":46,"column":null}},"10":{"start":{"line":47,"column":4},"end":{"line":50,"column":null}},"11":{"start":{"line":59,"column":2},"end":{"line":103,"column":null}},"12":{"start":{"line":60,"column":17},"end":{"line":60,"column":null}},"13":{"start":{"line":61,"column":4},"end":{"line":63,"column":null}},"14":{"start":{"line":62,"column":6},"end":{"line":62,"column":null}},"15":{"start":{"line":65,"column":17},"end":{"line":65,"column":null}},"16":{"start":{"line":66,"column":22},"end":{"line":66,"column":null}},"17":{"start":{"line":69,"column":22},"end":{"line":71,"column":null}},"18":{"start":{"line":73,"column":4},"end":{"line":87,"column":null}},"19":{"start":{"line":75,"column":6},"end":{"line":80,"column":null}},"20":{"start":{"line":83,"column":6},"end":{"line":86,"column":null}},"21":{"start":{"line":89,"column":4},"end":{"line":89,"column":null}},"22":{"start":{"line":91,"column":4},"end":{"line":96,"column":null}},"23":{"start":{"line":92,"column":6},"end":{"line":95,"column":null}},"24":{"start":{"line":98,"column":4},"end":{"line":98,"column":null}},"25":{"start":{"line":99,"column":4},"end":{"line":102,"column":null}}},"fnMap":{"0":{"name":"GET","decl":{"start":{"line":26,"column":22},"end":{"line":26,"column":28}},"loc":{"start":{"line":26,"column":28},"end":{"line":52,"column":null}},"line":26},"1":{"name":"PATCH","decl":{"start":{"line":58,"column":22},"end":{"line":58,"column":28}},"loc":{"start":{"line":58,"column":46},"end":{"line":104,"column":null}},"line":58}},"branchMap":{"0":{"loc":{"start":{"line":29,"column":4},"end":{"line":31,"column":null}},"type":"if","locations":[{"start":{"line":29,"column":4},"end":{"line":31,"column":null}},{"start":{},"end":{}}],"line":29},"1":{"loc":{"start":{"line":38,"column":4},"end":{"line":42,"column":null}},"type":"if","locations":[{"start":{"line":38,"column":4},"end":{"line":42,"column":null}},{"start":{},"end":{}}],"line":38},"2":{"loc":{"start":{"line":61,"column":4},"end":{"line":63,"column":null}},"type":"if","locations":[{"start":{"line":61,"column":4},"end":{"line":63,"column":null}},{"start":{},"end":{}}],"line":61},"3":{"loc":{"start":{"line":73,"column":4},"end":{"line":87,"column":null}},"type":"if","locations":[{"start":{"line":73,"column":4},"end":{"line":87,"column":null}},{"start":{"line":81,"column":11},"end":{"line":87,"column":null}}],"line":73},"4":{"loc":{"start":{"line":91,"column":4},"end":{"line":96,"column":null}},"type":"if","locations":[{"start":{"line":91,"column":4},"end":{"line":96,"column":null}},{"start":{},"end":{}}],"line":91}},"s":{"0":1,"1":3,"2":3,"3":3,"4":1,"5":2,"6":2,"7":1,"8":2,"9":0,"10":0,"11":4,"12":4,"13":4,"14":1,"15":3,"16":3,"17":3,"18":2,"19":1,"20":1,"21":2,"22":1,"23":1,"24":0,"25":0},"f":{"0":3,"1":4},"b":{"0":[1,2],"1":[1,1],"2":[1,3],"3":[1,1],"4":[1,0]},"meta":{"lastBranch":5,"lastFunction":2,"lastStatement":26,"seen":{"s:6:32:20:Infinity":0,"f:26:22:26:28":0,"s:27:2:51:Infinity":1,"s:28:17:28:Infinity":2,"b:29:4:31:Infinity:undefined:undefined:undefined:undefined":0,"s:29:4:31:Infinity":3,"s:30:6:30:Infinity":4,"s:34:22:36:Infinity":5,"b:38:4:42:Infinity:undefined:undefined:undefined:undefined":1,"s:38:4:42:Infinity":6,"s:39:6:41:Infinity":7,"s:44:4:44:Infinity":8,"s:46:4:46:Infinity":9,"s:47:4:50:Infinity":10,"f:58:22:58:28":1,"s:59:2:103:Infinity":11,"s:60:17:60:Infinity":12,"b:61:4:63:Infinity:undefined:undefined:undefined:undefined":2,"s:61:4:63:Infinity":13,"s:62:6:62:Infinity":14,"s:65:17:65:Infinity":15,"s:66:22:66:Infinity":16,"s:69:22:71:Infinity":17,"b:73:4:87:Infinity:81:11:87:Infinity":3,"s:73:4:87:Infinity":18,"s:75:6:80:Infinity":19,"s:83:6:86:Infinity":20,"s:89:4:89:Infinity":21,"b:91:4:96:Infinity:undefined:undefined:undefined:undefined":4,"s:91:4:96:Infinity":22,"s:92:6:95:Infinity":23,"s:98:4:98:Infinity":24,"s:99:4:102:Infinity":25}}}
,"/home/alonsooteroseminario/source/repos/journey-tracker/src/app/api/feed/route.ts": {"path":"/home/alonsooteroseminario/source/repos/journey-tracker/src/app/api/feed/route.ts","statementMap":{"0":{"start":{"line":6,"column":29},"end":{"line":37,"column":null}},"1":{"start":{"line":44,"column":2},"end":{"line":130,"column":null}},"2":{"start":{"line":45,"column":17},"end":{"line":45,"column":null}},"3":{"start":{"line":46,"column":4},"end":{"line":48,"column":null}},"4":{"start":{"line":47,"column":6},"end":{"line":47,"column":null}},"5":{"start":{"line":50,"column":29},"end":{"line":50,"column":null}},"6":{"start":{"line":51,"column":18},"end":{"line":51,"column":null}},"7":{"start":{"line":52,"column":19},"end":{"line":52,"column":null}},"8":{"start":{"line":55,"column":24},"end":{"line":58,"column":null}},"9":{"start":{"line":60,"column":22},"end":{"line":60,"column":null}},"10":{"start":{"line":60,"column":45},"end":{"line":60,"column":55}},"11":{"start":{"line":61,"column":20},"end":{"line":61,"column":null}},"12":{"start":{"line":64,"column":22},"end":{"line":112,"column":null}},"13":{"start":{"line":115,"column":29},"end":{"line":121,"column":null}},"14":{"start":{"line":115,"column":54},"end":{"line":121,"column":6}},"15":{"start":{"line":120,"column":46},"end":{"line":120,"column":70}},"16":{"start":{"line":123,"column":4},"end":{"line":123,"column":null}},"17":{"start":{"line":125,"column":4},"end":{"line":125,"column":null}},"18":{"start":{"line":126,"column":4},"end":{"line":129,"column":null}},"19":{"start":{"line":138,"column":2},"end":{"line":188,"column":null}},"20":{"start":{"line":139,"column":17},"end":{"line":139,"column":null}},"21":{"start":{"line":140,"column":4},"end":{"line":142,"column":null}},"22":{"start":{"line":141,"column":6},"end":{"line":141,"column":null}},"23":{"start":{"line":144,"column":17},"end":{"line":144,"column":null}},"24":{"start":{"line":145,"column":22},"end":{"line":145,"column":null}},"25":{"start":{"line":147,"column":21},"end":{"line":164,"column":null}},"26":{"start":{"line":166,"column":4},"end":{"line":174,"column":null}},"27":{"start":{"line":176,"column":4},"end":{"line":181,"column":null}},"28":{"start":{"line":177,"column":6},"end":{"line":180,"column":null}},"29":{"start":{"line":183,"column":4},"end":{"line":183,"column":null}},"30":{"start":{"line":184,"column":4},"end":{"line":187,"column":null}}},"fnMap":{"0":{"name":"GET","decl":{"start":{"line":43,"column":22},"end":{"line":43,"column":26}},"loc":{"start":{"line":43,"column":44},"end":{"line":131,"column":null}},"line":43},"1":{"name":"(anonymous_1)","decl":{"start":{"line":60,"column":38},"end":{"line":60,"column":39}},"loc":{"start":{"line":60,"column":45},"end":{"line":60,"column":55}},"line":60},"2":{"name":"(anonymous_2)","decl":{"start":{"line":115,"column":43},"end":{"line":115,"column":44}},"loc":{"start":{"line":115,"column":54},"end":{"line":121,"column":6}},"line":115},"3":{"name":"(anonymous_3)","decl":{"start":{"line":120,"column":35},"end":{"line":120,"column":36}},"loc":{"start":{"line":120,"column":46},"end":{"line":120,"column":70}},"line":120},"4":{"name":"POST","decl":{"start":{"line":137,"column":22},"end":{"line":137,"column":27}},"loc":{"start":{"line":137,"column":45},"end":{"line":189,"column":null}},"line":137}},"branchMap":{"0":{"loc":{"start":{"line":46,"column":4},"end":{"line":48,"column":null}},"type":"if","locations":[{"start":{"line":46,"column":4},"end":{"line":48,"column":null}},{"start":{},"end":{}}],"line":46},"1":{"loc":{"start":{"line":51,"column":36},"end":{"line":51,"column":69}},"type":"binary-expr","locations":[{"start":{"line":51,"column":36},"end":{"line":51,"column":65}},{"start":{"line":51,"column":65},"end":{"line":51,"column":69}}],"line":51},"2":{"loc":{"start":{"line":52,"column":28},"end":{"line":52,"column":61}},"type":"binary-expr","locations":[{"start":{"line":52,"column":28},"end":{"line":52,"column":58}},{"start":{"line":52,"column":58},"end":{"line":52,"column":61}}],"line":52},"3":{"loc":{"start":{"line":140,"column":4},"end":{"line":142,"column":null}},"type":"if","locations":[{"start":{"line":140,"column":4},"end":{"line":142,"column":null}},{"start":{},"end":{}}],"line":140},"4":{"loc":{"start":{"line":152,"column":18},"end":{"line":152,"column":null}},"type":"binary-expr","locations":[{"start":{"line":152,"column":18},"end":{"line":152,"column":40}},{"start":{"line":152,"column":40},"end":{"line":152,"column":null}}],"line":152},"5":{"loc":{"start":{"line":176,"column":4},"end":{"line":181,"column":null}},"type":"if","locations":[{"start":{"line":176,"column":4},"end":{"line":181,"column":null}},{"start":{},"end":{}}],"line":176}},"s":{"0":1,"1":4,"2":4,"3":4,"4":1,"5":3,"6":3,"7":4,"8":4,"9":3,"10":2,"11":3,"12":3,"13":3,"14":2,"15":1,"16":3,"17":0,"18":0,"19":3,"20":3,"21":3,"22":1,"23":2,"24":2,"25":2,"26":1,"27":1,"28":1,"29":0,"30":0},"f":{"0":4,"1":2,"2":2,"3":1,"4":3},"b":{"0":[1,3],"1":[3,0],"2":[4,2],"3":[1,2],"4":[2,0],"5":[1,0]},"meta":{"lastBranch":6,"lastFunction":5,"lastStatement":31,"seen":{"s:6:29:37:Infinity":0,"f:43:22:43:26":0,"s:44:2:130:Infinity":1,"s:45:17:45:Infinity":2,"b:46:4:48:Infinity:undefined:undefined:undefined:undefined":0,"s:46:4:48:Infinity":3,"s:47:6:47:Infinity":4,"s:50:29:50:Infinity":5,"s:51:18:51:Infinity":6,"b:51:36:51:65:51:65:51:69":1,"s:52:19:52:Infinity":7,"b:52:28:52:58:52:58:52:61":2,"s:55:24:58:Infinity":8,"s:60:22:60:Infinity":9,"f:60:38:60:39":1,"s:60:45:60:55":10,"s:61:20:61:Infinity":11,"s:64:22:112:Infinity":12,"s:115:29:121:Infinity":13,"f:115:43:115:44":2,"s:115:54:121:6":14,"f:120:35:120:36":3,"s:120:46:120:70":15,"s:123:4:123:Infinity":16,"s:125:4:125:Infinity":17,"s:126:4:129:Infinity":18,"f:137:22:137:27":4,"s:138:2:188:Infinity":19,"s:139:17:139:Infinity":20,"b:140:4:142:Infinity:undefined:undefined:undefined:undefined":3,"s:140:4:142:Infinity":21,"s:141:6:141:Infinity":22,"s:144:17:144:Infinity":23,"s:145:22:145:Infinity":24,"s:147:21:164:Infinity":25,"b:152:18:152:40:152:40:152:Infinity":4,"s:166:4:174:Infinity":26,"b:176:4:181:Infinity:undefined:undefined:undefined:undefined":5,"s:176:4:181:Infinity":27,"s:177:6:180:Infinity":28,"s:183:4:183:Infinity":29,"s:184:4:187:Infinity":30}}}
,"/home/alonsooteroseminario/source/repos/journey-tracker/src/app/api/feed/[feedItemId]/cheers/route.ts": {"path":"/home/alonsooteroseminario/source/repos/journey-tracker/src/app/api/feed/[feedItemId]/cheers/route.ts","statementMap":{"0":{"start":{"line":6,"column":20},"end":{"line":8,"column":null}},"1":{"start":{"line":18,"column":2},"end":{"line":77,"column":null}},"2":{"start":{"line":19,"column":17},"end":{"line":19,"column":null}},"3":{"start":{"line":20,"column":4},"end":{"line":22,"column":null}},"4":{"start":{"line":21,"column":6},"end":{"line":21,"column":null}},"5":{"start":{"line":24,"column":27},"end":{"line":24,"column":null}},"6":{"start":{"line":25,"column":17},"end":{"line":25,"column":null}},"7":{"start":{"line":26,"column":22},"end":{"line":26,"column":null}},"8":{"start":{"line":29,"column":26},"end":{"line":36,"column":null}},"9":{"start":{"line":38,"column":4},"end":{"line":63,"column":null}},"10":{"start":{"line":40,"column":6},"end":{"line":42,"column":null}},"11":{"start":{"line":44,"column":6},"end":{"line":47,"column":null}},"12":{"start":{"line":50,"column":20},"end":{"line":56,"column":null}},"13":{"start":{"line":58,"column":6},"end":{"line":62,"column":null}},"14":{"start":{"line":65,"column":4},"end":{"line":70,"column":null}},"15":{"start":{"line":66,"column":6},"end":{"line":69,"column":null}},"16":{"start":{"line":72,"column":4},"end":{"line":72,"column":null}},"17":{"start":{"line":73,"column":4},"end":{"line":76,"column":null}}},"fnMap":{"0":{"name":"POST","decl":{"start":{"line":14,"column":22},"end":{"line":14,"column":null}},"loc":{"start":{"line":17,"column":2},"end":{"line":78,"column":null}},"line":17}},"branchMap":{"0":{"loc":{"start":{"line":20,"column":4},"end":{"line":22,"column":null}},"type":"if","locations":[{"start":{"line":20,"column":4},"end":{"line":22,"column":null}},{"start":{},"end":{}}],"line":20},"1":{"loc":{"start":{"line":38,"column":4},"end":{"line":63,"column":null}},"type":"if","locations":[{"start":{"line":38,"column":4},"end":{"line":63,"column":null}},{"start":{"line":48,"column":11},"end":{"line":63,"column":null}}],"line":38},"2":{"loc":{"start":{"line":65,"column":4},"end":{"line":70,"column":null}},"type":"if","locations":[{"start":{"line":65,"column":4},"end":{"line":70,"column":null}},{"start":{},"end":{}}],"line":65}},"s":{"0":1,"1":4,"2":4,"3":4,"4":1,"5":3,"6":3,"7":3,"8":3,"9":3,"10":1,"11":1,"12":2,"13":2,"14":0,"15":0,"16":0,"17":0},"f":{"0":4},"b":{"0":[1,3],"1":[1,2],"2":[0,0]},"meta":{"lastBranch":3,"lastFunction":1,"lastStatement":18,"seen":{"s:6:20:8:Infinity":0,"f:14:22:14:Infinity":0,"s:18:2:77:Infinity":1,"s:19:17:19:Infinity":2,"b:20:4:22:Infinity:undefined:undefined:undefined:undefined":0,"s:20:4:22:Infinity":3,"s:21:6:21:Infinity":4,"s:24:27:24:Infinity":5,"s:25:17:25:Infinity":6,"s:26:22:26:Infinity":7,"s:29:26:36:Infinity":8,"b:38:4:63:Infinity:48:11:63:Infinity":1,"s:38:4:63:Infinity":9,"s:40:6:42:Infinity":10,"s:44:6:47:Infinity":11,"s:50:20:56:Infinity":12,"s:58:6:62:Infinity":13,"b:65:4:70:Infinity:undefined:undefined:undefined:undefined":2,"s:65:4:70:Infinity":14,"s:66:6:69:Infinity":15,"s:72:4:72:Infinity":16,"s:73:4:76:Infinity":17}}}
,"/home/alonsooteroseminario/source/repos/journey-tracker/src/app/api/feed/[feedItemId]/comments/route.ts": {"path":"/home/alonsooteroseminario/source/repos/journey-tracker/src/app/api/feed/[feedItemId]/comments/route.ts","statementMap":{"0":{"start":{"line":6,"column":28},"end":{"line":8,"column":null}},"1":{"start":{"line":18,"column":2},"end":{"line":52,"column":null}},"2":{"start":{"line":19,"column":17},"end":{"line":19,"column":null}},"3":{"start":{"line":20,"column":4},"end":{"line":22,"column":null}},"4":{"start":{"line":21,"column":6},"end":{"line":21,"column":null}},"5":{"start":{"line":24,"column":27},"end":{"line":24,"column":null}},"6":{"start":{"line":25,"column":21},"end":{"line":37,"column":null}},"7":{"start":{"line":39,"column":24},"end":{"line":43,"column":null}},"8":{"start":{"line":39,"column":51},"end":{"line":43,"column":6}},"9":{"start":{"line":45,"column":4},"end":{"line":45,"column":null}},"10":{"start":{"line":47,"column":4},"end":{"line":47,"column":null}},"11":{"start":{"line":48,"column":4},"end":{"line":51,"column":null}},"12":{"start":{"line":63,"column":2},"end":{"line":120,"column":null}},"13":{"start":{"line":64,"column":17},"end":{"line":64,"column":null}},"14":{"start":{"line":65,"column":4},"end":{"line":67,"column":null}},"15":{"start":{"line":66,"column":6},"end":{"line":66,"column":null}},"16":{"start":{"line":69,"column":27},"end":{"line":69,"column":null}},"17":{"start":{"line":70,"column":17},"end":{"line":70,"column":null}},"18":{"start":{"line":71,"column":22},"end":{"line":71,"column":null}},"19":{"start":{"line":74,"column":21},"end":{"line":76,"column":null}},"20":{"start":{"line":78,"column":4},"end":{"line":83,"column":null}},"21":{"start":{"line":79,"column":6},"end":{"line":82,"column":null}},"22":{"start":{"line":85,"column":20},"end":{"line":100,"column":null}},"23":{"start":{"line":102,"column":4},"end":{"line":106,"column":null}},"24":{"start":{"line":108,"column":4},"end":{"line":113,"column":null}},"25":{"start":{"line":109,"column":6},"end":{"line":112,"column":null}},"26":{"start":{"line":115,"column":4},"end":{"line":115,"column":null}},"27":{"start":{"line":116,"column":4},"end":{"line":119,"column":null}}},"fnMap":{"0":{"name":"GET","decl":{"start":{"line":14,"column":22},"end":{"line":14,"column":null}},"loc":{"start":{"line":17,"column":2},"end":{"line":53,"column":null}},"line":17},"1":{"name":"(anonymous_1)","decl":{"start":{"line":39,"column":37},"end":{"line":39,"column":38}},"loc":{"start":{"line":39,"column":51},"end":{"line":43,"column":6}},"line":39},"2":{"name":"POST","decl":{"start":{"line":59,"column":22},"end":{"line":59,"column":null}},"loc":{"start":{"line":62,"column":2},"end":{"line":121,"column":null}},"line":62}},"branchMap":{"0":{"loc":{"start":{"line":20,"column":4},"end":{"line":22,"column":null}},"type":"if","locations":[{"start":{"line":20,"column":4},"end":{"line":22,"column":null}},{"start":{},"end":{}}],"line":20},"1":{"loc":{"start":{"line":65,"column":4},"end":{"line":67,"column":null}},"type":"if","locations":[{"start":{"line":65,"column":4},"end":{"line":67,"column":null}},{"start":{},"end":{}}],"line":65},"2":{"loc":{"start":{"line":78,"column":4},"end":{"line":83,"column":null}},"type":"if","locations":[{"start":{"line":78,"column":4},"end":{"line":83,"column":null}},{"start":{},"end":{}}],"line":78},"3":{"loc":{"start":{"line":108,"column":4},"end":{"line":113,"column":null}},"type":"if","locations":[{"start":{"line":108,"column":4},"end":{"line":113,"column":null}},{"start":{},"end":{}}],"line":108}},"s":{"0":1,"1":2,"2":2,"3":2,"4":1,"5":1,"6":1,"7":1,"8":2,"9":1,"10":0,"11":0,"12":4,"13":4,"14":4,"15":1,"16":3,"17":3,"18":3,"19":3,"20":2,"21":1,"22":1,"23":1,"24":1,"25":1,"26":0,"27":0},"f":{"0":2,"1":2,"2":4},"b":{"0":[1,1],"1":[1,3],"2":[1,1],"3":[1,0]},"meta":{"lastBranch":4,"lastFunction":3,"lastStatement":28,"seen":{"s:6:28:8:Infinity":0,"f:14:22:14:Infinity":0,"s:18:2:52:Infinity":1,"s:19:17:19:Infinity":2,"b:20:4:22:Infinity:undefined:undefined:undefined:undefined":0,"s:20:4:22:Infinity":3,"s:21:6:21:Infinity":4,"s:24:27:24:Infinity":5,"s:25:21:37:Infinity":6,"s:39:24:43:Infinity":7,"f:39:37:39:38":1,"s:39:51:43:6":8,"s:45:4:45:Infinity":9,"s:47:4:47:Infinity":10,"s:48:4:51:Infinity":11,"f:59:22:59:Infinity":2,"s:63:2:120:Infinity":12,"s:64:17:64:Infinity":13,"b:65:4:67:Infinity:undefined:undefined:undefined:undefined":1,"s:65:4:67:Infinity":14,"s:66:6:66:Infinity":15,"s:69:27:69:Infinity":16,"s:70:17:70:Infinity":17,"s:71:22:71:Infinity":18,"s:74:21:76:Infinity":19,"b:78:4:83:Infinity:undefined:undefined:undefined:undefined":2,"s:78:4:83:Infinity":20,"s:79:6:82:Infinity":21,"s:85:20:100:Infinity":22,"s:102:4:106:Infinity":23,"b:108:4:113:Infinity:undefined:undefined:undefined:undefined":3,"s:108:4:113:Infinity":24,"s:109:6:112:Infinity":25,"s:115:4:115:Infinity":26,"s:116:4:119:Infinity":27}}}
,"/home/alonsooteroseminario/source/repos/journey-tracker/src/app/api/fork-requests/route.ts": {"path":"/home/alonsooteroseminario/source/repos/journey-tracker/src/app/api/fork-requests/route.ts","statementMap":{"0":{"start":{"line":10,"column":2},"end":{"line":41,"column":null}},"1":{"start":{"line":11,"column":17},"end":{"line":11,"column":null}},"2":{"start":{"line":12,"column":4},"end":{"line":14,"column":null}},"3":{"start":{"line":13,"column":6},"end":{"line":13,"column":null}},"4":{"start":{"line":17,"column":21},"end":{"line":32,"column":null}},"5":{"start":{"line":34,"column":4},"end":{"line":34,"column":null}},"6":{"start":{"line":36,"column":4},"end":{"line":36,"column":null}},"7":{"start":{"line":37,"column":4},"end":{"line":40,"column":null}}},"fnMap":{"0":{"name":"GET","decl":{"start":{"line":9,"column":22},"end":{"line":9,"column":28}},"loc":{"start":{"line":9,"column":28},"end":{"line":42,"column":null}},"line":9}},"branchMap":{"0":{"loc":{"start":{"line":12,"column":4},"end":{"line":14,"column":null}},"type":"if","locations":[{"start":{"line":12,"column":4},"end":{"line":14,"column":null}},{"start":{},"end":{}}],"line":12}},"s":{"0":3,"1":3,"2":3,"3":1,"4":2,"5":2,"6":0,"7":0},"f":{"0":3},"b":{"0":[1,2]},"meta":{"lastBranch":1,"lastFunction":1,"lastStatement":8,"seen":{"f:9:22:9:28":0,"s:10:2:41:Infinity":0,"s:11:17:11:Infinity":1,"b:12:4:14:Infinity:undefined:undefined:undefined:undefined":0,"s:12:4:14:Infinity":2,"s:13:6:13:Infinity":3,"s:17:21:32:Infinity":4,"s:34:4:34:Infinity":5,"s:36:4:36:Infinity":6,"s:37:4:40:Infinity":7}}}
,"/home/alonsooteroseminario/source/repos/journey-tracker/src/app/api/friends/route.ts": {"path":"/home/alonsooteroseminario/source/repos/journey-tracker/src/app/api/friends/route.ts","statementMap":{"0":{"start":{"line":9,"column":2},"end":{"line":79,"column":null}},"1":{"start":{"line":10,"column":17},"end":{"line":10,"column":null}},"2":{"start":{"line":11,"column":4},"end":{"line":13,"column":null}},"3":{"start":{"line":12,"column":6},"end":{"line":12,"column":null}},"4":{"start":{"line":16,"column":24},"end":{"line":25,"column":null}},"5":{"start":{"line":28,"column":20},"end":{"line":68,"column":null}},"6":{"start":{"line":32,"column":10},"end":{"line":32,"column":null}},"7":{"start":{"line":35,"column":27},"end":{"line":37,"column":null}},"8":{"start":{"line":40,"column":22},"end":{"line":42,"column":null}},"9":{"start":{"line":44,"column":27},"end":{"line":44,"column":null}},"10":{"start":{"line":45,"column":31},"end":{"line":48,"column":null}},"11":{"start":{"line":46,"column":25},"end":{"line":46,"column":null}},"12":{"start":{"line":47,"column":10},"end":{"line":47,"column":null}},"13":{"start":{"line":47,"column":61},"end":{"line":47,"column":85}},"14":{"start":{"line":50,"column":8},"end":{"line":66,"column":null}},"15":{"start":{"line":70,"column":4},"end":{"line":72,"column":null}},"16":{"start":{"line":74,"column":4},"end":{"line":74,"column":null}},"17":{"start":{"line":75,"column":4},"end":{"line":78,"column":null}},"18":{"start":{"line":84,"column":2},"end":{"line":192,"column":null}},"19":{"start":{"line":85,"column":17},"end":{"line":85,"column":null}},"20":{"start":{"line":86,"column":4},"end":{"line":88,"column":null}},"21":{"start":{"line":87,"column":6},"end":{"line":87,"column":null}},"22":{"start":{"line":90,"column":17},"end":{"line":90,"column":null}},"23":{"start":{"line":93,"column":10},"end":{"line":93,"column":null}},"24":{"start":{"line":94,"column":4},"end":{"line":96,"column":null}},"25":{"start":{"line":95,"column":6},"end":{"line":95,"column":null}},"26":{"start":{"line":98,"column":21},"end":{"line":98,"column":null}},"27":{"start":{"line":101,"column":23},"end":{"line":104,"column":null}},"28":{"start":{"line":106,"column":4},"end":{"line":111,"column":null}},"29":{"start":{"line":107,"column":6},"end":{"line":110,"column":null}},"30":{"start":{"line":113,"column":4},"end":{"line":118,"column":null}},"31":{"start":{"line":114,"column":6},"end":{"line":117,"column":null}},"32":{"start":{"line":120,"column":4},"end":{"line":125,"column":null}},"33":{"start":{"line":121,"column":6},"end":{"line":124,"column":null}},"34":{"start":{"line":127,"column":4},"end":{"line":132,"column":null}},"35":{"start":{"line":128,"column":6},"end":{"line":131,"column":null}},"36":{"start":{"line":135,"column":21},"end":{"line":142,"column":null}},"37":{"start":{"line":144,"column":4},"end":{"line":149,"column":null}},"38":{"start":{"line":145,"column":6},"end":{"line":148,"column":null}},"39":{"start":{"line":152,"column":4},"end":{"line":165,"column":null}},"40":{"start":{"line":168,"column":4},"end":{"line":175,"column":null}},"41":{"start":{"line":178,"column":4},"end":{"line":183,"column":null}},"42":{"start":{"line":185,"column":4},"end":{"line":185,"column":null}},"43":{"start":{"line":187,"column":4},"end":{"line":187,"column":null}},"44":{"start":{"line":188,"column":4},"end":{"line":191,"column":null}}},"fnMap":{"0":{"name":"GET","decl":{"start":{"line":8,"column":22},"end":{"line":8,"column":28}},"loc":{"start":{"line":8,"column":28},"end":{"line":80,"column":null}},"line":8},"1":{"name":"(anonymous_1)","decl":{"start":{"line":29,"column":22},"end":{"line":29,"column":29}},"loc":{"start":{"line":29,"column":44},"end":{"line":67,"column":7}},"line":29},"2":{"name":"(anonymous_2)","decl":{"start":{"line":45,"column":44},"end":{"line":45,"column":45}},"loc":{"start":{"line":45,"column":51},"end":{"line":48,"column":9}},"line":45},"3":{"name":"(anonymous_3)","decl":{"start":{"line":47,"column":49},"end":{"line":47,"column":50}},"loc":{"start":{"line":47,"column":61},"end":{"line":47,"column":85}},"line":47},"4":{"name":"POST","decl":{"start":{"line":83,"column":22},"end":{"line":83,"column":27}},"loc":{"start":{"line":83,"column":45},"end":{"line":193,"column":null}},"line":83}},"branchMap":{"0":{"loc":{"start":{"line":11,"column":4},"end":{"line":13,"column":null}},"type":"if","locations":[{"start":{"line":11,"column":4},"end":{"line":13,"column":null}},{"start":{},"end":{}}],"line":11},"1":{"loc":{"start":{"line":32,"column":10},"end":{"line":32,"column":null}},"type":"cond-expr","locations":[{"start":{"line":32,"column":42},"end":{"line":32,"column":62}},{"start":{"line":32,"column":62},"end":{"line":32,"column":null}}],"line":32},"2":{"loc":{"start":{"line":46,"column":25},"end":{"line":46,"column":null}},"type":"binary-expr","locations":[{"start":{"line":46,"column":25},"end":{"line":46,"column":46}},{"start":{"line":46,"column":46},"end":{"line":46,"column":null}}],"line":46},"3":{"loc":{"start":{"line":47,"column":17},"end":{"line":47,"column":null}},"type":"binary-expr","locations":[{"start":{"line":47,"column":17},"end":{"line":47,"column":37}},{"start":{"line":47,"column":37},"end":{"line":47,"column":null}}],"line":47},"4":{"loc":{"start":{"line":62,"column":25},"end":{"line":62,"column":null}},"type":"binary-expr","locations":[{"start":{"line":62,"column":25},"end":{"line":62,"column":54}},{"start":{"line":62,"column":54},"end":{"line":62,"column":null}}],"line":62},"5":{"loc":{"start":{"line":63,"column":25},"end":{"line":63,"column":null}},"type":"binary-expr","locations":[{"start":{"line":63,"column":25},"end":{"line":63,"column":54}},{"start":{"line":63,"column":54},"end":{"line":63,"column":null}}],"line":63},"6":{"loc":{"start":{"line":86,"column":4},"end":{"line":88,"column":null}},"type":"if","locations":[{"start":{"line":86,"column":4},"end":{"line":88,"column":null}},{"start":{},"end":{}}],"line":86},"7":{"loc":{"start":{"line":94,"column":4},"end":{"line":96,"column":null}},"type":"if","locations":[{"start":{"line":94,"column":4},"end":{"line":96,"column":null}},{"start":{},"end":{}}],"line":94},"8":{"loc":{"start":{"line":106,"column":4},"end":{"line":111,"column":null}},"type":"if","locations":[{"start":{"line":106,"column":4},"end":{"line":111,"column":null}},{"start":{},"end":{}}],"line":106},"9":{"loc":{"start":{"line":113,"column":4},"end":{"line":118,"column":null}},"type":"if","locations":[{"start":{"line":113,"column":4},"end":{"line":118,"column":null}},{"start":{},"end":{}}],"line":113},"10":{"loc":{"start":{"line":120,"column":4},"end":{"line":125,"column":null}},"type":"if","locations":[{"start":{"line":120,"column":4},"end":{"line":125,"column":null}},{"start":{},"end":{}}],"line":120},"11":{"loc":{"start":{"line":127,"column":4},"end":{"line":132,"column":null}},"type":"if","locations":[{"start":{"line":127,"column":4},"end":{"line":132,"column":null}},{"start":{},"end":{}}],"line":127},"12":{"loc":{"start":{"line":144,"column":4},"end":{"line":149,"column":null}},"type":"if","locations":[{"start":{"line":144,"column":4},"end":{"line":149,"column":null}},{"start":{},"end":{}}],"line":144}},"s":{"0":4,"1":4,"2":4,"3":1,"4":3,"5":2,"6":1,"7":1,"8":1,"9":1,"10":1,"11":2,"12":2,"13":2,"14":1,"15":2,"16":1,"17":1,"18":9,"19":9,"20":9,"21":1,"22":8,"23":8,"24":8,"25":1,"26":7,"27":7,"28":6,"29":1,"30":5,"31":1,"32":4,"33":1,"34":3,"35":1,"36":2,"37":2,"38":1,"39":1,"40":1,"41":1,"42":1,"43":1,"44":1},"f":{"0":4,"1":1,"2":2,"3":2,"4":9},"b":{"0":[1,3],"1":[1,0],"2":[2,0],"3":[2,2],"4":[1,0],"5":[1,0],"6":[1,8],"7":[1,7],"8":[1,5],"9":[1,4],"10":[1,3],"11":[1,2],"12":[1,1]},"meta":{"lastBranch":13,"lastFunction":5,"lastStatement":45,"seen":{"f:8:22:8:28":0,"s:9:2:79:Infinity":0,"s:10:17:10:Infinity":1,"b:11:4:13:Infinity:undefined:undefined:undefined:undefined":0,"s:11:4:13:Infinity":2,"s:12:6:12:Infinity":3,"s:16:24:25:Infinity":4,"s:28:20:68:Infinity":5,"f:29:22:29:29":1,"s:32:10:32:Infinity":6,"b:32:42:32:62:32:62:32:Infinity":1,"s:35:27:37:Infinity":7,"s:40:22:42:Infinity":8,"s:44:27:44:Infinity":9,"s:45:31:48:Infinity":10,"f:45:44:45:45":2,"s:46:25:46:Infinity":11,"b:46:25:46:46:46:46:46:Infinity":2,"s:47:10:47:Infinity":12,"b:47:17:47:37:47:37:47:Infinity":3,"f:47:49:47:50":3,"s:47:61:47:85":13,"s:50:8:66:Infinity":14,"b:62:25:62:54:62:54:62:Infinity":4,"b:63:25:63:54:63:54:63:Infinity":5,"s:70:4:72:Infinity":15,"s:74:4:74:Infinity":16,"s:75:4:78:Infinity":17,"f:83:22:83:27":4,"s:84:2:192:Infinity":18,"s:85:17:85:Infinity":19,"b:86:4:88:Infinity:undefined:undefined:undefined:undefined":6,"s:86:4:88:Infinity":20,"s:87:6:87:Infinity":21,"s:90:17:90:Infinity":22,"s:93:10:93:Infinity":23,"b:94:4:96:Infinity:undefined:undefined:undefined:undefined":7,"s:94:4:96:Infinity":24,"s:95:6:95:Infinity":25,"s:98:21:98:Infinity":26,"s:101:23:104:Infinity":27,"b:106:4:111:Infinity:undefined:undefined:undefined:undefined":8,"s:106:4:111:Infinity":28,"s:107:6:110:Infinity":29,"b:113:4:118:Infinity:undefined:undefined:undefined:undefined":9,"s:113:4:118:Infinity":30,"s:114:6:117:Infinity":31,"b:120:4:125:Infinity:undefined:undefined:undefined:undefined":10,"s:120:4:125:Infinity":32,"s:121:6:124:Infinity":33,"b:127:4:132:Infinity:undefined:undefined:undefined:undefined":11,"s:127:4:132:Infinity":34,"s:128:6:131:Infinity":35,"s:135:21:142:Infinity":36,"b:144:4:149:Infinity:undefined:undefined:undefined:undefined":12,"s:144:4:149:Infinity":37,"s:145:6:148:Infinity":38,"s:152:4:165:Infinity":39,"s:168:4:175:Infinity":40,"s:178:4:183:Infinity":41,"s:185:4:185:Infinity":42,"s:187:4:187:Infinity":43,"s:188:4:191:Infinity":44}}}
,"/home/alonsooteroseminario/source/repos/journey-tracker/src/app/api/goals/route.ts": {"path":"/home/alonsooteroseminario/source/repos/journey-tracker/src/app/api/goals/route.ts","statementMap":{"0":{"start":{"line":10,"column":2},"end":{"line":51,"column":null}},"1":{"start":{"line":11,"column":17},"end":{"line":11,"column":null}},"2":{"start":{"line":12,"column":4},"end":{"line":14,"column":null}},"3":{"start":{"line":13,"column":6},"end":{"line":13,"column":null}},"4":{"start":{"line":16,"column":18},"end":{"line":19,"column":null}},"5":{"start":{"line":22,"column":24},"end":{"line":40,"column":null}},"6":{"start":{"line":22,"column":45},"end":{"line":40,"column":6}},"7":{"start":{"line":42,"column":4},"end":{"line":44,"column":null}},"8":{"start":{"line":46,"column":4},"end":{"line":46,"column":null}},"9":{"start":{"line":47,"column":4},"end":{"line":50,"column":null}},"10":{"start":{"line":56,"column":2},"end":{"line":129,"column":null}},"11":{"start":{"line":57,"column":17},"end":{"line":57,"column":null}},"12":{"start":{"line":58,"column":4},"end":{"line":60,"column":null}},"13":{"start":{"line":59,"column":6},"end":{"line":59,"column":null}},"14":{"start":{"line":62,"column":17},"end":{"line":62,"column":null}},"15":{"start":{"line":65,"column":10},"end":{"line":65,"column":null}},"16":{"start":{"line":66,"column":4},"end":{"line":68,"column":null}},"17":{"start":{"line":67,"column":6},"end":{"line":67,"column":null}},"18":{"start":{"line":70,"column":26},"end":{"line":70,"column":null}},"19":{"start":{"line":73,"column":17},"end":{"line":73,"column":null}},"20":{"start":{"line":76,"column":19},"end":{"line":76,"column":null}},"21":{"start":{"line":77,"column":36},"end":{"line":84,"column":null}},"22":{"start":{"line":77,"column":57},"end":{"line":84,"column":6}},"23":{"start":{"line":80,"column":54},"end":{"line":83,"column":8}},"24":{"start":{"line":86,"column":17},"end":{"line":102,"column":null}},"25":{"start":{"line":104,"column":4},"end":{"line":122,"column":null}},"26":{"start":{"line":124,"column":4},"end":{"line":124,"column":null}},"27":{"start":{"line":125,"column":4},"end":{"line":128,"column":null}}},"fnMap":{"0":{"name":"GET","decl":{"start":{"line":9,"column":22},"end":{"line":9,"column":28}},"loc":{"start":{"line":9,"column":28},"end":{"line":52,"column":null}},"line":9},"1":{"name":"(anonymous_1)","decl":{"start":{"line":22,"column":34},"end":{"line":22,"column":35}},"loc":{"start":{"line":22,"column":45},"end":{"line":40,"column":6}},"line":22},"2":{"name":"POST","decl":{"start":{"line":55,"column":22},"end":{"line":55,"column":27}},"loc":{"start":{"line":55,"column":45},"end":{"line":130,"column":null}},"line":55},"3":{"name":"(anonymous_3)","decl":{"start":{"line":77,"column":46},"end":{"line":77,"column":47}},"loc":{"start":{"line":77,"column":57},"end":{"line":84,"column":6}},"line":77},"4":{"name":"(anonymous_4)","decl":{"start":{"line":80,"column":35},"end":{"line":80,"column":36}},"loc":{"start":{"line":80,"column":54},"end":{"line":83,"column":8}},"line":80}},"branchMap":{"0":{"loc":{"start":{"line":12,"column":4},"end":{"line":14,"column":null}},"type":"if","locations":[{"start":{"line":12,"column":4},"end":{"line":14,"column":null}},{"start":{},"end":{}}],"line":12},"1":{"loc":{"start":{"line":27,"column":14},"end":{"line":27,"column":null}},"type":"binary-expr","locations":[{"start":{"line":27,"column":14},"end":{"line":27,"column":38}},{"start":{"line":27,"column":38},"end":{"line":27,"column":null}}],"line":27},"2":{"loc":{"start":{"line":28,"column":14},"end":{"line":28,"column":null}},"type":"binary-expr","locations":[{"start":{"line":28,"column":14},"end":{"line":28,"column":29}},{"start":{"line":28,"column":29},"end":{"line":28,"column":null}}],"line":28},"3":{"loc":{"start":{"line":29,"column":14},"end":{"line":29,"column":null}},"type":"binary-expr","locations":[{"start":{"line":29,"column":14},"end":{"line":29,"column":29}},{"start":{"line":29,"column":29},"end":{"line":29,"column":null}}],"line":29},"4":{"loc":{"start":{"line":30,"column":16},"end":{"line":30,"column":null}},"type":"binary-expr","locations":[{"start":{"line":30,"column":16},"end":{"line":30,"column":33}},{"start":{"line":30,"column":33},"end":{"line":30,"column":null}}],"line":30},"5":{"loc":{"start":{"line":31,"column":17},"end":{"line":31,"column":null}},"type":"binary-expr","locations":[{"start":{"line":31,"column":17},"end":{"line":31,"column":35}},{"start":{"line":31,"column":35},"end":{"line":31,"column":null}}],"line":31},"6":{"loc":{"start":{"line":32,"column":17},"end":{"line":32,"column":null}},"type":"binary-expr","locations":[{"st
[...]
,"/home/alonsooteroseminario/source/repos/journey-tracker/src/store/slices/chatSlice.ts": {"path":"/home/alonsooteroseminario/source/repos/journey-tracker/src/store/slices/chatSlice.ts","statementMap":{"0":{"start":{"line":15,"column":34},"end":{"line":19,"column":null}},"1":{"start":{"line":21,"column":6},"end":{"line":50,"column":null}},"2":{"start":{"line":26,"column":6},"end":{"line":26,"column":null}},"3":{"start":{"line":27,"column":6},"end":{"line":29,"column":null}},"4":{"start":{"line":28,"column":8},"end":{"line":28,"column":null}},"5":{"start":{"line":32,"column":6},"end":{"line":32,"column":null}},"6":{"start":{"line":33,"column":6},"end":{"line":33,"column":null}},"7":{"start":{"line":36,"column":6},"end":{"line":36,"column":null}},"8":{"start":{"line":39,"column":6},"end":{"line":41,"column":null}},"9":{"start":{"line":40,"column":8},"end":{"line":40,"column":null}},"10":{"start":{"line":44,"column":6},"end":{"line":44,"column":null}},"11":{"start":{"line":47,"column":6},"end":{"line":47,"column":null}},"12":{"start":{"line":53,"column":2},"end":{"line":53,"column":null}}},"fnMap":{"0":{"name":"(anonymous_0)","decl":{"start":{"line":25,"column":4},"end":{"line":25,"column":15}},"loc":{"start":{"line":25,"column":22},"end":{"line":30,"column":null}},"line":25},"1":{"name":"(anonymous_1)","decl":{"start":{"line":31,"column":4},"end":{"line":31,"column":13}},"loc":{"start":{"line":31,"column":20},"end":{"line":34,"column":null}},"line":31},"2":{"name":"(anonymous_2)","decl":{"start":{"line":35,"column":4},"end":{"line":35,"column":14}},"loc":{"start":{"line":35,"column":21},"end":{"line":37,"column":null}},"line":35},"3":{"name":"(anonymous_3)","decl":{"start":{"line":38,"column":4},"end":{"line":38,"column":20}},"loc":{"start":{"line":38,"column":27},"end":{"line":42,"column":null}},"line":38},"4":{"name":"(anonymous_4)","decl":{"start":{"line":43,"column":4},"end":{"line":43,"column":16}},"loc":{"start":{"line":43,"column":23},"end":{"line":45,"column":null}},"line":43},"5":{"name":"(anonymous_5)","decl":{"start":{"line":46,"column":4},"end":{"line":46,"column":16}},"loc":{"start":{"line":46,"column":60},"end":{"line":48,"column":null}},"line":46}},"branchMap":{"0":{"loc":{"start":{"line":27,"column":6},"end":{"line":29,"column":null}},"type":"if","locations":[{"start":{"line":27,"column":6},"end":{"line":29,"column":null}},{"start":{},"end":{}}],"line":27},"1":{"loc":{"start":{"line":39,"column":6},"end":{"line":41,"column":null}},"type":"if","locations":[{"start":{"line":39,"column":6},"end":{"line":41,"column":null}},{"start":{},"end":{}}],"line":39}},"s":{"0":3,"1":3,"2":2,"3":2,"4":1,"5":1,"6":1,"7":1,"8":0,"9":0,"10":0,"11":2,"12":3},"f":{"0":2,"1":1,"2":1,"3":0,"4":0,"5":2},"b":{"0":[1,1],"1":[0,0]},"meta":{"lastBranch":2,"lastFunction":6,"lastStatement":13,"seen":{"s:15:34:19:Infinity":0,"s:21:6:50:Infinity":1,"f:25:4:25:15":0,"s:26:6:26:Infinity":2,"b:27:6:29:Infinity:undefined:undefined:undefined:undefined":0,"s:27:6:29:Infinity":3,"s:28:8:28:Infinity":4,"f:31:4:31:13":1,"s:32:6:32:Infinity":5,"s:33:6:33:Infinity":6,"f:35:4:35:14":2,"s:36:6:36:Infinity":7,"f:38:4:38:20":3,"b:39:6:41:Infinity:undefined:undefined:undefined:undefined":1,"s:39:6:41:Infinity":8,"s:40:8:40:Infinity":9,"f:43:4:43:16":4,"s:44:6:44:Infinity":10,"f:46:4:46:16":5,"s:47:6:47:Infinity":11,"s:53:2:53:Infinity":12}}}
,"/home/alonsooteroseminario/source/repos/journey-tracker/src/store/slices/templatesSlice.ts": {"path":"/home/alonsooteroseminario/source/repos/journey-tracker/src/store/slices/templatesSlice.ts","statementMap":{"0":{"start":{"line":60,"column":13},"end":{"line":163,"column":null}},"1":{"start":{"line":64,"column":27},"end":{"line":162,"column":null}},"2":{"start":{"line":67,"column":8},"end":{"line":67,"column":null}},"3":{"start":{"line":71,"column":21},"end":{"line":71,"column":null}},"4":{"start":{"line":72,"column":45},"end":{"line":72,"column":null}},"5":{"start":{"line":75,"column":24},"end":{"line":79,"column":null}},"6":{"start":{"line":83,"column":32},"end":{"line":87,"column":null}},"7":{"start":{"line":88,"column":52},"end":{"line":91,"column":null}},"8":{"start":{"line":94,"column":22},"end":{"line":97,"column":null}},"9":{"start":{"line":101,"column":32},"end":{"line":105,"column":null}},"10":{"start":{"line":106,"column":52},"end":{"line":109,"column":null}},"11":{"start":{"line":113,"column":23},"end":{"line":113,"column":null}},"12":{"start":{"line":114,"column":8},"end":{"line":114,"column":null}},"13":{"start":{"line":114,"column":28},"end":{"line":114,"column":null}},"14":{"start":{"line":115,"column":8},"end":{"line":115,"column":null}},"15":{"start":{"line":115,"column":30},"end":{"line":115,"column":null}},"16":{"start":{"line":116,"column":8},"end":{"line":116,"column":null}},"17":{"start":{"line":116,"column":32},"end":{"line":116,"column":null}},"18":{"start":{"line":117,"column":8},"end":{"line":117,"column":null}},"19":{"start":{"line":117,"column":26},"end":{"line":117,"column":null}},"20":{"start":{"line":118,"column":8},"end":{"line":118,"column":null}},"21":{"start":{"line":118,"column":27},"end":{"line":118,"column":null}},"22":{"start":{"line":119,"column":8},"end":{"line":119,"column":null}},"23":{"start":{"line":124,"column":21},"end":{"line":124,"column":null}},"24":{"start":{"line":125,"column":45},"end":{"line":125,"column":null}},"25":{"start":{"line":128,"column":22},"end":{"line":131,"column":null}},"26":{"start":{"line":132,"column":48},"end":{"line":135,"column":null}},"27":{"start":{"line":139,"column":43},"end":{"line":143,"column":null}},"28":{"start":{"line":147,"column":29},"end":{"line":147,"column":null}},"29":{"start":{"line":151,"column":19},"end":{"line":151,"column":null}},"30":{"start":{"line":155,"column":41},"end":{"line":159,"column":null}},"31":{"start":{"line":179,"column":4},"end":{"line":179,"column":null}}},"fnMap":{"0":{"name":"(anonymous_0)","decl":{"start":{"line":64,"column":13},"end":{"line":64,"column":14}},"loc":{"start":{"line":64,"column":27},"end":{"line":162,"column":null}},"line":64},"1":{"name":"(anonymous_1)","decl":{"start":{"line":66,"column":13},"end":{"line":66,"column":14}},"loc":{"start":{"line":67,"column":8},"end":{"line":67,"column":null}},"line":67},"2":{"name":"(anonymous_2)","decl":{"start":{"line":71,"column":13},"end":{"line":71,"column":14}},"loc":{"start":{"line":71,"column":21},"end":{"line":71,"column":null}},"line":71},"3":{"name":"(anonymous_3)","decl":{"start":{"line":72,"column":20},"end":{"line":72,"column":21}},"loc":{"start":{"line":72,"column":45},"end":{"line":72,"column":null}},"line":72},"4":{"name":"(anonymous_4)","decl":{"start":{"line":75,"column":13},"end":{"line":75,"column":14}},"loc":{"start":{"line":75,"column":24},"end":{"line":79,"column":null}},"line":75},"5":{"name":"(anonymous_5)","decl":{"start":{"line":83,"column":13},"end":{"line":83,"column":14}},"loc":{"start":{"line":83,"column":32},"end":{"line":87,"column":null}},"line":83},"6":{"name":"(anonymous_6)","decl":{"start":{"line":88,"column":23},"end":{"line":88,"column":24}},"loc":{"start":{"line":88,"column":52},"end":{"line":91,"column":null}},"line":88},"7":{"name":"(anonymous_7)","decl":{"start":{"line":94,"column":13},"end":{"line":94,"column":14}},"loc":{"start":{"line":94,"column":22},"end":{"line":97,"column":null}},"line":94},"8":{"name":"(anonymous_8)","decl":{"start":{"line":101,"column":13},"end":{"line":101,"column":14}},"loc":{"start":{"line":101,"column":32},"end":{"line":105,"column":null}},"line":101},"9":{"name":"(anonymous_9)","decl":{"start":{"line":106,"column":23},"end":{"line":106,"column":24}},"loc":{"start":{"line":106,"column":52},"end":{"line":109,"column":null}},"line":106},"10":{"name":"(anonymous_10)","decl":{"start":{"line":112,"column":13},"end":{"line":112,"column":14}},"loc":{"start":{"line":112,"column":31},"end":{"line":120,"column":null}},"line":112},"11":{"name":"(anonymous_11)","decl":{"start":{"line":124,"column":13},"end":{"line":124,"column":14}},"loc":{"start":{"line":124,"column":21},"end":{"line":124,"column":null}},"line":124},"12":{"name":"(anonymous_12)","decl":{"start":{"line":125,"column":20},"end":{"line":125,"column":21}},"loc":{"start":{"line":125,"column":45},"end":{"line":125,"column":null}},"line":125},"13":{"name":"(anonymous_13)","decl":{"start":{"line":128,"column":13},"end":{"line":128,"column":14}},"loc":{"start":{"line":128,"column":22},"end":{"line":131,"column":null}},"line":128},"14":{"name":"(anonymous_14)","decl":{"start":{"line":132,"column":23},"end":{"line":132,"column":24}},"loc":{"start":{"line":132,"column":48},"end":{"line":135,"column":null}},"line":132},"15":{"name":"(anonymous_15)","decl":{"start":{"line":139,"column":13},"end":{"line":139,"column":14}},"loc":{"start":{"line":139,"column":43},"end":{"line":143,"column":null}},"line":139},"16":{"name":"(anonymous_16)","decl":{"start":{"line":147,"column":13},"end":{"line":147,"column":14}},"loc":{"start":{"line":147,"column":29},"end":{"line":147,"column":null}},"line":147},"17":{"name":"(anonymous_17)","decl":{"start":{"line":151,"column":13},"end":{"line":151,"column":19}},"loc":{"start":{"line":151,"column":19},"end":{"line":151,"column":null}},"line":151},"18":{"name":"(anonymous_18)","decl":{"start":{"line":155,"column":13},"end":{"line":155,"column":14}},"loc":{"start":{"line":155,"column":41},"end":{"line":159,"column":null}},"line":155}},"branchMap":{"0":{"loc":{"start":{"line":66,"column":14},"end":{"line":66,"column":null}},"type":"default-arg","locations":[{"start":{"line":66,"column":58},"end":{"line":66,"column":null}}],"line":66},"1":{"loc":{"start":{"line":66,"column":16},"end":{"line":66,"column":35}},"type":"default-arg","locations":[{"start":{"line":66,"column":29},"end":{"line":66,"column":35}}],"line":66},"2":{"loc":{"start":{"line":66,"column":35},"end":{"line":66,"column":54}},"type":"default-arg","locations":[{"start":{"line":66,"column":48},"end":{"line":66,"column":54}}],"line":66},"3":{"loc":{"start":{"line":112,"column":14},"end":{"line":112,"column":31}},"type":"default-arg","locations":[{"start":{"line":112,"column":24},"end":{"line":112,"column":31}}],"line":112},"4":{"loc":{"start":{"line":114,"column":8},"end":{"line":114,"column":null}},"type":"if","locations":[{"start":{"line":114,"column":8},"end":{"line":114,"column":null}},{"start":{},"end":{}}],"line":114},"5":{"loc":{"start":{"line":115,"column":8},"end":{"line":115,"column":null}},"type":"if","locations":[{"start":{"line":115,"column":8},"end":{"line":115,"column":null}},{"start":{},"end":{}}],"line":115},"6":{"loc":{"start":{"line":116,"column":8},"end":{"line":116,"column":null}},"type":"if","locations":[{"start":{"line":116,"column":8},"end":{"line":116,"column":null}},{"start":{},"end":{}}],"line":116},"7":{"loc":{"start":{"line":117,"column":8},"end":{"line":117,"column":null}},"type":"if","locations":[{"start":{"line":117,"column":8},"end":{"line":117,"column":null}},{"start":{},"end":{}}],"line":117},"8":{"loc":{"start":{"line":118,"column":8},"end":{"line":118,"column":null}},"type":"if","locations":[{"start":{"line":118,"column":8},"end":{"line":118,"column":null}},{"start":{},"end":{}}],"line":118}},"s":{"0":2,"1":2,"2":2,"3":1,"4":1,"5":1,"6":1,"7":1,"8":1,"9":1,"10":1,"11":2,"12":2,"13":1,"14":2,"15":1,"16":2,"17":1,"18":2,"19":1,"20":2,"21":1,"22":2,"23":1,"24":1,"25":1,"26":1,"27":1,"28":1,"29":1,"30":1,"31":2},"f":{"0":2,"1":2,"2":1,"3":1,"4":1,"5":1,"6":1,"7":1,"8":1,"9":1,"10":2,"11":1,"12":1,"13":1,"14":1,"15":1,"16":1,"17":1,"18":1},"b":{"0":[2],"1":[2],"2":[2],"3":[2],"4":[1,1],"5":[1,1],"6":[1,1],"7":[1,1],"8":[1,1]},"meta":{"lastBranch":9,"lastFunction":19,"lastStatement":32,"seen":{"s:60:13:163:Infinity":0,"f:64:13:64:14":0,"s:64:27:162:Infinity":1,"f:66:13:66:14":1,"s:67:8:67:Infinity":2,"b:66:58:66:Infinity":0,"b:66:29:66:35":1,"b:66:48:66:54":2,"f:71:13:71:14":2,"s:71:21:71:Infinity":3,"f:72:20:72:21":3,"s:72:45:72:Infinity":4,"f:75:13:75:14":4,"s:75:24:79:Infinity":5,"f:83:13:83:14":5,"s:83:32:87:Infinity":6,"f:88:23:88:24":6,"s:88:52:91:Infinity":7,"f:94:13:94:14":7,"s:94:22:97:Infinity":8,"f:101:13:101:14":8,"s:101:32:105:Infinity":9,"f:106:23:106:24":9,"s:106:52:109:Infinity":10,"f:112:13:112:14":10,"b:112:24:112:31":3,"s:113:23:113:Infinity":11,"b:114:8:114:Infinity:undefined:undefined:undefined:undefined":4,"s:114:8:114:Infinity":12,"s:114:28:114:Infinity":13,"b:115:8:115:Infinity:undefined:undefined:undefined:undefined":5,"s:115:8:115:Infinity":14,"s:115:30:115:Infinity":15,"b:116:8:116:Infinity:undefined:undefined:undefined:undefined":6,"s:116:8:116:Infinity":16,"s:116:32:116:Infinity":17,"b:117:8:117:Infinity:undefined:undefined:undefined:undefined":7,"s:117:8:117:Infinity":18,"s:117:26:117:Infinity":19,"b:118:8:118:Infinity:undefined:undefined:undefined:undefined":8,"s:118:8:118:Infinity":20,"s:118:27:118:Infinity":21,"s:119:8:119:Infinity":22,"f:124:13:124:14":11,"s:124:21:124:Infinity":23,"f:125:20:125:21":12,"s:125:45:125:Infinity":24,"f:128:13:128:14":13,"s:128:22:131:Infinity":25,"f:132:23:132:24":14,"s:132:48:135:Infinity":26,"f:139:13:139:14":15,"s:139:43:143:Infinity":27,"f:147:13:147:14":16,"s:147:29:147:Infinity":28,"f:151:13:151:19":17,"s:151:19:151:Infinity":29,"f:155:13:155:14":18,"s:155:41:159:Infinity":30,"s:179:4:179:Infinity":31}}}
,"/home/alonsooteroseminario/source/repos/journey-tracker/src/store/slices/uiSlice.ts": {"path":"/home/alonsooteroseminario/source/repos/journey-tracker/src/store/slices/uiSlice.ts","statementMap":{"0":{"start":{"line":9,"column":30},"end":{"line":11,"column":null}},"1":{"start":{"line":13,"column":6},"end":{"line":21,"column":null}},"2":{"start":{"line":18,"column":6},"end":{"line":18,"column":null}},"3":{"start":{"line":23,"column":33},"end":{"line":23,"column":null}}},"fnMap":{"0":{"name":"(anonymous_0)","decl":{"start":{"line":17,"column":19},"end":{"line":17,"column":20}},"loc":{"start":{"line":17,"column":65},"end":{"line":19,"column":null}},"line":17}},"branchMap":{},"s":{"0":1,"1":1,"2":5,"3":1},"f":{"0":5},"b":{},"meta":{"lastBranch":0,"lastFunction":1,"lastStatement":4,"seen":{"s:9:30:11:Infinity":0,"s:13:6:21:Infinity":1,"f:17:19:17:20":0,"s:18:6:18:Infinity":2,"s:23:33:23:Infinity":3}}}
,"/home/alonsooteroseminario/source/repos/journey-tracker/src/types/agent.ts": {"path":"/home/alonsooteroseminario/source/repos/journey-tracker/src/types/agent.ts","statementMap":{"0":{"start":{"line":106,"column":4},"end":{"line":106,"column":null}},"1":{"start":{"line":103,"column":11},"end":{"line":103,"column":null}},"2":{"start":{"line":104,"column":11},"end":{"line":104,"column":null}},"3":{"start":{"line":107,"column":4},"end":{"line":107,"column":null}},"4":{"start":{"line":117,"column":4},"end":{"line":117,"column":null}},"5":{"start":{"line":114,"column":11},"end":{"line":114,"column":null}},"6":{"start":{"line":115,"column":11},"end":{"line":115,"column":null}},"7":{"start":{"line":118,"column":4},"end":{"line":118,"column":null}},"8":{"start":{"line":193,"column":7},"end":{"line":193,"column":null}},"9":{"start":{"line":194,"column":2},"end":{"line":194,"column":null}},"10":{"start":{"line":195,"column":2},"end":{"line":195,"column":null}},"11":{"start":{"line":196,"column":2},"end":{"line":196,"column":null}},"12":{"start":{"line":197,"column":2},"end":{"line":197,"column":null}},"13":{"start":{"line":198,"column":2},"end":{"line":198,"column":null}},"14":{"start":{"line":199,"column":2},"end":{"line":199,"column":null}},"15":{"start":{"line":200,"column":2},"end":{"line":200,"column":null}},"16":{"start":{"line":201,"column":2},"end":{"line":201,"column":null}},"17":{"start":{"line":202,"column":2},"end":{"line":202,"column":null}},"18":{"start":{"line":193,"column":12},"end":{"line":193,"column":null}},"19":{"start":{"line":218,"column":7},"end":{"line":218,"column":null}},"20":{"start":{"line":219,"column":2},"end":{"line":219,"column":null}},"21":{"start":{"line":220,"column":2},"end":{"line":220,"column":null}},"22":{"start":{"line":221,"column":2},"end":{"line":221,"column":null}},"23":{"start":{"line":222,"column":2},"end":{"line":222,"column":null}},"24":{"start":{"line":223,"column":2},"end":{"line":223,"column":null}},"25":{"start":{"line":224,"column":2},"end":{"line":224,"column":null}},"26":{"start":{"line":225,"column":2},"end":{"line":225,"column":null}},"27":{"start":{"line":226,"column":2},"end":{"line":226,"column":null}},"28":{"start":{"line":227,"column":2},"end":{"line":227,"column":null}},"29":{"start":{"line":228,"column":2},"end":{"line":228,"column":null}},"30":{"start":{"line":218,"column":12},"end":{"line":218,"column":null}}},"fnMap":{"0":{"name":"(anonymous_0)","decl":{"start":{"line":101,"column":2},"end":{"line":101,"column":null}},"loc":{"start":{"line":105,"column":4},"end":{"line":108,"column":null}},"line":105},"1":{"name":"(anonymous_1)","decl":{"start":{"line":112,"column":2},"end":{"line":112,"column":null}},"loc":{"start":{"line":116,"column":4},"end":{"line":119,"column":null}},"line":116},"2":{"name":"(anonymous_2)","decl":{"start":{"line":193,"column":7},"end":{"line":193,"column":12}},"loc":{"start":{"line":193,"column":7},"end":{"line":193,"column":null}},"line":193},"3":{"name":"(anonymous_3)","decl":{"start":{"line":218,"column":7},"end":{"line":218,"column":12}},"loc":{"start":{"line":218,"column":7},"end":{"line":218,"column":null}},"line":218}},"branchMap":{"0":{"loc":{"start":{"line":193,"column":12},"end":{"line":193,"column":null}},"type":"binary-expr","locations":[{"start":{"line":193,"column":12},"end":{"line":193,"column":null}},{"start":{"line":193,"column":12},"end":{"line":193,"column":null}}],"line":193},"1":{"loc":{"start":{"line":218,"column":12},"end":{"line":218,"column":null}},"type":"binary-expr","locations":[{"start":{"line":218,"column":12},"end":{"line":218,"column":null}},{"start":{"line":218,"column":12},"end":{"line":218,"column":null}}],"line":218}},"s":{"0":9,"1":9,"2":9,"3":9,"4":0,"5":0,"6":0,"7":0,"8":10,"9":10,"10":10,"11":10,"12":10,"13":10,"14":10,"15":10,"16":10,"17":10,"18":10,"19":10,"20":10,"21":10,"22":10,"23":10,"24":10,"25":10,"26":10,"27":10,"28":10,"29":10,"30":10},"f":{"0":9,"1":0,"2":10,"3":10},"b":{"0":[10,10],"1":[10,10]},"meta":{"lastBranch":2,"lastFunction":4,"lastStatement":31,"seen":{"f:101:2:101:Infinity":0,"s:106:4:106:Infinity":0,"s:103:11:103:Infinity":1,"s:104:11:104:Infinity":2,"s:107:4:107:Infinity":3,"f:112:2:112:Infinity":1,"s:117:4:117:Infinity":4,"s:114:11:114:Infinity":5,"s:115:11:115:Infinity":6,"s:118:4:118:Infinity":7,"s:193:7:193:Infinity":8,"f:193:7:193:12":2,"s:194:2:194:Infinity":9,"s:195:2:195:Infinity":10,"s:196:2:196:Infinity":11,"s:197:2:197:Infinity":12,"s:198:2:198:Infinity":13,"s:199:2:199:Infinity":14,"s:200:2:200:Infinity":15,"s:201:2:201:Infinity":16,"s:202:2:202:Infinity":17,"s:193:12:193:Infinity":18,"b:193:12:193:Infinity:193:12:193:Infinity":0,"s:218:7:218:Infinity":19,"f:218:7:218:12":3,"s:219:2:219:Infinity":20,"s:220:2:220:Infinity":21,"s:221:2:221:Infinity":22,"s:222:2:222:Infinity":23,"s:223:2:223:Infinity":24,"s:224:2:224:Infinity":25,"s:225:2:225:Infinity":26,"s:226:2:226:Infinity":27,"s:227:2:227:Infinity":28,"s:228:2:228:Infinity":29,"s:218:12:218:Infinity":30,"b:218:12:218:Infinity:218:12:218:Infinity":1}}}
,"/home/alonsooteroseminario/source/repos/journey-tracker/src/types/index.ts": {"path":"/home/alonsooteroseminario/source/repos/journey-tracker/src/types/index.ts","statementMap":{"0":{"start":{"line":10,"column":70},"end":{"line":14,"column":null}}},"fnMap":{},"branchMap":{},"s":{"0":2},"f":{},"b":{},"meta":{"lastBranch":0,"lastFunction":0,"lastStatement":1,"seen":{"s:10:70:14:Infinity":0}}}
}
