TN:
SF:package.json
FNF:0
FNH:0
LF:0
LH:0
BRF:0
BRH:0
end_of_record
TN:
SF:src/app/api/activity/route.ts
FN:7,GET
FN:36,(anonymous_1)
FN:58,POST
FNF:3
FNH:3
FNDA:8,GET
FNDA:2,(anonymous_1)
FNDA:6,POST
DA:8,8
DA:9,8
DA:10,8
DA:11,1
DA:14,7
DA:17,7
DA:22,8
DA:23,2
DA:26,5
DA:28,5
DA:35,4
DA:36,2
DA:49,1
DA:50,1
DA:59,6
DA:60,6
DA:61,6
DA:62,1
DA:65,5
DA:68,5
DA:69,5
DA:70,2
DA:73,3
DA:75,3
DA:87,2
DA:101,1
DA:102,1
LF:27
LH:27
BRDA:10,0,0,1
BRDA:10,0,1,7
BRDA:18,1,0,7
BRDA:18,1,1,4
BRDA:19,2,0,8
BRDA:19,2,1,4
BRDA:22,3,0,2
BRDA:22,3,1,6
BRDA:40,4,0,2
BRDA:40,4,1,0
BRDA:61,5,0,1
BRDA:61,5,1,5
BRDA:69,6,0,2
BRDA:69,6,1,3
BRDA:92,7,0,2
BRDA:92,7,1,0
BRF:16
BRH:14
end_of_record
TN:
SF:src/app/api/agent/chat/route.ts
FN:18,getAnthropicClient
FN:54,GET
FN:69,(anonymous_2)
FN:83,POST
FN:122,(anonymous_4)
FN:123,(anonymous_5)
FN:156,createSSEResponse
FN:165,(anonymous_7)
FN:167,(anonymous_8)
FN:181,(anonymous_9)
FN:184,(anonymous_10)
FN:233,sendSSE
FN:262,partitionForExecution
FN:294,runAgentLoop
FN:341,(anonymous_14)
FN:351,(anonymous_15)
FN:366,(anonymous_16)
FN:408,(anonymous_17)
FN:419,(anonymous_18)
FN:435,(anonymous_19)
FNF:20
FNH:13
FNDA:3,getAnthropicClient
FNDA:2,GET
FNDA:2,(anonymous_2)
FNDA:5,POST
FNDA:2,(anonymous_4)
FNDA:2,(anonymous_5)
FNDA:0,createSSEResponse
FNDA:0,(anonymous_7)
FNDA:0,(anonymous_8)
FNDA:0,(anonymous_9)
FNDA:0,(anonymous_10)
FNDA:0,sendSSE
FNDA:1,partitionForExecution
FNDA:2,runAgentLoop
FNDA:2,(anonymous_14)
FNDA:1,(anonymous_15)
FNDA:1,(anonymous_16)
FNDA:1,(anonymous_17)
FNDA:1,(anonymous_18)
FNDA:0,(anonymous_19)
DA:19,3
DA:24,1
DA:25,1
DA:26,1
DA:29,1
DA:49,1
DA:55,2
DA:56,2
DA:58,2
DA:59,1
DA:62,1
DA:63,1
DA:65,1
DA:69,2
DA:72,0
DA:73,0
DA:84,5
DA:86,5
DA:88,5
DA:89,1
DA:93,4
DA:94,1
DA:95,1
DA:96,1
DA:103,3
DA:104,3
DA:106,3
DA:107,1
DA:114,2
DA:117,2
DA:118,2
DA:121,2
DA:122,2
DA:123,2
DA:129,2
DA:130,0
DA:134,2
DA:136,2
DA:143,0
DA:144,0
DA:146,0
DA:162,0
DA:164,0
DA:167,0
DA:168,0
DA:169,0
DA:171,0
DA:175,0
DA:177,0
DA:180,0
DA:182,0
DA:185,0
DA:190,0
DA:198,0
DA:199,0
DA:201,0
DA:203,0
DA:204,0
DA:205,0
DA:208,0
DA:209,0
DA:211,0
DA:216,0
DA:221,0
DA:238,0
DA:239,0
DA:240,0
DA:247,1
DA:265,1
DA:266,1
DA:267,1
DA:269,1
DA:270,1
DA:271,1
DA:273,0
DA:274,0
DA:275,0
DA:276,0
DA:277,0
DA:279,0
DA:284,1
DA:285,1
DA:286,1
DA:287,1
DA:288,1
DA:302,2
DA:304,2
DA:305,2
DA:309,2
DA:310,3
DA:313,3
DA:314,0
DA:320,3
DA:321,0
DA:328,3
DA:339,3
DA:341,2
DA:342,2
DA:344,2
DA:350,1
DA:351,1
DA:354,1
DA:355,1
DA:356,0
DA:363,1
DA:364,1
DA:366,1
DA:367,1
DA:368,1
DA:369,1
DA:371,1
DA:373,1
DA:375,1
DA:376,0
DA:377,0
DA:378,0
DA:382,0
DA:385,1
DA:386,1
DA:387,1
DA:388,1
DA:390,1
DA:391,1
DA:392,0
DA:393,0
DA:394,0
DA:399,1
DA:407,1
DA:408,1
DA:411,1
DA:417,1
DA:419,1
DA:426,1
DA:427,0
DA:430,1
DA:434,0
DA:435,0
DA:436,0
DA:438,0
DA:446,0
DA:449,0
DA:454,1
LF:142
LH:87
BRDA:20,0,0,3
BRDA:20,0,1,3
BRDA:24,1,0,1
BRDA:24,1,1,1
BRDA:25,2,0,1
BRDA:25,2,1,1
BRDA:26,3,0,1
BRDA:26,3,1,1
BRDA:58,4,0,1
BRDA:58,4,1,1
BRDA:88,5,0,1
BRDA:88,5,1,4
BRDA:93,6,0,1
BRDA:93,6,1,3
BRDA:104,7,0,3
BRDA:106,8,0,1
BRDA:106,8,1,2
BRDA:106,9,0,3
BRDA:106,9,1,3
BRDA:129,10,0,0
BRDA:129,10,1,2
BRDA:203,11,0,0
BRDA:203,11,1,0
BRDA:270,12,0,1
BRDA:270,12,1,0
BRDA:274,13,0,0
BRDA:274,13,1,0
BRDA:274,13,2,0
BRDA:275,14,0,0
BRDA:275,14,1,0
BRDA:276,15,0,0
BRDA:276,15,1,0
BRDA:285,16,0,1
BRDA:285,16,1,0
BRDA:313,17,0,0
BRDA:313,17,1,3
BRDA:320,18,0,0
BRDA:320,18,1,3
BRDA:339,19,0,2
BRDA:339,19,1,1
BRDA:342,20,0,2
BRDA:342,20,1,0
BRDA:342,21,0,2
BRDA:342,21,1,2
BRDA:354,22,0,1
BRDA:354,22,1,0
BRDA:354,23,0,1
BRDA:354,23,1,0
BRDA:354,23,2,0
BRDA:355,24,0,0
BRDA:355,24,1,1
BRDA:371,25,0,0
BRDA:371,25,1,1
BRDA:375,26,0,0
BRDA:375,26,1,1
BRDA:376,27,0,0
BRDA:376,27,1,0
BRDA:377,28,0,0
BRDA:377,28,1,0
BRDA:385,29,0,0
BRDA:385,29,1,1
BRDA:387,30,0,0
BRDA:387,30,1,1
BRDA:390,31,0,1
BRDA:390,31,1,0
BRDA:390,32,0,1
BRDA:390,32,1,1
BRDA:391,33,0,0
BRDA:391,33,1,1
BRDA:391,34,0,1
BRDA:391,34,1,1
BRDA:393,35,0,0
BRDA:393,35,1,0
BRDA:426,36,0,0
BRDA:426,36,1,1
BRDA:434,37,0,0
BRDA:434,37,1,0
BRDA:436,38,0,0
BRDA:436,38,1,0
BRDA:436,39,0,0
BRDA:436,39,1,0
BRF:81
BRH:43
end_of_record
TN:
SF:src/app/api/cron/check-streaks/route.ts
FN:9,GET
FNF:1
FNH:1
FNDA:4,GET
DA:10,4
DA:12,4
DA:13,4
DA:14,1
DA:17,3
DA:19,2
DA:26,1
DA:27,1
LF:8
LH:8
BRDA:13,0,0,1
BRDA:13,0,1,3
BRDA:31,1,0,1
BRDA:31,1,1,0
BRF:4
BRH:3
end_of_record
TN:
SF:src/app/api/cron/daily-reminders/route.ts
FN:10,GET
FN:47,(anonymous_1)
FN:51,(anonymous_2)
FN:58,(anonymous_3)
FNF:4
FNH:4
FNDA:4,GET
FNDA:2,(anonymous_1)
FNDA:1,(anonymous_2)
FNDA:2,(anonymous_3)
DA:11,4
DA:13,4
DA:14,4
DA:15,1
DA:19,3
DA:30,3
DA:32,3
DA:34,3
DA:35,3
DA:37,3
DA:38,2
DA:47,3
DA:52,1
DA:53,1
DA:57,3
DA:58,3
DA:59,3
DA:61,3
DA:72,0
DA:73,0
LF:20
LH:18
BRDA:14,0,0,1
BRDA:14,0,1,3
BRDA:37,1,0,2
BRDA:37,1,1,1
BRDA:76,2,0,0
BRDA:76,2,1,0
BRF:6
BRH:4
end_of_record
TN:
SF:src/app/api/email-preferences/route.ts
FN:26,GET
FN:58,PATCH
FNF:2
FNH:2
FNDA:3,GET
FNDA:4,PATCH
DA:6,1
DA:27,3
DA:28,3
DA:29,3
DA:30,1
DA:34,2
DA:38,2
DA:39,1
DA:44,2
DA:46,0
DA:47,0
DA:59,4
DA:60,4
DA:61,4
DA:62,1
DA:65,3
DA:66,3
DA:69,3
DA:73,2
DA:75,1
DA:83,1
DA:89,2
DA:91,1
DA:92,1
DA:98,0
DA:99,0
LF:26
LH:22
BRDA:29,0,0,1
BRDA:29,0,1,2
BRDA:38,1,0,1
BRDA:38,1,1,1
BRDA:61,2,0,1
BRDA:61,2,1,3
BRDA:73,3,0,1
BRDA:73,3,1,1
BRDA:91,4,0,1
BRDA:91,4,1,0
BRF:10
BRH:9
end_of_record
TN:
SF:src/app/api/feed/route.ts
FN:43,GET
FN:60,(anonymous_1)
FN:115,(anonymous_2)
FN:120,(anonymous_3)
FN:137,POST
FNF:5
FNH:5
FNDA:4,GET
FNDA:2,(anonymous_1)
FNDA:2,(anonymous_2)
FNDA:1,(anonymous_3)
FNDA:3,POST
DA:6,1
DA:44,4
DA:45,4
DA:46,4
DA:47,1
DA:50,3
DA:51,3
DA:52,4
DA:55,4
DA:60,3
DA:61,3
DA:64,3
DA:115,3
DA:120,1
DA:123,3
DA:125,0
DA:126,0
DA:138,3
DA:139,3
DA:140,3
DA:141,1
DA:144,2
DA:145,2
DA:147,2
DA:166,1
DA:176,1
DA:177,1
DA:183,0
DA:184,0
LF:29
LH:25
BRDA:46,0,0,1
BRDA:46,0,1,3
BRDA:51,1,0,3
BRDA:51,1,1,0
BRDA:52,2,0,4
BRDA:52,2,1,2
BRDA:140,3,0,1
BRDA:140,3,1,2
BRDA:152,4,0,2
BRDA:152,4,1,0
BRDA:176,5,0,1
BRDA:176,5,1,0
BRF:12
BRH:9
end_of_record
TN:
SF:src/app/api/feed/[feedItemId]/cheers/route.ts
FN:14,POST
FNF:1
FNH:1
FNDA:4,POST
DA:6,1
DA:18,4
DA:19,4
DA:20,4
DA:21,1
DA:24,3
DA:25,3
DA:26,3
DA:29,3
DA:38,3
DA:40,1
DA:44,1
DA:50,2
DA:58,2
DA:65,0
DA:66,0
DA:72,0
DA:73,0
LF:18
LH:14
BRDA:20,0,0,1
BRDA:20,0,1,3
BRDA:38,1,0,1
BRDA:38,1,1,2
BRDA:65,2,0,0
BRDA:65,2,1,0
BRF:6
BRH:4
end_of_record
TN:
SF:src/app/api/feed/[feedItemId]/comments/route.ts
FN:14,GET
FN:39,(anonymous_1)
FN:59,POST
FNF:3
FNH:3
FNDA:2,GET
FNDA:2,(anonymous_1)
FNDA:4,POST
DA:6,1
DA:18,2
DA:19,2
DA:20,2
DA:21,1
DA:24,1
DA:25,1
DA:39,2
DA:45,1
DA:47,0
DA:48,0
DA:63,4
DA:64,4
DA:65,4
DA:66,1
DA:69,3
DA:70,3
DA:71,3
DA:74,3
DA:78,2
DA:79,1
DA:85,1
DA:102,1
DA:108,1
DA:109,1
DA:115,0
DA:116,0
LF:27
LH:23
BRDA:20,0,0,1
BRDA:20,0,1,1
BRDA:65,1,0,1
BRDA:65,1,1,3
BRDA:78,2,0,1
BRDA:78,2,1,1
BRDA:108,3,0,1
BRDA:108,3,1,0
BRF:8
BRH:7
end_of_record
TN:
SF:src/app/api/fork-requests/route.ts
FN:9,GET
FNF:1
FNH:1
FNDA:3,GET
DA:10,3
DA:11,3
DA:12,3
DA:13,1
DA:17,2
DA:34,2
DA:36,0
DA:37,0
LF:8
LH:6
BRDA:12,0,0,1
BRDA:12,0,1,2
BRF:2
BRH:2
end_of_record
TN:
SF:src/app/api/friends/route.ts
FN:8,GET
FN:29,(anonymous_1)
FN:45,(anonymous_2)
FN:47,(anonymous_3)
FN:83,POST
FNF:5
FNH:5
FNDA:4,GET
FNDA:1,(anonymous_1)
FNDA:2,(anonymous_2)
FNDA:2,(anonymous_3)
FNDA:9,POST
DA:9,4
DA:10,4
DA:11,4
DA:12,1
DA:16,3
DA:28,2
DA:32,1
DA:35,1
DA:40,1
DA:44,1
DA:45,1
DA:46,2
DA:47,2
DA:50,1
DA:70,2
DA:74,1
DA:75,1
DA:84,9
DA:85,9
DA:86,9
DA:87,1
DA:90,8
DA:93,8
DA:94,8
DA:95,1
DA:98,7
DA:101,7
DA:106,6
DA:107,1
DA:113,5
DA:114,1
DA:120,4
DA:121,1
DA:127,3
DA:128,1
DA:135,2
DA:144,2
DA:145,1
DA:152,1
DA:168,1
DA:178,1
DA:185,1
DA:187,1
DA:188,1
LF:44
LH:44
BRDA:11,0,0,1
BRDA:11,0,1,3
BRDA:32,1,0,1
BRDA:32,1,1,0
BRDA:46,2,0,2
BRDA:46,2,1,0
BRDA:47,3,0,2
BRDA:47,3,1,2
BRDA:62,4,0,1
BRDA:62,4,1,0
BRDA:63,5,0,1
BRDA:63,5,1,0
BRDA:86,6,0,1
BRDA:86,6,1,8
BRDA:94,7,0,1
BRDA:94,7,1,7
BRDA:106,8,0,1
BRDA:106,8,1,5
BRDA:113,9,0,1
BRDA:113,9,1,4
BRDA:120,10,0,1
BRDA:120,10,1,3
BRDA:127,11,0,1
BRDA:127,11,1,2
BRDA:144,12,0,1
BRDA:144,12,1,1
BRF:26
BRH:22
end_of_record
TN:
SF:src/app/api/goals/route.ts
FN:9,GET
FN:22,(anonymous_1)
FN:55,POST
FN:77,(anonymous_3)
FN:80,(anonymous_4)
FNF:5
FNH:3
FNDA:4,GET
FNDA:2,(anonymous_1)
FNDA:6,POST
FNDA:0,(anonymous_3)
FNDA:0,(anonymous_4)
DA:10,4
DA:11,4
DA:12,4
DA:13,1
DA:16,3
DA:22,2
DA:42,2
DA:46,1
DA:47,1
DA:56,6
DA:57,6
DA:58,6
DA:59,1
DA:62,5
DA:65,5
DA:66,5
DA:67,2
DA:70,3
DA:73,3
DA:76,3
DA:77,6
DA:80,0
DA:86,6
DA:104,2
DA:124,1
DA:125,1
LF:26
LH:25
BRDA:12,0,0,1
BRDA:12,0,1,3
BRDA:27,1,0,2
BRDA:27,1,1,0
BRDA:28,2,0,2
BRDA:28,2,1,2
BRDA:29,3,0,2
BRDA:29,3,1,2
BRDA:30,4,0,2
BRDA:30,4,1,2
BRDA:31,5,0,2
BRDA:31,5,1,2
BRDA:32,6,0,2
BRDA:32,6,1,2
BRDA:39,7,0,2
BRDA:39,7,1,2
BRDA:58,8,0,1
BRDA:58,8,1,5
BRDA:66,9,0,2
BRDA:66,9,1,3
BRDA:73,10,0,3
BRDA:73,10,1,3
BRDA:76,11,0,3
BRDA:76,11,1,0
BRDA:79,12,0,0
BRDA:79,12,1,0
BRDA:80,13,0,0
BRDA:80,13,1,0
BRDA:82,14,0,0
BRDA:82,14,1,0
BRDA:90,15,0,6
BRDA:90,15,1,2
BRDA:93,16,0,6
BRDA:93,16,1,3
BRDA:94,17,0,6
BRDA:94,17,1,3
BRDA:95,18,0,6
BRDA:95,18,1,3
BRDA:96,19,0,6
BRDA:96,19,1,3
BRDA:97,20,0,6
BRDA:97,20,1,3
BRDA:98,21,0,1
BRDA:98,21,1,2
BRDA:99,22,0,1
BRDA:99,22,1,2
BRDA:100,23,0,6
BRDA:100,23,1,0
BRF:48
BRH:39
end_of_record
TN:
SF:src/app/api/goals/[goalId]/route.ts
FN:7,GET
FN:55,PATCH
FN:132,DELETE
FNF:3
FNH:3
FNDA:4,GET
FNDA:6,PATCH
FNDA:4,DELETE
DA:11,4
DA:12,4
DA:13,4
DA:14,1
DA:17,3
DA:19,3
DA:23,3
DA:24,2
DA:27,1
DA:46,0
DA:47,0
DA:59,6
DA:60,6
DA:61,6
DA:62,1
DA:65,5
DA:68,5
DA:72,5
DA:73,2
DA:76,3
DA:79,3
DA:80,3
DA:81,1
DA:84,2
DA:87,2
DA:88,2
DA:89,2
DA:90,2
DA:91,2
DA:92,2
DA:93,2
DA:94,2
DA:95,2
DA:96,2
DA:97,2
DA:98,2
DA:99,2
DA:100,2
DA:101,2
DA:102,2
DA:104,2
DA:109,2
DA:123,0
DA:124,0
DA:136,4
DA:137,4
DA:138,4
DA:139,1
DA:142,3
DA:145,3
DA:149,3
DA:150,2
DA:153,1
DA:155,1
DA:157,0
DA:158,0
LF:56
LH:50
BRDA:13,0,0,1
BRDA:13,0,1,3
BRDA:23,1,0,2
BRDA:23,1,1,1
BRDA:43,2,0,4
BRDA:43,2,1,1
BRDA:61,3,0,1
BRDA:61,3,1,5
BRDA:72,4,0,2
BRDA:72,4,1,3
BRDA:80,5,0,1
BRDA:80,5,1,2
BRDA:88,6,0,1
BRDA:88,6,1,1
BRDA:89,7,0,1
BRDA:89,7,1,1
BRDA:90,8,0,0
BRDA:90,8,1,2
BRDA:91,9,0,0
BRDA:91,9,1,2
BRDA:92,10,0,0
BRDA:92,10,1,2
BRDA:93,11,0,0
BRDA:93,11,1,2
BRDA:94,12,0,0
BRDA:94,12,1,2
BRDA:95,13,0,0
BRDA:95,13,1,2
BRDA:96,14,0,0
BRDA:96,14,1,2
BRDA:97,15,0,1
BRDA:97,15,1,1
BRDA:98,16,0,0
BRDA:98,16,1,1
BRDA:99,17,0,1
BRDA:99,17,1,1
BRDA:100,18,0,0
BRDA:100,18,1,1
BRDA:101,19,0,0
BRDA:101,19,1,2
BRDA:102,20,0,0
BRDA:102,20,1,2
BRDA:120,21,0,6
BRDA:120,21,1,2
BRDA:138,22,0,1
BRDA:138,22,1,3
BRDA:149,23,0,2
BRDA:149,23,1,1
BRF:48
BRH:37
end_of_record
TN:
SF:src/app/api/goals/[goalId]/tasks/[taskId]/route.ts
FN:7,PATCH
FN:40,(anonymous_1)
FNF:2
FNH:2
FNDA:11,PATCH
FNDA:7,(anonymous_1)
DA:11,11
DA:12,11
DA:13,11
DA:14,1
DA:17,10
DA:19,10
DA:23,10
DA:24,2
DA:27,8
DA:30,8
DA:31,8
DA:32,2
DA:35,6
DA:36,6
DA:39,11
DA:40,11
DA:41,7
DA:42,4
DA:43,4
DA:46,11
DA:47,2
DA:50,4
DA:55,3
DA:62,1
DA:63,1
LF:25
LH:25
BRDA:13,0,0,1
BRDA:13,0,1,10
BRDA:23,1,0,2
BRDA:23,1,1,8
BRDA:31,2,0,2
BRDA:31,2,1,6
BRDA:36,3,0,6
BRDA:36,3,1,0
BRDA:41,4,0,3
BRDA:41,4,1,4
BRDA:46,5,0,2
BRDA:46,5,1,9
BRF:12
BRH:11
end_of_record
TN:
SF:src/app/api/health/route.ts
FN:5,GET
FNF:1
FNH:1
FNDA:4,GET
DA:3,1
DA:6,4
DA:7,4
DA:16,1
DA:17,1
LF:5
LH:5
BRF:0
BRH:0
end_of_record
TN:
SF:src/app/api/marketplace/[templateId]/route.ts
FN:8,GET
FNF:1
FNH:1
FNDA:4,GET
DA:12,4
DA:13,4
DA:15,4
DA:28,4
DA:29,1
DA:33,3
DA:34,2
DA:40,1
DA:42,0
DA:43,0
LF:10
LH:8
BRDA:28,0,0,1
BRDA:28,0,1,3
BRDA:33,1,0,2
BRDA:33,1,1,1
BRDA:33,2,0,3
BRDA:33,2,1,2
BRF:6
BRH:6
end_of_record
TN:
SF:src/app/api/profile/route.ts
FN:8,GET
FN:37,PATCH
FNF:2
FNH:2
FNDA:3,GET
FNDA:7,PATCH
DA:9,3
DA:10,3
DA:11,2
DA:12,1
DA:15,1
DA:28,1
DA:29,1
DA:38,7
DA:39,7
DA:40,7
DA:41,1
DA:44,6
DA:47,6
DA:48,6
DA:49,2
DA:52,4
DA:54,4
DA:55,4
DA:56,4
DA:57,4
DA:58,4
DA:59,4
DA:60,4
DA:63,4
DA:72,4
DA:78,3
DA:86,3
DA:87,3
DA:94,3
DA:105,1
DA:106,1
LF:31
LH:31
BRDA:11,0,0,1
BRDA:11,0,1,1
BRDA:40,1,0,1
BRDA:40,1,1,6
BRDA:48,2,0,2
BRDA:48,2,1,4
BRDA:55,3,0,2
BRDA:55,3,1,2
BRDA:56,4,0,1
BRDA:56,4,1,3
BRDA:57,5,0,2
BRDA:57,5,1,2
BRDA:58,6,0,0
BRDA:58,6,1,4
BRDA:59,7,0,1
BRDA:59,7,1,3
BRDA:60,8,0,1
BRDA:60,8,1,3
BRF:18
BRH:17
end_of_record
TN:
SF:src/app/api/profile/image/route.ts
FN:7,POST
FNF:1
FNH:1
FNDA:8,POST
DA:8,8
DA:9,8
DA:10,8
DA:11,1
DA:14,7
DA:17,7
DA:18,7
DA:19,3
DA:22,4
DA:27,3
DA:29,1
DA:30,1
LF:12
LH:12
BRDA:10,0,0,1
BRDA:10,0,1,7
BRDA:18,1,0,3
BRDA:18,1,1,4
BRF:4
BRH:4
end_of_record
TN:
SF:src/app/api/share/streak/route.tsx
FN:13,createImageResponse
FN:28,tierIcon
FN:35,tierLabel
FN:42,GET
FN:75,(anonymous_4)
FN:76,(anonymous_5)
FN:77,(anonymous_6)
FN:78,(anonymous_7)
FNF:8
FNH:8
FNDA:5,createImageResponse
FNDA:3,tierIcon
FNDA:3,tierLabel
FNDA:6,GET
FNDA:2,(anonymous_4)
FNDA:2,(anonymous_5)
FNDA:2,(anonymous_6)
FNDA:2,(anonymous_7)
DA:8,1
DA:16,5
DA:17,5
DA:18,5
DA:20,5
DA:24,1
DA:25,1
DA:26,1
DA:29,3
DA:30,3
DA:31,1
DA:32,0
DA:36,3
DA:37,3
DA:38,1
DA:39,0
DA:43,6
DA:44,6
DA:45,1
DA:48,5
DA:49,6
DA:50,6
DA:51,6
DA:52,6
DA:53,6
DA:55,6
DA:56,6
DA:57,6
DA:59,6
DA:60,2
DA:64,2
DA:65,2
DA:66,2
DA:68,3
DA:75,3
DA:76,3
DA:77,3
DA:78,2
DA:79,1
DA:82,5
LF:40
LH:38
BRDA:29,0,0,0
BRDA:29,0,1,3
BRDA:30,1,0,2
BRDA:30,1,1,1
BRDA:31,2,0,1
BRDA:31,2,1,0
BRDA:36,3,0,0
BRDA:36,3,1,3
BRDA:37,4,0,2
BRDA:37,4,1,1
BRDA:38,5,0,1
BRDA:38,5,1,0
BRDA:44,6,0,1
BRDA:44,6,1,5
BRDA:48,7,0,5
BRDA:48,7,1,0
BRDA:59,8,0,2
BRDA:59,8,1,3
BRDA:64,9,0,2
BRDA:64,9,1,1
BRDA:65,10,0,2
BRDA:65,10,1,1
BRDA:66,11,0,1
BRDA:66,11,1,1
BRDA:77,12,0,0
BRDA:77,12,1,3
BRDA:77,13,0,1
BRDA:77,13,1,2
BRDA:78,14,0,1
BRDA:78,14,1,1
BRDA:143,15,0,5
BRDA:143,15,1,0
BRDA:147,16,0,6
BRDA:147,16,1,5
BRDA:147,16,2,3
BRDA:165,17,0,6
BRDA:165,17,1,5
BRDA:165,17,2,1
BRDA:171,18,0,6
BRDA:171,18,1,5
BRDA:178,19,0,6
BRDA:178,19,1,5
BRF:42
BRH:35
end_of_record
TN:
SF:src/app/api/streaks/route.ts
FN:8,GET
FN:69,PATCH
FNF:2
FNH:2
FNDA:3,GET
FNDA:2,PATCH
DA:9,3
DA:10,3
DA:11,3
DA:12,1
DA:15,2
DA:20,2
DA:21,0
DA:31,2
DA:35,2
DA:38,2
DA:39,1
DA:46,2
DA:47,2
DA:51,3
DA:60,0
DA:61,0
DA:70,2
DA:71,2
DA:72,2
DA:73,1
DA:76,1
DA:78,1
DA:85,0
DA:86,0
LF:24
LH:19
BRDA:11,0,0,1
BRDA:11,0,1,2
BRDA:20,1,0,0
BRDA:20,1,1,2
BRDA:38,2,0,1
BRDA:38,2,1,1
BRDA:47,3,0,2
BRDA:47,3,1,0
BRDA:72,4,0,1
BRDA:72,4,1,1
BRF:10
BRH:8
end_of_record
TN:
SF:src/components/AnalyticsDashboard.tsx
FN:12,AnalyticsDashboard
FN:27,(anonymous_1)
FN:28,(anonymous_2)
FN:156,(anonymous_3)
FN:161,(anonymous_4)
FN:178,(anonymous_5)
FN:221,(anonymous_6)
FN:297,(anonymous_7)
FN:325,(anonymous_8)
FN:360,MetricCard
FNF:10
FNH:10
FNDA:27,AnalyticsDashboard
FNDA:1,(anonymous_1)
FNDA:3,(anonymous_2)
FNDA:2,(anonymous_3)
FNDA:4,(anonymous_4)
FNDA:1,(anonymous_5)
FNDA:3,(anonymous_6)
FNDA:1,(anonymous_7)
FNDA:1,(anonymous_8)
FNDA:109,MetricCard
DA:14,27
DA:15,27
DA:18,27
DA:27,27
DA:28,27
DA:30,27
DA:157,2
DA:161,4
DA:179,1
DA:222,3
DA:298,1
DA:326,1
DA:361,109
DA:369,109
LF:14
LH:14
BRDA:18,0,0,1
BRDA:18,0,1,26
BRDA:38,1,0,27
BRDA:38,1,1,2
BRDA:66,2,0,27
BRDA:66,2,1,26
BRDA:71,3,0,27
BRDA:71,3,1,1
BRDA:146,4,0,1
BRDA:146,4,1,26
BRDA:152,5,0,27
BRDA:152,5,1,1
BRDA:174,6,0,27
BRDA:174,6,1,1
BRDA:217,7,0,27
BRDA:217,7,1,3
BRDA:238,8,0,1
BRDA:238,8,1,2
BRDA:258,9,0,2
BRDA:258,9,1,1
BRDA:262,10,0,2
BRDA:262,10,1,1
BRDA:270,11,0,27
BRDA:270,11,1,1
BRDA:293,12,0,27
BRDA:293,12,1,2
BRDA:293,12,2,1
BRDA:321,13,0,27
BRDA:321,13,1,2
BRDA:321,13,2,1
BRF:30
BRH:30
end_of_record
TN:
SF:src/components/BudgetSummary.tsx
FN:10,BudgetSummary
FN:15,(anonymous_1)
FN:26,(anonymous_2)
FN:78,(anonymous_3)
FN:85,(anonymous_4)
FNF:5
FNH:5
FNDA:10,BudgetSummary
FNDA:30,(anonymous_1)
FNDA:4,(anonymous_2)
FNDA:6,(anonymous_3)
FNDA:9,(anonymous_4)
DA:11,10
DA:14,10
DA:15,10
DA:16,30
DA:17,20
DA:19,30
DA:22,10
DA:26,4
DA:79,6
DA:86,9
LF:10
LH:10
BRDA:16,0,0,20
BRDA:16,0,1,10
BRDA:39,1,0,3
BRDA:39,1,1,7
BRDA:76,2,0,10
BRDA:76,2,1,3
BRF:6
BRH:6
end_of_record
TN:
SF:src/components/Calendar.tsx
FN:8,toLocalDateStr
FN:16,parseLocalDate
FN:27,Calendar
FN:34,(anonymous_3)
FN:50,(anonymous_4)
FN:57,(anonymous_5)
FN:58,(anonymous_6)
FN:60,(anonymous_7)
FN:61,(anonymous_8)
FN:70,(anonymous_9)
FN:77,(anonymous_10)
FN:78,(anonymous_11)
FN:80,(anonymous_12)
FN:81,(anonymous_13)
FN:91,(anonymous_14)
FN:98,(anonymous_15)
FN:99,(anonymous_16)
FN:101,(anonymous_17)
FN:102,(anonymous_18)
FN:110,(anonymous_19)
FN:112,(anonymous_20)
FN:115,(anonymous_21)
FN:117,(anonymous_22)
FN:122,(anonymous_23)
FN:126,(anonymous_24)
FN:130,(anonymous_25)
FN:136,(anonymous_26)
FN:137,(anonymous_27)
FN:139,(anonymous_28)
FN:140,(anonymous_29)
FN:141,(anonymous_30)
FN:142,(anonymous_31)
FN:208,(anonymous_32)
FN:217,(anonymous_33)
FN:222,(anonymous_34)
FN:284,(anonymous_35)
FNF:36
FNH:19
FNDA:168,toLocalDateStr
FNDA:168,parseLocalDate
FNDA:4,Calendar
FNDA:4,(anonymous_3)
FNDA:0,(anonymous_4)
FNDA:0,(anonymous_5)
FNDA:0,(anonymous_6)
FNDA:0,(anonymous_7)
FNDA:0,(anonymous_8)
FNDA:124,(anonymous_9)
FNDA:3,(anonymous_10)
FNDA:3,(anonymous_11)
FNDA:3,(anonymous_12)
FNDA:0,(anonymous_13)
FNDA:44,(anonymous_14)
FNDA:0,(anonymous_15)
FNDA:0,(anonymous_16)
FNDA:0,(anonymous_17)
FNDA:0,(anonymous_18)
FNDA:4,(anonymous_19)
FNDA:0,(anonymous_20)
FNDA:4,(anonymous_21)
FNDA:0,(anonymous_22)
FNDA:0,(anonymous_23)
FNDA:0,(anonymous_24)
FNDA:0,(anonymous_25)
FNDA:4,(anonymous_26)
FNDA:168,(anonymous_27)
FNDA:124,(anonymous_28)
FNDA:124,(anonymous_29)
FNDA:124,(anonymous_30)
FNDA:124,(anonymous_31)
FNDA:28,(anonymous_32)
FNDA:168,(anonymous_33)
FNDA:0,(anonymous_34)
FNDA:0,(anonymous_35)
DA:9,168
DA:10,168
DA:11,168
DA:12,168
DA:17,168
DA:18,168
DA:28,4
DA:29,4
DA:31,4
DA:34,4
DA:35,4
DA:36,4
DA:38,4
DA:39,4
DA:40,4
DA:41,4
DA:43,4
DA:46,4
DA:47,4
DA:48,0
DA:49,0
DA:50,0
DA:52,0
DA:57,0
DA:58,0
DA:60,0
DA:61,0
DA:67,0
DA:68,124
DA:69,124
DA:70,124
DA:72,124
DA:77,3
DA:78,3
DA:80,3
DA:81,0
DA:87,124
DA:88,124
DA:89,44
DA:90,44
DA:91,44
DA:93,44
DA:98,0
DA:99,0
DA:101,0
DA:102,0
DA:107,44
DA:110,4
DA:111,4
DA:112,0
DA:115,4
DA:116,4
DA:117,0
DA:120,4
DA:122,4
DA:123,0
DA:126,4
DA:127,0
DA:130,4
DA:131,0
DA:132,0
DA:136,4
DA:137,168
DA:138,4
DA:139,124
DA:140,124
DA:141,124
DA:142,124
DA:146,4
DA:209,28
DA:218,168
DA:219,168
DA:223,0
DA:224,0
DA:285,0
LF:75
LH:52
BRDA:61,0,0,0
BRDA:61,0,1,0
BRDA:81,1,0,0
BRDA:81,1,1,0
BRDA:102,2,0,0
BRDA:102,2,1,0
BRDA:111,3,0,4
BRDA:111,3,1,0
BRDA:116,4,0,4
BRDA:116,4,1,0
BRDA:228,5,0,124
BRDA:228,5,1,44
BRDA:229,6,0,4
BRDA:229,6,1,164
BRDA:230,7,0,0
BRDA:230,7,1,168
BRDA:231,8,0,0
BRDA:231,8,1,168
BRDA:231,9,0,168
BRDA:231,9,1,0
BRDA:235,10,0,168
BRDA:235,10,1,0
BRDA:235,10,2,0
BRDA:238,11,0,0
BRDA:238,11,1,0
BRDA:250,12,0,4
BRDA:250,12,1,0
BRDA:250,12,2,0
BRDA:260,13,0,0
BRDA:260,13,1,0
BRDA:264,14,0,0
BRDA:264,14,1,0
BRDA:269,15,0,0
BRDA:269,15,1,0
BRDA:274,16,0,0
BRDA:274,16,1,0
BRDA:282,17,0,0
BRDA:282,17,1,0
BRDA:290,18,0,0
BRDA:290,18,1,0
BRDA:291,19,0,0
BRDA:291,19,1,0
BRDA:292,20,0,0
BRDA:292,20,1,0
BRDA:293,21,0,0
BRDA:293,21,1,0
BRF:46
BRH:11
end_of_record
TN:
SF:src/components/CreateGoalModal.tsx
FN:15,CreateGoalModal
FN:31,(anonymous_1)
FN:33,(anonymous_2)
FN:37,(anonymous_3)
FN:42,(anonymous_4)
FN:44,(anonymous_5)
FN:50,(anonymous_6)
FN:51,(anonymous_7)
FN:51,(anonymous_8)
FN:54,(anonymous_9)
FN:59,(anonymous_10)
FN:76,(anonymous_11)
FN:182,(anonymous_12)
FN:199,(anonymous_13)
FN:212,(anonymous_14)
FN:232,(anonymous_15)
FN:233,(anonymous_16)
FN:240,(anonymous_17)
FN:257,(anonymous_18)
FN:272,(anonymous_19)
FNF:20
FNH:7
FNDA:31,CreateGoalModal
FNDA:17,(anonymous_1)
FNDA:0,(anonymous_2)
FNDA:16,(anonymous_3)
FNDA:0,(anonymous_4)
FNDA:0,(anonymous_5)
FNDA:0,(anonymous_6)
FNDA:0,(anonymous_7)
FNDA:0,(anonymous_8)
FNDA:5,(anonymous_9)
FNDA:0,(anonymous_10)
FNDA:2,(anonymous_11)
FNDA:7,(anonymous_12)
FNDA:3,(anonymous_13)
FNDA:0,(anonymous_14)
FNDA:0,(anonymous_15)
FNDA:0,(anonymous_16)
FNDA:0,(anonymous_17)
FNDA:0,(anonymous_18)
FNDA:0,(anonymous_19)
DA:21,31
DA:22,31
DA:23,31
DA:24,31
DA:25,31
DA:26,31
DA:27,31
DA:29,31
DA:31,31
DA:32,17
DA:33,16
DA:34,0
DA:36,16
DA:37,16
DA:40,31
DA:42,30
DA:43,0
DA:44,0
DA:45,0
DA:46,0
DA:50,30
DA:51,0
DA:54,30
DA:55,5
DA:56,5
DA:58,4
DA:59,0
DA:67,4
DA:68,4
DA:69,4
DA:70,4
DA:71,4
DA:72,4
DA:76,30
DA:77,2
DA:78,2
DA:79,2
DA:82,30
DA:182,7
DA:199,3
DA:212,0
DA:232,0
DA:233,0
DA:240,0
DA:258,0
DA:272,0
LF:46
LH:33
BRDA:32,0,0,1
BRDA:32,0,1,16
BRDA:34,1,0,0
BRDA:34,1,1,0
BRDA:40,2,0,1
BRDA:40,2,1,30
BRDA:43,3,0,0
BRDA:43,3,1,0
BRDA:56,4,0,4
BRDA:56,4,1,1
BRDA:58,5,0,0
BRDA:58,5,1,4
BRDA:58,6,0,4
BRDA:58,6,1,0
BRDA:67,7,0,4
BRDA:67,7,1,2
BRDA:122,8,0,30
BRDA:122,8,1,30
BRDA:221,9,0,31
BRDA:221,9,1,0
BRDA:233,10,0,0
BRDA:233,10,1,0
BRDA:255,11,0,0
BRDA:255,11,1,0
BRDA:266,12,0,0
BRDA:266,12,1,0
BRF:26
BRH:13
end_of_record
TN:
SF:src/components/DocumentChecklist.tsx
FN:11,DocumentChecklist
FN:15,(anonymous_1)
FN:21,(anonymous_2)
FN:22,(anonymous_3)
FN:23,(anonymous_4)
FN:46,(anonymous_5)
FN:110,(anonymous_6)
FN:113,(anonymous_7)
FN:132,(anonymous_8)
FN:140,(anonymous_9)
FNF:10
FNH:9
FNDA:19,DocumentChecklist
FNDA:57,(anonymous_1)
FNDA:57,(anonymous_2)
FNDA:57,(anonymous_3)
FNDA:57,(anonymous_4)
FNDA:8,(anonymous_5)
FNDA:40,(anonymous_6)
FNDA:3,(anonymous_7)
FNDA:24,(anonymous_8)
FNDA:0,(anonymous_9)
DA:12,19
DA:13,19
DA:15,19
DA:16,57
DA:17,9
DA:20,19
DA:21,57
DA:22,57
DA:23,57
DA:26,19
DA:30,19
DA:36,19
DA:42,19
DA:46,8
DA:111,40
DA:113,3
DA:133,24
DA:141,0
LF:18
LH:17
BRDA:16,0,0,48
BRDA:16,0,1,9
BRDA:59,1,0,10
BRDA:59,1,1,9
BRDA:106,2,0,19
BRDA:106,2,1,10
BRDA:115,3,0,10
BRDA:115,3,1,30
BRDA:121,4,0,40
BRDA:121,4,1,30
BRDA:123,5,0,10
BRDA:123,5,1,20
BRDA:123,6,0,10
BRDA:123,6,1,10
BRDA:164,7,0,24
BRDA:164,7,1,8
BRDA:173,8,0,10
BRDA:173,8,1,0
BRF:18
BRH:17
end_of_record
TN:
SF:src/components/EditTaskModal.tsx
FN:15,EditTaskModal
FN:25,(anonymous_1)
FN:38,(anonymous_2)
FN:40,(anonymous_3)
FN:44,(anonymous_4)
FN:49,(anonymous_5)
FN:109,(anonymous_6)
FN:121,(anonymous_7)
FN:138,(anonymous_8)
FN:156,(anonymous_9)
FN:172,(anonymous_10)
FN:183,(anonymous_11)
FN:187,(anonymous_12)
FN:206,(anonymous_13)
FN:212,(anonymous_14)
FN:238,(anonymous_15)
FNF:16
FNH:3
FNDA:5,EditTaskModal
FNDA:5,(anonymous_1)
FNDA:5,(anonymous_2)
FNDA:0,(anonymous_3)
FNDA:0,(anonymous_4)
FNDA:0,(anonymous_5)
FNDA:0,(anonymous_6)
FNDA:0,(anonymous_7)
FNDA:0,(anonymous_8)
FNDA:0,(anonymous_9)
FNDA:0,(anonymous_10)
FNDA:0,(anonymous_11)
FNDA:0,(anonymous_12)
FNDA:0,(anonymous_13)
FNDA:0,(anonymous_14)
FNDA:0,(anonymous_15)
DA:16,5
DA:17,5
DA:18,5
DA:19,5
DA:20,5
DA:21,5
DA:22,5
DA:23,5
DA:25,5
DA:26,5
DA:27,5
DA:28,5
DA:29,5
DA:30,5
DA:31,5
DA:32,5
DA:33,5
DA:36,5
DA:38,5
DA:39,5
DA:40,0
DA:41,0
DA:43,0
DA:44,0
DA:47,5
DA:49,0
DA:50,0
DA:60,0
DA:63,0
DA:70,0
DA:109,0
DA:121,0
DA:138,0
DA:156,0
DA:172,0
DA:184,0
DA:187,0
DA:207,0
DA:208,0
DA:212,0
DA:238,0
LF:41
LH:21
BRDA:17,0,0,5
BRDA:17,0,1,0
BRDA:18,1,0,5
BRDA:18,1,1,5
BRDA:19,2,0,5
BRDA:19,2,1,5
BRDA:20,3,0,5
BRDA:20,3,1,5
BRDA:21,4,0,5
BRDA:21,4,1,5
BRDA:22,5,0,5
BRDA:22,5,1,5
BRDA:23,6,0,5
BRDA:23,6,1,0
BRDA:27,7,0,5
BRDA:27,7,1,0
BRDA:28,8,0,5
BRDA:28,8,1,5
BRDA:29,9,0,5
BRDA:29,9,1,5
BRDA:30,10,0,5
BRDA:30,10,1,5
BRDA:31,11,0,5
BRDA:31,11,1,5
BRDA:32,12,0,5
BRDA:32,12,1,5
BRDA:33,13,0,5
BRDA:33,13,1,0
BRDA:39,14,0,5
BRDA:39,14,1,0
BRDA:41,15,0,0
BRDA:41,15,1,0
BRDA:47,16,0,5
BRDA:47,16,1,0
BRDA:52,17,0,0
BRDA:52,17,1,0
BRDA:53,18,0,0
BRDA:53,18,1,0
BRDA:54,19,0,0
BRDA:54,19,1,0
BRDA:55,20,0,0
BRDA:55,20,1,0
BRDA:56,21,0,0
BRDA:56,21,1,0
BRDA:83,22,0,0
BRDA:83,22,1,0
BRDA:143,23,0,5
BRDA:143,23,1,0
BRDA:189,24,0,0
BRDA:189,24,1,0
BRDA:214,25,0,0
BRDA:214,25,1,0
BRDA:215,26,0,0
BRDA:215,26,1,0
BRDA:217,27,0,0
BRDA:217,27,1,0
BRDA:246,28,0,5
BRDA:246,28,1,0
BRDA:246,28,2,0
BRF:59
BRH:28
end_of_record
TN:
SF:src/components/EmailPreferencesPanel.tsx
FN:10,EmailPreferencesPanel
FN:15,(anonymous_1)
FN:20,(anonymous_2)
FN:27,(anonymous_3)
FN:32,(anonymous_4)
FN:112,(anonymous_5)
FN:131,(anonymous_6)
FN:149,(anonymous_7)
FN:167,(anonymous_8)
FN:186,(anonymous_9)
FN:192,(anonymous_10)
FN:201,(anonymous_11)
FNF:12
FNH:7
FNDA:9,EmailPreferencesPanel
FNDA:1,(anonymous_1)
FNDA:0,(anonymous_2)
FNDA:1,(anonymous_3)
FNDA:0,(anonymous_4)
FNDA:1,(anonymous_5)
FNDA:0,(anonymous_6)
FNDA:0,(anonymous_7)
FNDA:1,(anonymous_8)
FNDA:35,(anonymous_9)
FNDA:84,(anonymous_10)
FNDA:0,(anonymous_11)
DA:11,9
DA:12,9
DA:13,9
DA:15,9
DA:16,1
DA:17,1
DA:18,1
DA:19,0
DA:20,0
DA:22,1
DA:23,1
DA:27,9
DA:28,1
DA:29,1
DA:30,1
DA:31,0
DA:32,0
DA:34,1
DA:35,1
DA:39,9
DA:40,1
DA:48,8
DA:88,8
DA:112,1
DA:131,0
DA:149,0
DA:167,1
DA:187,35
DA:193,84
DA:201,0
LF:30
LH:23
BRDA:39,0,0,1
BRDA:39,0,1,8
BRDA:39,1,0,9
BRDA:39,1,1,8
BRDA:92,2,0,8
BRDA:92,2,1,0
BRDA:95,3,0,9
BRDA:95,3,1,0
BRDA:119,4,0,9
BRDA:119,4,1,7
BRDA:184,5,0,9
BRDA:184,5,1,7
BRDA:212,6,0,9
BRDA:212,6,1,1
BRF:14
BRH:12
end_of_record
TN:
SF:src/components/GoalCard.tsx
FN:48,GoalCard
FN:85,(anonymous_1)
FN:100,(anonymous_2)
FN:100,(anonymous_3)
FN:104,(anonymous_4)
FN:109,(anonymous_5)
FN:113,(anonymous_6)
FN:126,(anonymous_7)
FN:132,(anonymous_8)
FN:141,(anonymous_9)
FN:142,(anonymous_10)
FN:144,(anonymous_11)
FN:152,(anonymous_12)
FN:156,(anonymous_13)
FN:180,(anonymous_14)
FN:188,(anonymous_15)
FN:191,(anonymous_16)
FN:206,(anonymous_17)
FN:207,(anonymous_18)
FN:233,(anonymous_19)
FN:234,(anonymous_20)
FN:255,(anonymous_21)
FN:266,(anonymous_22)
FN:278,(anonymous_23)
FN:298,(anonymous_24)
FN:308,(anonymous_25)
FN:324,(anonymous_26)
FN:353,(anonymous_27)
FN:364,(anonymous_28)
FN:375,(anonymous_29)
FN:386,(anonymous_30)
FN:397,(anonymous_31)
FN:422,(anonymous_32)
FN:425,(anonymous_33)
FN:437,(anonymous_34)
FN:439,(anonymous_35)
FN:455,(anonymous_36)
FN:469,(anonymous_37)
FN:484,(anonymous_38)
FN:485,(anonymous_39)
FN:490,(anonymous_40)
FN:502,(anonymous_41)
FN:508,(anonymous_42)
FN:509,(anonymous_43)
FN:510,(anonymous_44)
FN:511,(anonymous_45)
FN:512,(anonymous_46)
FN:513,(anonymous_47)
FN:514,(anonymous_48)
FN:515,(anonymous_49)
FN:516,(anonymous_50)
FN:529,(anonymous_51)
FN:532,(anonymous_52)
FN:544,(anonymous_53)
FN:546,(anonymous_54)
FN:562,(anonymous_55)
FN:576,(anonymous_56)
FN:595,(anonymous_57)
FN:611,(anonymous_58)
FN:612,(anonymous_59)
FN:613,(anonymous_60)
FN:614,(anonymous_61)
FN:615,(anonymous_62)
FN:616,(anonymous_63)
FN:617,(anonymous_64)
FN:618,(anonymous_65)
FN:619,(anonymous_66)
FN:651,(anonymous_67)
FN:661,(anonymous_68)
FN:666,(anonymous_69)
FN:701,(anonymous_70)
FN:707,(anonymous_71)
FN:725,(anonymous_72)
FNF:73
FNH:23
FNDA:58,GoalCard
FNDA:3,(anonymous_1)
FNDA:57,(anonymous_2)
FNDA:0,(anonymous_3)
FNDA:23,(anonymous_4)
FNDA:23,(anonymous_5)
FNDA:0,(anonymous_6)
FNDA:113,(anonymous_7)
FNDA:2,(anonymous_8)
FNDA:0,(anonymous_9)
FNDA:0,(anonymous_10)
FNDA:0,(anonymous_11)
FNDA:0,(anonymous_12)
FNDA:57,(anonymous_13)
FNDA:2,(anonymous_14)
FNDA:36,(anonymous_15)
FNDA:1,(anonymous_16)
FNDA:2,(anonymous_17)
FNDA:2,(anonymous_18)
FNDA:0,(anonymous_19)
FNDA:0,(anonymous_20)
FNDA:1,(anonymous_21)
FNDA:0,(anonymous_22)
FNDA:9,(anonymous_23)
FNDA:0,(anonymous_24)
FNDA:8,(anonymous_25)
FNDA:3,(anonymous_26)
FNDA:2,(anonymous_27)
FNDA:1,(anonymous_28)
FNDA:1,(anonymous_29)
FNDA:1,(anonymous_30)
FNDA:0,(anonymous_31)
FNDA:0,(anonymous_32)
FNDA:0,(anonymous_33)
FNDA:0,(anonymous_34)
FNDA:0,(anonymous_35)
FNDA:0,(anonymous_36)
FNDA:0,(anonymous_37)
FNDA:0,(anonymous_38)
FNDA:0,(anonymous_39)
FNDA:0,(anonymous_40)
FNDA:0,(anonymous_41)
FNDA:0,(anonymous_42)
FNDA:0,(anonymous_43)
FNDA:0,(anonymous_44)
FNDA:0,(anonymous_45)
FNDA:0,(anonymous_46)
FNDA:0,(anonymous_47)
FNDA:0,(anonymous_48)
FNDA:0,(anonymous_49)
FNDA:0,(anonymous_50)
FNDA:0,(anonymous_51)
FNDA:0,(anonymous_52)
FNDA:0,(anonymous_53)
FNDA:0,(anonymous_54)
FNDA:0,(anonymous_55)
FNDA:0,(anonymous_56)
FNDA:0,(anonymous_57)
FNDA:0,(anonymous_58)
FNDA:0,(anonymous_59)
FNDA:0,(anonymous_60)
FNDA:0,(anonymous_61)
FNDA:0,(anonymous_62)
FNDA:0,(anonymous_63)
FNDA:0,(anonymous_64)
FNDA:0,(anonymous_65)
FNDA:0,(anonymous_66)
FNDA:0,(anonymous_67)
FNDA:0,(anonymous_68)
FNDA:0,(anonymous_69)
FNDA:1,(anonymous_70)
FNDA:1,(anonymous_71)
FNDA:0,(anonymous_72)
DA:70,58
DA:71,58
DA:72,58
DA:73,58
DA:74,58
DA:75,58
DA:76,58
DA:77,58
DA:78,58
DA:79,58
DA:80,58
DA:81,58
DA:82,58
DA:83,58
DA:85,58
DA:86,3
DA:87,3
DA:88,3
DA:89,3
DA:91,3
DA:92,2
DA:94,3
DA:98,58
DA:99,58
DA:100,57
DA:103,58
DA:104,23
DA:109,58
DA:110,23
DA:111,0
DA:112,0
DA:113,0
DA:114,0
DA:115,0
DA:116,0
DA:120,58
DA:123,58
DA:124,58
DA:126,58
DA:127,113
DA:129,113
DA:131,1
DA:132,2
DA:135,112
DA:136,112
DA:141,58
DA:142,0
DA:143,0
DA:144,0
DA:147,58
DA:151,58
DA:152,0
DA:156,58
DA:158,58
DA:180,2
DA:189,36
DA:191,1
DA:206,2
DA:208,2
DA:209,2
DA:233,0
DA:235,0
DA:255,1
DA:267,0
DA:279,9
DA:280,9
DA:281,9
DA:282,9
DA:283,9
DA:298,0
DA:308,8
DA:324,3
DA:353,2
DA:364,1
DA:375,1
DA:386,1
DA:397,0
DA:422,0
DA:426,0
DA:427,0
DA:428,0
DA:429,0
DA:437,0
DA:440,0
DA:441,0
DA:442,0
DA:443,0
DA:444,0
DA:446,0
DA:447,0
DA:448,0
DA:449,0
DA:456,0
DA:457,0
DA:458,0
DA:459,0
DA:460,0
DA:470,0
DA:471,0
DA:472,0
DA:484,0
DA:485,0
DA:490,0
DA:502,0
DA:508,0
DA:509,0
DA:510,0
DA:511,0
DA:512,0
DA:513,0
DA:514,0
DA:515,0
DA:516,0
DA:529,0
DA:533,0
DA:534,0
DA:535,0
DA:536,0
DA:544,0
DA:547,0
DA:548,0
DA:549,0
DA:550,0
DA:551,0
DA:553,0
DA:554,0
DA:555,0
DA:556,0
DA:563,0
DA:564,0
DA:565,0
DA:566,0
DA:567,0
DA:577,0
DA:578,0
DA:579,0
DA:595,0
DA:611,0
DA:612,0
DA:613,0
DA:614,0
DA:615,0
DA:616,0
DA:617,0
DA:618,0
DA:619,0
DA:652,0
DA:661,0
DA:666,0
DA:701,1
DA:708,1
DA:709,1
DA:725,0
LF:153
LH:65
BRDA:74,0,0,4
BRDA:74,0,1,53
BRDA:74,1,0,58
BRDA:74,1,1,4
BRDA:81,2,0,58
BRDA:81,2,1,0
BRDA:82,3,0,58
BRDA:82,3,1,57
BRDA:87,4,0,2
BRDA:87,4,1,1
BRDA:88,5,0,0
BRDA:88,5,1,3
BRDA:88,6,0,3
BRDA:88,6,1,0
BRDA:89,7,0,0
BRDA:89,7,1,3
BRDA:89,8,0,3
BRDA:89,8,1,3
BRDA:91,9,0,2
BRDA:91,9,1,1
BRDA:104,10,0,23
BRDA:104,10,1,23
BRDA:110,11,0,23
BRDA:110,11,1,0
BRDA:114,12,0,0
BRDA:114,12,1,0
BRDA:115,13,0,0
BRDA:115,13,1,0
BRDA:127,14,0,113
BRDA:127,14,1,0
BRDA:129,15,0,1
BRDA:129,15,1,112
BRDA:136,16,0,57
BRDA:136,16,1,55
BRDA:143,17,0,0
BRDA:143,17,1,0
BRDA:147,18,0,0
BRDA:147,18,1,57
BRDA:151,19,0,0
BRDA:151,19,1,57
BRDA:161,20,0,1
BRDA:161,20,1,56
BRDA:169,21,0,1
BRDA:169,21,1,56
BRDA:177,22,0,14
BRDA:177,22,1,43
BRDA:186,23,0,14
BRDA:186,23,1,2
BRDA:201,24,0,43
BRDA:201,24,1,43
BRDA:203,25,0,14
BRDA:203,25,1,43
BRDA:208,26,0,1
BRDA:208,26,1,1
BRDA:209,27,0,1
BRDA:209,27,1,1
BRDA:219,28,0,58
BRDA:219,28,1,57
BRDA:224,29,0,58
BRDA:224,29,1,1
BRDA:230,30,0,14
BRDA:230,30,1,43
BRDA:235,31,0,0
BRDA:235,31,1,0
BRDA:242,32,0,43
BRDA:242,32,1,43
BRDA:246,33,0,58
BRDA:246,33,1,14
BRDA:269,34,0,0
BRDA:269,34,1,0
BRDA:281,35,0,9
BRDA:281,35,1,0
BRDA:282,36,0,9
BRDA:282,36,1,9
BRDA:286,37,0,14
BRDA:286,37,1,43
BRDA:287,38,0,14
BRDA:287,38,1,43
BRDA:290,39,0,14
BRDA:290,39,1,43
BRDA:310,40,0,11
BRDA:310,40,1,46
BRDA:311,41,0,11
BRDA:311,41,1,46
BRDA:315,42,0,11
BRDA:315,42,1,46
BRDA:340,43,0,58
BRDA:340,43,1,1
BRDA:348,44,0,58
BRDA:348,44,1,11
BRDA:355,45,0,4
BRDA:355,45,1,7
BRDA:366,46,0,5
BRDA:366,46,1,6
BRDA:377,47,0,1
BRDA:377,47,1,10
BRDA:388,48,0,1
BRDA:388,48,1,10
BRDA:399,49,0,0
BRDA:399,49,1,11
BRDA:410,50,0,58
BRDA:410,50,1,11
BRDA:413,51,0,11
BRDA:413,51,1,4
BRDA:414,52,0,2
BRDA:414,52,1,2
BRDA:414,53,0,4
BRDA:414,53,1,2
BRDA:416,54,0,0
BRDA:416,54,1,2
BRDA:426,55,0,0
BRDA:426,55,1,0
BRDA:440,56,0,0
BRDA:440,56,1,0
BRDA:440,57,0,0
BRDA:440,57,1,0
BRDA:446,58,0,0
BRDA:446,58,1,0
BRDA:456,59,0,0
BRDA:456,59,1,0
BRDA:480,60,0,2
BRDA:480,60,1,0
BRDA:511,61,0,0
BRDA:511,61,1,0
BRDA:523,62,0,0
BRDA:523,62,1,2
BRDA:533,63,0,0
BRDA:533,63,1,0
BRDA:547,64,0,0
BRDA:547,64,1,0
BRDA:547,65,0,0
BRDA:547,65,1,0
BRDA:553,66,0,0
BRDA:553,66,1,0
BRDA:563,67,0,0
BRDA:563,67,1,0
BRDA:607,68,0,11
BRDA:607,68,1,5
BRDA:621,69,0,5
BRDA:621,69,1,0
BRDA:623,70,0,0
BRDA:623,70,1,0
BRDA:630,71,0,11
BRDA:630,71,1,1
BRDA:638,72,0,11
BRDA:638,72,1,1
BRDA:643,73,0,11
BRDA:643,73,1,0
BRDA:644,74,0,0
BRDA:644,74,1,0
BRDA:644,75,0,0
BRDA:644,75,1,0
BRDA:644,75,2,0
BRDA:644,75,3,0
BRDA:646,76,0,0
BRDA:646,76,1,0
BRDA:647,77,0,0
BRDA:647,77,1,0
BRDA:648,78,0,0
BRDA:648,78,1,0
BRDA:656,79,0,0
BRDA:656,79,1,0
BRDA:660,80,0,0
BRDA:660,80,1,0
BRDA:665,81,0,0
BRDA:665,81,1,0
BRDA:686,82,0,58
BRDA:686,82,1,3
BRDA:721,83,0,58
BRDA:721,83,1,0
BRF:170
BRH:102
end_of_record
TN:
SF:src/components/Header.tsx
FN:24,Header
FN:33,(anonymous_1)
FN:43,(anonymous_2)
FN:114,(anonymous_3)
FN:210,(anonymous_4)
FNF:5
FNH:4
FNDA:2,Header
FNDA:10,(anonymous_1)
FNDA:2,(anonymous_2)
FNDA:0,(anonymous_3)
FNDA:10,(anonymous_4)
DA:16,1
DA:30,2
DA:31,2
DA:33,2
DA:34,10
DA:35,8
DA:38,2
DA:39,2
DA:40,2
DA:42,2
DA:43,2
DA:45,2
DA:114,0
DA:211,10
LF:14
LH:13
BRDA:26,0,0,2
BRDA:28,1,0,2
BRDA:34,2,0,2
BRDA:34,2,1,8
BRDA:35,3,0,8
BRDA:35,3,1,0
BRDA:38,4,0,2
BRDA:38,4,1,2
BRDA:39,5,0,2
BRDA:39,5,1,0
BRDA:39,5,2,0
BRDA:71,6,0,2
BRDA:71,6,1,2
BRDA:71,6,2,0
BRDA:81,7,0,0
BRDA:81,7,1,0
BRDA:89,8,0,2
BRDA:89,8,1,0
BRDA:115,9,0,1
BRDA:115,9,1,1
BRDA:118,10,0,1
BRDA:118,10,1,1
BRDA:148,11,0,0
BRDA:148,11,1,2
BRDA:156,12,0,2
BRDA:156,12,1,0
BRDA:165,13,0,2
BRDA:165,13,1,2
BRDA:165,13,2,0
BRDA:165,13,3,0
BRDA:216,14,0,2
BRDA:216,14,1,8
BRF:32
BRH:21
end_of_record
TN:
SF:src/components/MobileStatsPanel.tsx
FN:19,MobileStatsPanel
FN:31,(anonymous_1)
FN:40,(anonymous_2)
FN:65,(anonymous_3)
FN:83,(anonymous_4)
FNF:5
FNH:4
FNDA:8,MobileStatsPanel
FNDA:8,(anonymous_1)
FNDA:3,(anonymous_2)
FNDA:1,(anonymous_3)
FNDA:0,(anonymous_4)
DA:28,8
DA:30,8
DA:32,8
DA:36,8
DA:40,3
DA:65,1
DA:83,0
LF:7
LH:6
BRDA:32,0,0,8
BRDA:32,0,1,8
BRDA:60,1,0,8
BRDA:60,1,1,3
BRF:4
BRH:4
end_of_record
TN:
SF:src/components/PhaseProgress.tsx
FN:12,PhaseProgress
FN:13,(anonymous_1)
FN:14,(anonymous_2)
FN:21,(anonymous_3)
FN:27,(anonymous_4)
FN:38,(anonymous_5)
FN:39,(anonymous_6)
FN:45,(anonymous_7)
FN:51,(anonymous_8)
FN:62,(anonymous_9)
FN:92,(anonymous_10)
FN:108,(anonymous_11)
FN:191,(anonymous_12)
FN:200,(anonymous_13)
FNF:14
FNH:14
FNDA:12,PhaseProgress
FNDA:36,(anonymous_1)
FNDA:52,(anonymous_2)
FNDA:36,(anonymous_3)
FNDA:8,(anonymous_4)
FNDA:9,(anonymous_5)
FNDA:13,(anonymous_6)
FNDA:9,(anonymous_7)
FNDA:2,(anonymous_8)
FNDA:12,(anonymous_9)
FNDA:9,(anonymous_10)
FNDA:1,(anonymous_11)
FNDA:9,(anonymous_12)
FNDA:9,(anonymous_13)
DA:13,12
DA:14,52
DA:15,36
DA:18,32
DA:19,32
DA:21,32
DA:22,36
DA:24,36
DA:26,4
DA:27,8
DA:30,32
DA:31,32
DA:35,32
DA:38,12
DA:39,13
DA:42,9
DA:43,9
DA:45,9
DA:46,9
DA:48,9
DA:50,1
DA:51,2
DA:54,8
DA:55,8
DA:59,9
DA:62,12
DA:63,12
DA:64,9
DA:65,9
DA:67,7
DA:70,12
DA:72,12
DA:83,12
DA:93,9
DA:94,9
DA:95,9
DA:96,9
DA:98,9
DA:108,1
DA:191,9
DA:200,9
LF:41
LH:41
BRDA:15,0,0,4
BRDA:15,0,1,32
BRDA:22,1,0,36
BRDA:22,1,1,0
BRDA:24,2,0,4
BRDA:24,2,1,32
BRDA:31,3,0,20
BRDA:31,3,1,12
BRDA:35,4,0,32
BRDA:35,4,1,0
BRDA:46,5,0,9
BRDA:46,5,1,0
BRDA:48,6,0,1
BRDA:48,6,1,8
BRDA:55,7,0,5
BRDA:55,7,1,3
BRDA:65,8,0,5
BRDA:65,8,1,4
BRDA:102,9,0,8
BRDA:102,9,1,1
BRDA:104,10,0,1
BRDA:104,10,1,0
BRDA:114,11,0,4
BRDA:114,11,1,5
BRDA:116,12,0,5
BRDA:116,12,1,0
BRDA:121,13,0,4
BRDA:121,13,1,5
BRDA:121,14,0,5
BRDA:121,14,1,0
BRDA:128,15,0,9
BRDA:128,15,1,8
BRDA:139,16,0,4
BRDA:139,16,1,5
BRDA:141,17,0,5
BRDA:141,17,1,0
BRDA:158,18,0,4
BRDA:158,18,1,5
BRDA:160,19,0,5
BRDA:160,19,1,0
BRDA:169,20,0,9
BRDA:169,20,1,1
BRDA:172,21,0,1
BRDA:172,21,1,0
BRDA:208,22,0,12
BRDA:208,22,1,4
BRF:46
BRH:37
end_of_record
TN:
SF:src/components/ProgressBar.tsx
FN:13,ProgressBar
FN:22,(anonymous_1)
FN:25,(anonymous_2)
FN:28,(anonymous_3)
FNF:4
FNH:4
FNDA:81,ProgressBar
FNDA:45,(anonymous_1)
FNDA:2,(anonymous_2)
FNDA:44,(anonymous_3)
DA:20,81
DA:22,81
DA:23,45
DA:25,44
DA:26,2
DA:28,44
DA:30,1
DA:34,81
DA:40,81
DA:46,81
LF:10
LH:10
BRDA:16,0,0,81
BRDA:17,1,0,81
BRDA:18,2,0,81
BRDA:23,3,0,44
BRDA:23,3,1,1
BRDA:48,4,0,81
BRDA:48,4,1,79
BRDA:48,4,2,79
BRDA:50,5,0,79
BRDA:50,5,1,1
BRDA:55,6,0,79
BRDA:55,6,1,79
BRDA:58,7,0,3
BRDA:58,7,1,76
BRDA:71,8,0,3
BRDA:71,8,1,77
BRDA:78,9,0,81
BRDA:78,9,1,77
BRDA:78,9,2,72
BRDA:82,10,0,81
BRDA:82,10,1,3
BRF:21
BRH:21
end_of_record
TN:
SF:src/components/ResourcesPanel.tsx
FN:12,ResourcesPanel
FN:25,(anonymous_1)
FN:55,(anonymous_2)
FN:77,(anonymous_3)
FN:86,(anonymous_4)
FN:89,(anonymous_5)
FN:104,(anonymous_6)
FN:105,(anonymous_7)
FN:112,(anonymous_8)
FN:116,(anonymous_9)
FN:117,(anonymous_10)
FN:162,(anonymous_11)
FN:186,(anonymous_12)
FN:198,(anonymous_13)
FN:205,(anonymous_14)
FN:213,(anonymous_15)
FN:218,(anonymous_16)
FN:225,(anonymous_17)
FN:240,(anonymous_18)
FNF:19
FNH:7
FNDA:13,ResourcesPanel
FNDA:5,(anonymous_1)
FNDA:24,(anonymous_2)
FNDA:0,(anonymous_3)
FNDA:8,(anonymous_4)
FNDA:0,(anonymous_5)
FNDA:8,(anonymous_6)
FNDA:8,(anonymous_7)
FNDA:12,(anonymous_8)
FNDA:0,(anonymous_9)
FNDA:0,(anonymous_10)
FNDA:0,(anonymous_11)
FNDA:0,(anonymous_12)
FNDA:0,(anonymous_13)
FNDA:0,(anonymous_14)
FNDA:0,(anonymous_15)
FNDA:0,(anonymous_16)
FNDA:0,(anonymous_17)
FNDA:0,(anonymous_18)
DA:13,13
DA:14,13
DA:15,13
DA:16,13
DA:17,13
DA:18,13
DA:19,13
DA:21,13
DA:25,5
DA:56,24
DA:77,0
DA:87,8
DA:89,0
DA:104,8
DA:106,8
DA:113,12
DA:116,0
DA:117,0
DA:163,0
DA:164,0
DA:186,0
DA:198,0
DA:205,0
DA:213,0
DA:219,0
DA:226,0
DA:227,0
DA:228,0
DA:229,0
DA:230,0
DA:231,0
DA:241,0
DA:242,0
DA:243,0
DA:244,0
LF:35
LH:14
BRDA:38,0,0,4
BRDA:38,0,1,9
BRDA:63,1,0,13
BRDA:63,1,1,0
BRDA:72,2,0,13
BRDA:72,2,1,4
BRDA:79,3,0,4
BRDA:79,3,1,0
BRDA:91,4,0,0
BRDA:91,4,1,8
BRDA:104,5,0,8
BRDA:104,5,1,0
BRDA:160,6,0,12
BRDA:160,6,1,0
BRDA:160,6,2,0
BRDA:182,7,0,4
BRDA:182,7,1,1
BRDA:184,8,0,1
BRDA:184,8,1,0
BRDA:226,9,0,0
BRDA:226,9,1,0
BRDA:226,10,0,0
BRDA:226,10,1,0
BRDA:226,10,2,0
BRDA:234,11,0,0
BRDA:234,11,1,0
BRDA:234,11,2,0
BRF:27
BRH:12
end_of_record
TN:
SF:src/components/ShareStreakButton.tsx
FN:14,ShareStreakButton
FN:22,(anonymous_1)
FN:47,(anonymous_2)
FNF:3
FNH:3
FNDA:7,ShareStreakButton
FNDA:2,(anonymous_1)
FNDA:1,(anonymous_2)
DA:15,7
DA:17,7
DA:19,6
DA:22,2
DA:47,1
LF:5
LH:5
BRDA:17,0,0,1
BRDA:17,0,1,6
BRDA:17,1,0,7
BRDA:17,1,1,6
BRDA:41,2,0,6
BRDA:41,2,1,2
BRF:6
BRH:6
end_of_record
TN:
SF:src/components/ShareStreakModal.tsx
FN:14,buildPreviewUrl
FN:30,buildTweetText
FN:37,ShareStreakModal
FN:52,(anonymous_3)
FN:57,(anonymous_4)
FN:82,(anonymous_5)
FN:123,(anonymous_6)
FN:134,(anonymous_7)
FN:144,(anonymous_8)
FN:154,(anonymous_9)
FNF:10
FNH:6
FNDA:8,buildPreviewUrl
FNDA:1,buildTweetText
FNDA:8,ShareStreakModal
FNDA:1,(anonymous_3)
FNDA:0,(anonymous_4)
FNDA:3,(anonymous_5)
FNDA:0,(anonymous_6)
FNDA:1,(anonymous_7)
FNDA:0,(anonymous_8)
FNDA:0,(anonymous_9)
DA:21,8
DA:22,8
DA:23,8
DA:24,8
DA:25,8
DA:26,8
DA:27,8
DA:31,1
DA:34,1
DA:44,8
DA:45,8
DA:46,8
DA:47,8
DA:48,8
DA:50,8
DA:52,8
DA:53,1
DA:54,1
DA:57,8
DA:58,0
DA:59,0
DA:60,0
DA:61,0
DA:62,0
DA:63,0
DA:66,0
DA:67,0
DA:68,0
DA:69,0
DA:70,0
DA:71,0
DA:75,0
DA:79,8
DA:82,3
DA:123,0
DA:134,1
DA:144,0
DA:154,0
LF:38
LH:22
BRDA:22,0,0,1
BRDA:22,0,1,7
BRDA:31,1,0,0
BRDA:31,1,1,1
BRDA:58,2,0,0
BRDA:58,2,1,0
BRDA:82,3,0,0
BRDA:82,3,1,3
BRDA:89,4,0,8
BRDA:89,4,1,2
BRDA:117,5,0,8
BRDA:117,5,1,1
BRDA:182,6,0,0
BRDA:182,6,1,8
BRF:14
BRH:9
end_of_record
TN:
SF:src/components/StreakCounter.tsx
FN:11,StreakCounter
FN:16,(anonymous_1)
FN:113,(anonymous_2)
FNF:3
FNH:3
FNDA:20,StreakCounter
FNDA:20,(anonymous_1)
FNDA:140,(anonymous_2)
DA:12,20
DA:13,20
DA:16,20
DA:17,20
DA:18,20
DA:20,20
DA:21,140
DA:22,140
DA:25,140
DA:26,140
DA:29,140
DA:31,140
DA:32,140
DA:34,140
DA:42,20
DA:45,20
DA:47,20
DA:114,140
LF:18
LH:18
BRDA:54,0,0,16
BRDA:54,0,1,4
BRDA:59,1,0,16
BRDA:59,1,1,4
BRDA:62,2,0,17
BRDA:62,2,1,3
BRDA:64,3,0,20
BRDA:64,3,1,16
BRDA:64,3,2,4
BRDA:75,4,0,16
BRDA:75,4,1,4
BRDA:91,5,0,16
BRDA:91,5,1,4
BRDA:96,6,0,16
BRDA:96,6,1,4
BRDA:117,7,0,3
BRDA:117,7,1,137
BRDA:119,8,0,0
BRDA:119,8,1,137
BRDA:132,9,0,0
BRDA:132,9,1,140
BRDA:137,10,0,0
BRDA:137,10,1,140
BRDA:140,11,0,3
BRDA:140,11,1,137
BRDA:159,12,0,20
BRDA:159,12,1,17
BRDA:161,13,0,1
BRDA:161,13,1,16
BRDA:163,14,0,1
BRDA:163,14,1,15
BRDA:165,15,0,2
BRDA:165,15,1,13
BRDA:167,16,0,12
BRDA:167,16,1,1
BRF:35
BRH:32
end_of_record
TN:
SF:src/components/SubstepCard.tsx
FN:17,SubstepCard
FN:40,(anonymous_1)
FN:50,(anonymous_2)
FN:58,(anonymous_3)
FN:61,(anonymous_4)
FN:70,(anonymous_5)
FN:81,(anonymous_6)
FN:89,(anonymous_7)
FN:99,(anonymous_8)
FN:105,(anonymous_9)
FN:234,(anonymous_10)
FNF:11
FNH:9
FNDA:36,SubstepCard
FNDA:3,(anonymous_1)
FNDA:1,(anonymous_2)
FNDA:1,(anonymous_3)
FNDA:0,(anonymous_4)
FNDA:3,(anonymous_5)
FNDA:1,(anonymous_6)
FNDA:0,(anonymous_7)
FNDA:39,(anonymous_8)
FNDA:1,(anonymous_9)
FNDA:8,(anonymous_10)
DA:18,36
DA:19,36
DA:20,36
DA:21,36
DA:22,36
DA:23,36
DA:32,36
DA:34,36
DA:40,36
DA:41,3
DA:47,3
DA:50,36
DA:51,1
DA:52,1
DA:53,1
DA:54,1
DA:55,1
DA:58,36
DA:59,1
DA:60,1
DA:61,1
DA:64,36
DA:65,13
DA:70,3
DA:81,1
DA:89,0
DA:100,39
DA:101,39
DA:105,1
DA:142,23
DA:234,8
LF:31
LH:30
BRDA:20,0,0,36
BRDA:20,0,1,28
BRDA:21,1,0,36
BRDA:21,1,1,33
BRDA:22,2,0,36
BRDA:22,2,1,0
BRDA:37,3,0,0
BRDA:37,3,1,36
BRDA:43,4,0,0
BRDA:43,4,1,3
BRDA:44,5,0,3
BRDA:44,5,1,3
BRDA:52,6,0,1
BRDA:52,6,1,1
BRDA:53,7,0,1
BRDA:53,7,1,1
BRDA:54,8,0,1
BRDA:54,8,1,0
BRDA:64,9,0,13
BRDA:64,9,1,23
BRDA:107,10,0,13
BRDA:107,10,1,26
BRDA:108,11,0,1
BRDA:108,11,1,12
BRDA:110,12,0,0
BRDA:110,12,1,12
BRDA:147,13,0,1
BRDA:147,13,1,22
BRDA:149,14,0,1
BRDA:149,14,1,21
BRDA:172,15,0,1
BRDA:172,15,1,22
BRDA:174,16,0,1
BRDA:174,16,1,21
BRDA:179,17,0,36
BRDA:179,17,1,1
BRDA:184,18,0,36
BRDA:184,18,1,1
BRDA:193,19,0,1
BRDA:193,19,1,22
BRDA:199,20,0,36
BRDA:199,20,1,5
BRDA:199,20,2,4
BRDA:204,21,0,36
BRDA:204,21,1,2
BRDA:217,22,0,1
BRDA:217,22,1,22
BRDA:221,23,0,1
BRDA:221,23,1,22
BRDA:223,24,0,1
BRDA:223,24,1,22
BRF:51
BRH:46
end_of_record
TN:
SF:src/components/TaskList.tsx
FN:34,TaskList
FN:52,(anonymous_1)
FN:53,(anonymous_2)
FN:63,(anonymous_3)
FN:67,(anonymous_4)
FN:68,(anonymous_5)
FN:76,(anonymous_6)
FN:86,(anonymous_7)
FN:101,(anonymous_8)
FN:116,(anonymous_9)
FN:149,(anonymous_10)
FN:153,(anonymous_11)
FN:157,(anonymous_12)
FN:158,(anonymous_13)
FN:159,(anonymous_14)
FN:160,(anonymous_15)
FN:161,(anonymous_16)
FN:162,(anonymous_17)
FN:163,(anonymous_18)
FN:179,(anonymous_19)
FN:182,(anonymous_20)
FN:195,(anonymous_21)
FN:197,(anonymous_22)
FN:215,(anonymous_23)
FN:224,(anonymous_24)
FN:248,(anonymous_25)
FN:271,(anonymous_26)
FN:275,(anonymous_27)
FN:276,(anonymous_28)
FN:277,(anonymous_29)
FN:278,(anonymous_30)
FN:279,(anonymous_31)
FN:280,(anonymous_32)
FN:281,(anonymous_33)
FNF:34
FNH:5
FNDA:5,TaskList
FNDA:10,(anonymous_1)
FNDA:10,(anonymous_2)
FNDA:0,(anonymous_3)
FNDA:0,(anonymous_4)
FNDA:0,(anonymous_5)
FNDA:0,(anonymous_6)
FNDA:0,(anonymous_7)
FNDA:0,(anonymous_8)
FNDA:0,(anonymous_9)
FNDA:5,(anonymous_10)
FNDA:5,(anonymous_11)
FNDA:0,(anonymous_12)
FNDA:0,(anonymous_13)
FNDA:0,(anonymous_14)
FNDA:0,(anonymous_15)
FNDA:0,(anonymous_16)
FNDA:0,(anonymous_17)
FNDA:0,(anonymous_18)
FNDA:0,(anonymous_19)
FNDA:0,(anonymous_20)
FNDA:0,(anonymous_21)
FNDA:0,(anonymous_22)
FNDA:0,(anonymous_23)
FNDA:0,(anonymous_24)
FNDA:0,(anonymous_25)
FNDA:0,(anonymous_26)
FNDA:0,(anonymous_27)
FNDA:0,(anonymous_28)
FNDA:0,(anonymous_29)
FNDA:0,(anonymous_30)
FNDA:0,(anonymous_31)
FNDA:0,(anonymous_32)
FNDA:0,(anonymous_33)
DA:46,5
DA:47,5
DA:48,5
DA:49,5
DA:50,5
DA:52,10
DA:53,10
DA:56,5
DA:63,5
DA:64,0
DA:66,0
DA:67,0
DA:68,0
DA:70,0
DA:71,0
DA:72,0
DA:73,0
DA:76,0
DA:81,0
DA:86,5
DA:87,0
DA:88,0
DA:89,0
DA:90,0
DA:91,0
DA:95,5
DA:101,0
DA:116,0
DA:149,5
DA:154,5
DA:157,0
DA:158,0
DA:159,0
DA:160,0
DA:161,0
DA:162,0
DA:163,0
DA:179,0
DA:183,0
DA:184,0
DA:186,0
DA:187,0
DA:195,0
DA:198,0
DA:199,0
DA:201,0
DA:202,0
DA:215,0
DA:224,0
DA:248,0
DA:272,0
DA:275,0
DA:276,0
DA:277,0
DA:278,0
DA:279,0
DA:280,0
DA:281,0
LF:58
LH:13
BRDA:66,0,0,0
BRDA:66,0,1,0
BRDA:66,1,0,0
BRDA:66,1,1,0
BRDA:66,1,2,0
BRDA:70,2,0,0
BRDA:70,2,1,0
BRDA:70,3,0,0
BRDA:70,3,1,0
BRDA:87,4,0,0
BRDA:87,4,1,0
BRDA:88,5,0,0
BRDA:88,5,1,0
BRDA:103,6,0,5
BRDA:103,6,1,0
BRDA:118,7,0,0
BRDA:118,7,1,5
BRDA:137,8,0,5
BRDA:137,8,1,5
BRDA:152,9,0,5
BRDA:152,9,1,0
BRDA:173,10,0,0
BRDA:173,10,1,5
BRDA:183,11,0,0
BRDA:183,11,1,0
BRDA:183,12,0,0
BRDA:183,12,1,0
BRDA:186,13,0,0
BRDA:186,13,1,0
BRDA:198,14,0,0
BRDA:198,14,1,0
BRDA:201,15,0,0
BRDA:201,15,1,0
BRDA:245,16,0,5
BRDA:245,16,1,5
BRDA:253,17,0,0
BRDA:253,17,1,5
BRDA:269,18,0,5
BRDA:269,18,1,0
BRDA:270,19,0,0
BRDA:270,19,1,0
BRDA:290,20,0,5
BRDA:290,20,1,0
BRF:43
BRH:11
end_of_record
TN:
SF:src/components/TaskMiniCard.tsx
FN:37,TaskMiniCard
FN:76,(anonymous_1)
FN:81,(anonymous_2)
FN:82,(anonymous_3)
FN:90,(anonymous_4)
FN:101,(anonymous_5)
FN:110,(anonymous_6)
FN:111,(anonymous_7)
FN:119,(anonymous_8)
FN:120,(anonymous_9)
FN:132,(anonymous_10)
FN:265,(anonymous_11)
FN:279,(anonymous_12)
FN:364,(anonymous_13)
FN:381,(anonymous_14)
FN:385,(anonymous_15)
FN:389,(anonymous_16)
FN:390,(anonymous_17)
FN:391,(anonymous_18)
FN:404,(anonymous_19)
FN:408,(anonymous_20)
FN:424,(anonymous_21)
FN:449,(anonymous_22)
FNF:23
FNH:1
FNDA:5,TaskMiniCard
FNDA:0,(anonymous_1)
FNDA:0,(anonymous_2)
FNDA:0,(anonymous_3)
FNDA:0,(anonymous_4)
FNDA:0,(anonymous_5)
FNDA:0,(anonymous_6)
FNDA:0,(anonymous_7)
FNDA:0,(anonymous_8)
FNDA:0,(anonymous_9)
FNDA:0,(anonymous_10)
FNDA:0,(anonymous_11)
FNDA:0,(anonymous_12)
FNDA:0,(anonymous_13)
FNDA:0,(anonymous_14)
FNDA:0,(anonymous_15)
FNDA:0,(anonymous_16)
FNDA:0,(anonymous_17)
FNDA:0,(anonymous_18)
FNDA:0,(anonymous_19)
FNDA:0,(anonymous_20)
FNDA:0,(anonymous_21)
FNDA:0,(anonymous_22)
DA:48,5
DA:49,5
DA:50,5
DA:51,5
DA:60,5
DA:62,5
DA:69,5
DA:76,5
DA:77,0
DA:79,0
DA:80,0
DA:81,0
DA:82,0
DA:84,0
DA:85,0
DA:86,0
DA:87,0
DA:90,0
DA:95,0
DA:100,5
DA:101,5
DA:102,5
DA:103,5
DA:106,5
DA:107,5
DA:110,5
DA:111,5
DA:114,5
DA:115,5
DA:118,5
DA:119,0
DA:120,0
DA:121,5
DA:123,5
DA:125,5
DA:132,5
DA:133,0
DA:134,0
DA:135,0
DA:136,0
DA:140,5
DA:265,0
DA:279,0
DA:364,0
DA:381,0
DA:386,0
DA:389,0
DA:390,0
DA:391,0
DA:404,0
DA:409,0
DA:410,0
DA:411,0
DA:412,0
DA:425,0
DA:426,0
DA:449,0
LF:57
LH:24
BRDA:65,0,0,0
BRDA:65,0,1,5
BRDA:79,1,0,0
BRDA:79,1,1,0
BRDA:79,2,0,0
BRDA:79,2,1,0
BRDA:80,3,0,0
BRDA:80,3,1,0
BRDA:84,4,0,0
BRDA:84,4,1,0
BRDA:84,5,0,0
BRDA:84,5,1,0
BRDA:100,6,0,5
BRDA:100,6,1,0
BRDA:103,7,0,0
BRDA:103,7,1,5
BRDA:106,8,0,5
BRDA:106,8,1,5
BRDA:107,9,0,5
BRDA:107,9,1,5
BRDA:110,10,0,0
BRDA:110,10,1,0
BRDA:111,11,0,0
BRDA:111,11,1,0
BRDA:120,12,0,0
BRDA:120,12,1,0
BRDA:120,12,2,0
BRDA:121,13,0,0
BRDA:121,13,1,5
BRDA:123,14,0,5
BRDA:123,14,1,5
BRDA:133,15,0,0
BRDA:133,15,1,0
BRDA:146,16,0,0
BRDA:146,16,1,5
BRDA:148,17,0,0
BRDA:148,17,1,5
BRDA:150,18,0,5
BRDA:150,18,1,5
BRDA:173,19,0,5
BRDA:173,19,1,0
BRDA:173,20,0,5
BRDA:173,20,1,0
BRDA:175,21,0,0
BRDA:175,21,1,5
BRDA:177,22,0,0
BRDA:177,22,1,5
BRDA:182,23,0,5
BRDA:182,23,1,0
BRDA:187,24,0,5
BRDA:187,24,1,0
BRDA:195,25,0,5
BRDA:195,25,1,0
BRDA:202,26,0,0
BRDA:202,26,1,5
BRDA:211,27,0,5
BRDA:211,27,1,0
BRDA:214,28,0,0
BRDA:214,28,1,0
BRDA:215,29,0,0
BRDA:215,29,1,0
BRDA:215,29,2,0
BRDA:222,30,0,5
BRDA:222,30,1,0
BRDA:228,31,0,5
BRDA:228,31,1,0
BRDA:234,32,0,5
BRDA:234,32,1,0
BRDA:234,32,2,0
BRDA:237,33,0,0
BRDA:237,33,1,0
BRDA:239,34,0,0
BRDA:239,34,1,0
BRDA:250,35,0,5
BRDA:250,35,1,0
BRDA:267,36,0,0
BRDA:267,36,1,5
BRDA:270,37,0,0
BRDA:270,37,1,5
BRDA:301,38,0,5
BRDA:301,38,1,0
BRDA:304,39,0,0
BRDA:304,39,1,0
BRDA:334,40,0,0
BRDA:334,40,1,0
BRDA:344,41,0,0
BRDA:344,41,1,0
BRDA:352,42,0,0
BRDA:352,42,1,0
BRDA:352,42,2,0
BRDA:399,43,0,0
BRDA:399,43,1,0
BRDA:409,44,0,0
BRDA:409,44,1,0
BRDA:410,45,0,0
BRDA:410,45,1,0
BRDA:435,46,0,0
BRDA:435,46,1,0
BRDA:435,46,2,0
BRF:99
BRH:30
end_of_record
TN:
SF:src/components/TimelineComparison.tsx
FN:10,TimelineComparison
FN:17,(anonymous_1)
FN:78,(anonymous_2)
FN:118,(anonymous_3)
FN:137,(anonymous_4)
FNF:5
FNH:5
FNDA:10,TimelineComparison
FNDA:4,(anonymous_1)
FNDA:6,(anonymous_2)
FNDA:6,(anonymous_3)
FNDA:6,(anonymous_4)
DA:11,10
DA:13,10
DA:17,4
DA:79,6
DA:119,6
DA:138,6
LF:6
LH:6
BRDA:30,0,0,3
BRDA:30,0,1,7
BRDA:64,1,0,10
BRDA:64,1,1,3
BRDA:89,2,0,6
BRDA:89,2,1,0
BRDA:89,3,0,6
BRDA:89,3,1,6
BRF:8
BRH:7
end_of_record
TN:
SF:src/components/chat/ChatInput.tsx
FN:12,ChatInput
FN:15,(anonymous_1)
FN:22,(anonymous_2)
FN:34,(anonymous_3)
FNF:4
FNH:4
FNDA:25,ChatInput
FNDA:7,(anonymous_1)
FNDA:7,(anonymous_2)
FNDA:7,(anonymous_3)
DA:13,25
DA:15,25
DA:16,7
DA:17,4
DA:18,4
DA:22,25
DA:23,7
DA:24,6
DA:25,6
DA:29,25
DA:34,7
LF:11
LH:11
BRDA:16,0,0,4
BRDA:16,0,1,3
BRDA:16,1,0,7
BRDA:16,1,1,5
BRDA:23,2,0,6
BRDA:23,2,1,1
BRDA:23,3,0,7
BRDA:23,3,1,7
BRDA:43,4,0,25
BRDA:43,4,1,21
BRF:10
BRH:10
end_of_record
TN:
SF:src/components/chat/ChatMessage.tsx
FN:11,ChatMessage
FNF:1
FNH:1
FNDA:8,ChatMessage
DA:13,8
DA:14,3
DA:28,5
DA:30,5
LF:4
LH:4
BRDA:13,0,0,3
BRDA:13,0,1,5
BRDA:31,1,0,1
BRDA:31,1,1,4
BRDA:34,2,0,1
BRDA:34,2,1,4
BRDA:40,3,0,8
BRDA:40,3,1,1
BRF:8
BRH:8
end_of_record
TN:
SF:src/components/chat/ChatStatusIndicator.tsx
FN:13,ChatStatusIndicator
FN:21,(anonymous_1)
FNF:2
FNH:2
FNDA:13,ChatStatusIndicator
FNDA:11,(anonymous_1)
DA:14,13
DA:16,12
DA:22,11
LF:3
LH:3
BRDA:13,0,0,13
BRDA:14,1,0,1
BRDA:14,1,1,12
BRDA:19,2,0,12
BRDA:19,2,1,7
BRDA:23,3,0,4
BRDA:23,3,1,7
BRDA:23,4,0,5
BRDA:23,4,1,2
BRDA:24,5,0,4
BRDA:24,5,1,7
BRDA:24,6,0,5
BRDA:24,6,1,2
BRDA:27,7,0,11
BRDA:27,7,1,5
BRDA:30,8,0,11
BRDA:30,8,1,7
BRDA:46,9,0,13
BRDA:46,9,1,6
BRDA:47,10,0,13
BRDA:47,10,1,5
BRDA:47,10,2,4
BRDA:48,11,0,13
BRDA:48,11,1,5
BRDA:48,11,2,1
BRDA:49,12,0,13
BRDA:49,12,1,1
BRF:27
BRH:27
end_of_record
TN:
SF:src/components/chat/ChatWidget.tsx
FN:27,ChatWidget
FN:31,(anonymous_1)
FN:32,(anonymous_2)
FN:36,(anonymous_3)
FN:41,(anonymous_4)
FN:47,(anonymous_5)
FN:82,(anonymous_6)
FN:134,(anonymous_7)
FNF:8
FNH:6
FNDA:7,ChatWidget
FNDA:7,(anonymous_1)
FNDA:7,(anonymous_2)
FNDA:7,(anonymous_3)
FNDA:7,(anonymous_4)
FNDA:7,(anonymous_5)
FNDA:0,(anonymous_6)
FNDA:0,(anonymous_7)
DA:24,1
DA:25,1
DA:28,7
DA:30,7
DA:31,7
DA:32,7
DA:33,7
DA:36,7
DA:37,7
DA:41,7
DA:42,7
DA:43,1
DA:45,6
DA:47,7
DA:48,7
DA:53,7
DA:56,6
DA:57,6
DA:68,7
DA:69,7
DA:71,7
DA:82,0
DA:135,0
LF:23
LH:21
BRDA:42,0,0,1
BRDA:42,0,1,6
BRDA:42,1,0,7
BRDA:42,1,1,6
BRDA:53,2,0,1
BRDA:53,2,1,6
BRDA:57,3,0,1
BRDA:57,3,1,5
BRDA:68,4,0,1
BRDA:68,4,1,5
BRDA:69,5,0,1
BRDA:69,5,1,5
BRDA:87,6,0,1
BRDA:87,6,1,5
BRDA:101,7,0,7
BRDA:101,7,1,0
BRDA:128,8,0,7
BRDA:128,8,1,6
BRF:18
BRH:17
end_of_record
TN:
SF:src/components/feed/CheerButton.tsx
FN:10,CheerButton
FNF:1
FNH:1
FNDA:18,CheerButton
DA:16,18
LF:1
LH:1
BRDA:14,0,0,18
BRDA:24,1,0,1
BRDA:24,1,1,17
BRDA:28,2,0,1
BRDA:28,2,1,17
BRDA:31,3,0,1
BRDA:31,3,1,17
BRF:7
BRH:7
end_of_record
TN:
SF:src/components/feed/CommentSection.tsx
FN:14,CommentSection
FN:23,(anonymous_1)
FN:45,(anonymous_2)
FN:75,(anonymous_3)
FNF:4
FNH:4
FNDA:30,CommentSection
FNDA:3,(anonymous_1)
FNDA:3,(anonymous_2)
FNDA:4,(anonymous_3)
DA:20,30
DA:21,30
DA:23,30
DA:24,3
DA:25,3
DA:27,2
DA:28,2
DA:29,2
DA:30,2
DA:32,0
DA:34,2
DA:38,30
DA:40,16
DA:46,3
DA:75,4
LF:15
LH:14
BRDA:25,0,0,1
BRDA:25,0,1,2
BRDA:25,1,0,3
BRDA:25,1,1,2
BRDA:38,2,0,13
BRDA:38,2,1,17
BRDA:43,3,0,16
BRDA:43,3,1,3
BRDA:48,4,0,3
BRDA:48,4,1,1
BRDA:53,5,0,3
BRDA:53,5,1,1
BRDA:83,6,0,30
BRDA:83,6,1,5
BRDA:86,7,0,2
BRDA:86,7,1,14
BRF:16
BRH:16
end_of_record
TN:
SF:src/components/feed/FeedFilters.tsx
FN:38,FeedFilters
FN:44,(anonymous_1)
FN:47,(anonymous_2)
FNF:3
FNH:3
FNDA:4,FeedFilters
FNDA:28,(anonymous_1)
FNDA:1,(anonymous_2)
DA:18,1
DA:28,1
DA:42,4
DA:45,28
DA:47,1
LF:5
LH:5
BRDA:52,0,0,4
BRDA:52,0,1,24
BRF:2
BRH:2
end_of_record
TN:
SF:src/components/feed/FeedItemCard.tsx
FN:90,FeedItemCard
FN:97,(anonymous_1)
FN:105,(anonymous_2)
FN:134,(anonymous_3)
FN:140,(anonymous_4)
FN:216,(anonymous_5)
FNF:6
FNH:6
FNDA:13,FeedItemCard
FNDA:1,(anonymous_1)
FNDA:1,(anonymous_2)
FNDA:13,(anonymous_3)
FNDA:5,(anonymous_4)
FNDA:1,(anonymous_5)
DA:16,1
DA:53,1
DA:97,13
DA:98,1
DA:99,1
DA:101,0
DA:105,13
DA:106,1
DA:114,1
DA:118,1
DA:119,1
DA:120,1
DA:121,1
DA:124,0
DA:128,13
DA:129,13
DA:130,13
DA:131,13
DA:132,13
DA:134,13
DA:135,13
DA:137,2
DA:138,2
DA:141,5
DA:171,13
DA:216,1
LF:26
LH:24
BRDA:120,0,0,1
BRDA:120,0,1,0
BRDA:128,1,0,13
BRDA:128,1,1,0
BRDA:129,2,0,13
BRDA:129,2,1,0
BRDA:130,3,0,13
BRDA:130,3,1,0
BRDA:132,4,0,13
BRDA:132,4,1,2
BRDA:132,4,2,2
BRDA:135,5,0,11
BRDA:135,5,1,2
BRDA:135,6,0,13
BRDA:135,6,1,2
BRDA:144,7,0,5
BRDA:144,7,1,5
BRDA:147,8,0,0
BRDA:147,8,1,5
BRDA:150,9,0,5
BRDA:150,9,1,5
BRDA:150,9,2,5
BRDA:153,10,0,5
BRDA:153,10,1,5
BRDA:156,11,0,0
BRDA:156,11,1,5
BRDA:162,12,0,2
BRDA:162,12,1,1
BRDA:183,13,0,13
BRDA:183,13,1,0
BRDA:190,14,0,13
BRDA:190,14,1,0
BRDA:211,15,0,13
BRDA:211,15,1,0
BRDA:212,16,0,13
BRDA:212,16,1,13
BRDA:222,17,0,13
BRDA:222,17,1,2
BRDA:237,18,0,13
BRDA:237,18,1,0
BRF:40
BRH:30
end_of_record
TN:
SF:src/components/templates/ShareGoalModal.tsx
FN:12,ShareGoalModal
FN:26,(anonymous_1)
FN:45,(anonymous_2)
FN:55,(anonymous_3)
FN:58,(anonymous_4)
FN:90,(anonymous_5)
FN:106,(anonymous_6)
FN:121,(anonymous_7)
FN:138,(anonymous_8)
FN:160,(anonymous_9)
FN:178,(anonymous_10)
FN:179,(anonymous_11)
FN:197,(anonymous_12)
FN:205,(anonymous_13)
FN:226,(anonymous_14)
FN:243,(anonymous_15)
FN:263,(anonymous_16)
FNF:17
FNH:10
FNDA:28,ShareGoalModal
FNDA:1,(anonymous_1)
FNDA:5,(anonymous_2)
FNDA:1,(anonymous_3)
FNDA:1,(anonymous_4)
FNDA:0,(anonymous_5)
FNDA:0,(anonymous_6)
FNDA:0,(anonymous_7)
FNDA:1,(anonymous_8)
FNDA:0,(anonymous_9)
FNDA:5,(anonymous_10)
FNDA:0,(anonymous_11)
FNDA:5,(anonymous_12)
FNDA:1,(anonymous_13)
FNDA:0,(anonymous_14)
FNDA:1,(anonymous_15)
FNDA:0,(anonymous_16)
DA:13,28
DA:14,28
DA:24,28
DA:26,28
DA:27,1
DA:28,1
DA:29,1
DA:31,1
DA:32,0
DA:34,1
DA:39,1
DA:41,0
DA:45,28
DA:46,5
DA:47,4
DA:51,4
DA:55,28
DA:56,1
DA:58,1
DA:62,28
DA:91,0
DA:106,0
DA:122,0
DA:139,1
DA:161,0
DA:178,5
DA:180,0
DA:181,0
DA:182,0
DA:198,5
DA:205,1
DA:227,0
DA:244,1
DA:264,0
LF:34
LH:23
BRDA:31,0,0,0
BRDA:31,0,1,1
BRDA:46,1,0,4
BRDA:46,1,1,1
BRDA:46,2,0,5
BRDA:46,2,1,5
BRDA:180,3,0,0
BRDA:180,3,1,0
BRDA:258,4,0,28
BRDA:258,4,1,1
BRDA:294,5,0,0
BRDA:294,5,1,28
BRF:12
BRH:8
end_of_record
TN:
SF:src/hooks/useFocusTrap.ts
FN:3,useFocusTrap
FN:6,(anonymous_1)
FN:19,handleKeyDown
FN:40,(anonymous_3)
FNF:4
FNH:4
FNDA:43,useFocusTrap
FNDA:29,(anonymous_1)
FNDA:5,handleKeyDown
FNDA:22,(anonymous_3)
DA:4,43
DA:6,43
DA:7,29
DA:9,22
DA:11,22
DA:13,22
DA:14,22
DA:15,22
DA:17,22
DA:20,5
DA:22,4
DA:23,4
DA:24,4
DA:26,4
DA:27,2
DA:28,1
DA:29,1
DA:32,2
DA:33,1
DA:34,1
DA:39,29
DA:40,29
DA:43,43
LF:23
LH:23
BRDA:7,0,0,7
BRDA:7,0,1,22
BRDA:7,1,0,29
BRDA:7,1,1,22
BRDA:20,2,0,1
BRDA:20,2,1,4
BRDA:26,3,0,2
BRDA:26,3,1,2
BRDA:27,4,0,1
BRDA:27,4,1,1
BRDA:32,5,0,1
BRDA:32,5,1,1
BRF:12
BRH:12
end_of_record
TN:
SF:src/lib/auth.ts
FN:10,getCurrentUser
FN:68,(anonymous_1)
FNF:2
FNH:1
FNDA:5,getCurrentUser
FNDA:0,(anonymous_1)
DA:11,5
DA:13,5
DA:14,1
DA:18,4
DA:19,4
DA:22,4
DA:23,5
DA:24,5
DA:27,5
DA:32,4
DA:33,2
DA:34,2
DA:35,2
DA:50,2
DA:53,0
DA:54,0
DA:58,0
DA:59,0
DA:62,0
DA:67,2
DA:68,2
DA:69,0
DA:75,2
DA:80,1
DA:91,4
LF:25
LH:19
BRDA:13,0,0,1
BRDA:13,0,1,4
BRDA:22,1,0,4
BRDA:22,1,1,0
BRDA:22,1,2,0
BRDA:23,2,0,5
BRDA:23,2,1,1
BRDA:24,3,0,5
BRDA:24,3,1,1
BRDA:32,4,0,2
BRDA:32,4,1,2
BRDA:53,5,0,0
BRDA:53,5,1,0
BRDA:58,6,0,0
BRDA:58,6,1,0
BRDA:67,7,0,2
BRDA:67,7,1,0
BRDA:67,8,0,2
BRDA:67,8,1,2
BRDA:75,9,0,1
BRDA:75,9,1,1
BRDA:76,10,0,2
BRDA:76,10,1,1
BRDA:76,10,2,1
BRF:24
BRH:17
end_of_record
TN:
SF:src/lib/dateUtils.ts
FN:10,getTodayInTimezone
FN:15,isTodayInTimezone
FN:24,isYesterdayInTimezone
FN:35,formatDateInTimezone
FNF:4
FNH:4
FNDA:34,getTodayInTimezone
FNDA:7,isTodayInTimezone
FNDA:6,isYesterdayInTimezone
FNDA:39,formatDateInTimezone
DA:11,34
DA:19,7
DA:20,6
DA:28,6
DA:29,5
DA:30,5
DA:31,5
DA:36,39
DA:37,39
LF:9
LH:9
BRDA:19,0,0,1
BRDA:19,0,1,6
BRDA:28,1,0,1
BRDA:28,1,1,5
BRDA:36,2,0,39
BRDA:36,2,1,19
BRF:6
BRH:6
end_of_record
TN:
SF:src/lib/storage.ts
FN:3,generateId
FN:7,getToday
FN:11,isToday
FN:15,isYesterday
FN:19,formatCurrency
FN:26,parseCostString
FN:35,getWeekStart
FN:42,addDays
FNF:8
FNH:6
FNDA:4,generateId
FNDA:7,getToday
FNDA:0,isToday
FNDA:0,isYesterday
FNDA:75,formatCurrency
FNDA:4,parseCostString
FNDA:2,getWeekStart
FNDA:2,addDays
DA:4,4
DA:8,7
DA:12,0
DA:16,0
DA:20,75
DA:28,4
DA:29,4
DA:30,3
DA:32,1
DA:36,2
DA:37,2
DA:38,2
DA:39,2
DA:43,2
DA:44,2
DA:45,2
LF:16
LH:14
BRDA:29,0,0,3
BRDA:29,0,1,1
BRDA:38,1,0,0
BRDA:38,1,1,2
BRF:4
BRH:3
end_of_record
TN:
SF:src/lib/validations.ts
FN:133,(anonymous_0)
FN:211,validateRequest
FN:219,(anonymous_2)
FNF:3
FNH:3
FNDA:8,(anonymous_0)
FNDA:75,validateRequest
FNDA:25,(anonymous_2)
DA:11,14
DA:12,14
DA:18,14
DA:33,14
DA:56,14
DA:72,14
DA:93,14
DA:119,14
DA:129,14
DA:135,8
DA:138,6
DA:139,8
DA:140,8
DA:150,14
DA:158,14
DA:180,14
DA:189,14
DA:215,75
DA:217,75
DA:219,25
DA:220,23
DA:226,52
LF:22
LH:22
BRDA:135,0,0,2
BRDA:135,0,1,6
BRDA:138,1,0,6
BRDA:138,1,1,0
BRDA:217,2,0,23
BRDA:217,2,1,52
BRF:6
BRH:5
end_of_record
TN:
SF:src/lib/activity/diffUtils.ts
FN:11,diffFields
FN:30,formatDiffAction
FN:40,(anonymous_2)
FNF:3
FNH:3
FNDA:11,diffFields
FNDA:8,formatDiffAction
FNDA:9,(anonymous_2)
DA:16,11
DA:17,11
DA:18,23
DA:19,23
DA:20,23
DA:21,14
DA:24,11
DA:35,8
DA:36,6
DA:37,3
DA:38,3
DA:40,9
LF:12
LH:12
BRDA:20,0,0,14
BRDA:20,0,1,9
BRDA:35,1,0,2
BRDA:35,1,1,6
BRDA:36,2,0,3
BRDA:36,2,1,3
BRDA:38,3,0,3
BRDA:38,3,1,2
BRF:8
BRH:8
end_of_record
TN:
SF:src/lib/activity/index.ts
FNF:0
FNH:0
LF:0
LH:0
BRF:0
BRH:0
end_of_record
TN:
SF:src/lib/activity/trackActivity.ts
FN:48,trackActivity
FNF:1
FNH:1
FNDA:32,trackActivity
DA:4,12
DA:60,32
DA:63,32
DA:76,32
DA:77,32
DA:80,29
DA:82,32
DA:83,27
DA:87,27
DA:88,3
DA:90,24
DA:94,29
DA:98,27
DA:99,25
DA:100,25
DA:108,25
DA:112,26
LF:17
LH:17
BRDA:59,0,0,32
BRDA:68,1,0,32
BRDA:68,1,1,17
BRDA:69,2,0,32
BRDA:69,2,1,22
BRDA:70,3,0,32
BRDA:70,3,1,30
BRDA:71,4,0,32
BRDA:71,4,1,14
BRDA:77,5,0,3
BRDA:77,5,1,29
BRDA:77,6,0,32
BRDA:77,6,1,3
BRDA:80,7,0,2
BRDA:80,7,1,27
BRDA:82,8,0,27
BRDA:82,8,1,5
BRDA:82,9,0,32
BRDA:82,9,1,27
BRDA:87,10,0,3
BRDA:87,10,1,24
BRDA:88,11,0,3
BRDA:88,11,1,0
BRDA:94,12,0,2
BRDA:94,12,1,27
BRDA:98,13,0,25
BRDA:98,13,1,2
BRDA:108,14,0,1
BRDA:108,14,1,24
BRDA:116,15,0,26
BRDA:116,15,1,23
BRDA:117,16,0,32
BRDA:117,16,1,9
BRF:33
BRH:32
end_of_record
TN:
SF:src/lib/admin/auth.ts
FN:8,isAdmin
FN:25,requireAdmin
FNF:2
FNH:2
FNDA:7,isAdmin
FNDA:3,requireAdmin
DA:9,7
DA:11,6
DA:13,6
DA:14,1
DA:15,1
DA:18,5
DA:26,3
DA:28,3
DA:29,1
DA:32,2
DA:33,1
DA:36,1
LF:12
LH:12
BRDA:9,0,0,1
BRDA:9,0,1,6
BRDA:13,1,0,1
BRDA:13,1,1,5
BRDA:28,2,0,1
BRDA:28,2,1,2
BRDA:32,3,0,1
BRDA:32,3,1,1
BRF:8
BRH:8
end_of_record
TN:
SF:src/lib/agent/auditLog.ts
FN:11,(anonymous_0)
FN:26,(anonymous_1)
FN:39,(anonymous_2)
FN:52,(anonymous_3)
FN:64,(anonymous_4)
FN:77,(anonymous_5)
FN:90,(anonymous_6)
FN:103,(anonymous_7)
FN:116,(anonymous_8)
FN:127,(anonymous_9)
FN:139,(anonymous_10)
FNF:11
FNH:9
FNDA:10,(anonymous_0)
FNDA:2,(anonymous_1)
FNDA:1,(anonymous_2)
FNDA:1,(anonymous_3)
FNDA:1,(anonymous_4)
FNDA:1,(anonymous_5)
FNDA:1,(anonymous_6)
FNDA:1,(anonymous_7)
FNDA:2,(anonymous_8)
FNDA:0,(anonymous_9)
FNDA:0,(anonymous_10)
DA:14,10
DA:27,2
DA:40,1
DA:53,1
DA:65,1
DA:78,1
DA:91,1
DA:104,1
DA:117,2
DA:128,0
DA:140,0
DA:151,3
LF:12
LH:10
BRF:0
BRH:0
end_of_record
TN:
SF:src/lib/agent/conversationStore.ts
FN:8,(anonymous_0)
FN:14,(anonymous_1)
FN:29,(anonymous_2)
FN:44,(anonymous_3)
FN:52,(anonymous_4)
FN:60,(anonymous_5)
FN:67,(anonymous_6)
FNF:7
FNH:7
FNDA:3,(anonymous_0)
FNDA:41,(anonymous_1)
FNDA:23,(anonymous_2)
FNDA:2,(anonymous_3)
FNDA:7,(anonymous_4)
FNDA:10,(anonymous_5)
FNDA:1,(anonymous_6)
DA:9,3
DA:15,41
DA:16,11
DA:23,41
DA:30,23
DA:31,23
DA:34,23
DA:35,22
DA:37,22
DA:45,2
DA:46,2
DA:53,7
DA:54,7
DA:61,10
DA:68,1
DA:70,1
DA:72,1
DA:73,1
DA:76,1
DA:77,1
DA:80,1
DA:81,1
DA:84,1
DA:86,1
DA:89,1
DA:91,1
DA:96,3
LF:27
LH:27
BRDA:15,0,0,11
BRDA:15,0,1,30
BRDA:34,1,0,22
BRDA:34,1,1,1
BRDA:72,2,0,1
BRDA:72,2,1,0
BRDA:76,3,0,1
BRDA:76,3,1,0
BRDA:80,4,0,1
BRDA:80,4,1,0
BRF:10
BRH:7
end_of_record
TN:
SF:src/lib/agent/errorHandler.ts
FN:11,(anonymous_0)
FN:50,(anonymous_1)
FN:68,(anonymous_2)
FN:96,(anonymous_3)
FN:106,(anonymous_4)
FN:125,(anonymous_5)
FN:133,(anonymous_6)
FN:141,(anonymous_7)
FNF:8
FNH:8
FNDA:19,(anonymous_0)
FNDA:18,(anonymous_1)
FNDA:9,(anonymous_2)
FNDA:9,(anonymous_3)
FNDA:18,(anonymous_4)
FNDA:9,(anonymous_5)
FNDA:9,(anonymous_6)
FNDA:1,(anonymous_7)
DA:13,19
DA:14,9
DA:25,10
DA:26,9
DA:27,9
DA:38,1
DA:51,18
DA:62,18
DA:69,9
DA:71,9
DA:72,1
DA:74,8
DA:75,1
DA:77,7
DA:78,2
DA:80,5
DA:81,1
DA:83,4
DA:84,1
DA:86,3
DA:87,1
DA:90,2
DA:97,9
DA:107,18
DA:119,18
DA:126,9
DA:127,9
DA:134,9
DA:135,9
DA:142,1
DA:143,1
DA:152,2
LF:32
LH:32
BRDA:13,0,0,9
BRDA:13,0,1,10
BRDA:25,1,0,9
BRDA:25,1,1,1
BRDA:32,2,0,9
BRDA:32,2,1,8
BRDA:62,3,0,18
BRDA:62,3,1,0
BRDA:71,4,0,1
BRDA:71,4,1,8
BRDA:71,5,0,9
BRDA:71,5,1,8
BRDA:74,6,0,1
BRDA:74,6,1,7
BRDA:74,7,0,8
BRDA:74,7,1,7
BRDA:77,8,0,2
BRDA:77,8,1,5
BRDA:77,9,0,7
BRDA:77,9,1,6
BRDA:80,10,0,1
BRDA:80,10,1,4
BRDA:83,11,0,1
BRDA:83,11,1,3
BRDA:86,12,0,1
BRDA:86,12,1,2
BRDA:86,13,0,3
BRDA:86,13,1,2
BRDA:119,14,0,18
BRDA:119,14,1,0
BRF:30
BRH:28
end_of_record
TN:
SF:src/lib/agent/pickGoalIcon.ts
FN:25,pickGoalIcon
FN:56,(anonymous_1)
FNF:2
FNH:1
FNDA:3,pickGoalIcon
FNDA:0,(anonymous_1)
DA:9,3
DA:17,3
DA:30,3
DA:31,3
DA:33,3
DA:37,3
DA:53,0
DA:56,3
DA:57,3
DA:59,3
LF:10
LH:9
BRDA:31,0,0,3
BRDA:31,0,1,3
BRDA:33,1,0,0
BRDA:33,1,1,0
BRDA:35,2,0,0
BRDA:35,2,1,0
BRDA:38,3,0,3
BRDA:38,3,1,0
BRDA:53,4,0,0
BRDA:53,4,1,0
BRDA:57,5,0,3
BRDA:57,5,1,0
BRF:12
BRH:4
end_of_record
TN:
SF:src/lib/agent/resolveUser.ts
FN:12,resolveUser
FNF:1
FNH:1
FNDA:3,resolveUser
DA:13,3
DA:14,3
DA:17,2
DA:19,1
DA:20,1
LF:5
LH:5
BRF:0
BRH:0
end_of_record
TN:
SF:src/lib/agent/security.ts
FN:20,(anonymous_0)
FN:26,(anonymous_1)
FN:32,(anonymous_2)
FN:50,(anonymous_3)
FN:58,(anonymous_4)
FN:71,(anonymous_5)
FN:83,(anonymous_6)
FNF:7
FNH:6
FNDA:1,(anonymous_0)
FNDA:96,(anonymous_1)
FNDA:1368,(anonymous_2)
FNDA:1,(anonymous_3)
FNDA:3,(anonymous_4)
FNDA:0,(anonymous_5)
FNDA:3,(anonymous_6)
DA:13,1
DA:14,1
DA:21,1
DA:27,96
DA:28,96
DA:31,96
DA:32,1368
DA:36,96
DA:37,2
DA:41,94
DA:42,94
DA:44,94
DA:54,1
DA:55,1
DA:57,1
DA:58,3
DA:61,1
DA:62,1
DA:63,1
DA:65,1
DA:72,0
DA:73,0
DA:88,3
DA:89,3
DA:90,3
DA:96,2
DA:99,0
DA:101,1
DA:102,1
DA:108,1
LF:30
LH:27
BRDA:28,0,0,96
BRDA:28,0,1,5
BRDA:36,1,0,2
BRDA:36,1,1,94
BRDA:55,2,0,1
BRDA:55,2,1,0
BRDA:62,3,0,1
BRDA:62,3,1,0
BRDA:89,4,0,3
BRDA:89,4,1,0
BRF:10
BRH:7
end_of_record
TN:
SF:src/lib/email/notifications.ts
FN:51,notify
FN:121,generateEmailTemplate
FNF:2
FNH:2
FNDA:20,notify
FNDA:13,generateEmailTemplate
DA:56,20
DA:58,20
DA:63,20
DA:64,2
DA:68,18
DA:69,18
DA:70,2
DA:76,18
DA:77,2
DA:81,16
DA:82,3
DA:86,13
DA:91,20
DA:92,0
DA:96,13
DA:98,12
DA:106,1
DA:113,0
DA:114,0
DA:125,13
DA:127,1
DA:135,0
DA:144,4
DA:155,1
DA:164,1
DA:173,1
DA:183,1
DA:193,1
DA:205,1
DA:214,1
DA:223,1
DA:233,0
LF:32
LH:27
BRDA:63,0,0,2
BRDA:63,0,1,18
BRDA:69,1,0,2
BRDA:69,1,1,16
BRDA:76,2,0,2
BRDA:76,2,1,16
BRDA:81,3,0,3
BRDA:81,3,1,13
BRDA:88,4,0,13
BRDA:88,4,1,12
BRDA:91,5,0,0
BRDA:91,5,1,20
BRDA:96,6,0,12
BRDA:96,6,1,1
BRDA:116,7,0,0
BRDA:116,7,1,0
BRDA:125,8,0,1
BRDA:125,8,1,0
BRDA:125,8,2,4
BRDA:125,8,3,1
BRDA:125,8,4,1
BRDA:125,8,5,1
BRDA:125,8,6,1
BRDA:125,8,7,1
BRDA:125,8,8,1
BRDA:125,8,9,1
BRDA:125,8,10,1
BRDA:125,8,11,0
BRDA:130,9,0,1
BRDA:130,9,1,0
BRDA:138,10,0,0
BRDA:138,10,1,0
BRDA:139,11,0,0
BRDA:139,11,1,0
BRDA:145,12,0,4
BRDA:145,12,1,0
BRDA:147,13,0,4
BRDA:147,13,1,0
BRDA:148,14,0,4
BRDA:148,14,1,0
BRDA:150,15,0,4
BRDA:150,15,1,2
BRDA:156,16,0,1
BRDA:156,16,1,0
BRDA:158,17,0,1
BRDA:158,17,1,0
BRDA:159,18,0,1
BRDA:159,18,1,0
BRDA:167,19,0,1
BRDA:167,19,1,0
BRDA:168,20,0,1
BRDA:168,20,1,0
BRDA:174,21,0,1
BRDA:174,21,1,0
BRDA:176,22,0,1
BRDA:176,22,1,0
BRDA:177,23,0,1
BRDA:177,23,1,0
BRDA:184,24,0,1
BRDA:184,24,1,0
BRDA:186,25,0,1
BRDA:186,25,1,0
BRDA:187,26,0,1
BRDA:187,26,1,0
BRDA:194,27,0,1
BRDA:194,27,1,0
BRDA:196,28,0,1
BRDA:196,28,1,0
BRDA:197,29,0,1
BRDA:197,29,1,0
BRDA:199,30,0,1
BRDA:199,30,1,0
BRDA:200,31,0,1
BRDA:200,31,1,0
BRDA:206,32,0,1
BRDA:206,32,1,0
BRDA:208,33,0,1
BRDA:208,33,1,0
BRDA:209,34,0,1
BRDA:209,34,1,0
BRDA:217,35,0,1
BRDA:217,35,1,0
BRDA:218,36,0,1
BRDA:218,36,1,0
BRDA:224,37,0,1
BRDA:224,37,1,0
BRDA:226,38,0,1
BRDA:226,38,1,0
BRDA:227,39,0,1
BRDA:227,39,1,0
BRDA:228,40,0,1
BRDA:228,40,1,0
BRF:92
BRH:54
end_of_record
TN:
SF:src/lib/email/resend.ts
FNF:0
FNH:0
DA:3,4
DA:8,4
DA:11,4
LF:3
LH:3
BRDA:8,0,0,4
BRDA:8,0,1,4
BRDA:9,1,0,4
BRDA:9,1,1,4
BRDA:11,2,0,4
BRDA:11,2,1,0
BRF:6
BRH:5
end_of_record
TN:
SF:src/lib/email/send.ts
FN:12,sendEmail
FNF:1
FNH:1
FNDA:4,sendEmail
DA:4,5
DA:13,4
DA:14,1
DA:15,1
DA:18,3
DA:19,3
DA:26,2
DA:27,1
DA:28,1
DA:31,1
DA:33,1
DA:34,1
DA:35,1
LF:13
LH:13
BRDA:4,0,0,5
BRDA:4,0,1,5
BRDA:13,1,0,1
BRDA:13,1,1,3
BRDA:26,2,0,1
BRDA:26,2,1,1
BRDA:33,3,0,1
BRDA:33,3,1,0
BRF:8
BRH:7
end_of_record
TN:
SF:src/lib/email/templates/base-layout.tsx
FN:18,BaseLayout
FNF:1
FNH:0
FNDA:0,BaseLayout
DA:19,0
DA:44,7
DA:49,7
DA:59,7
DA:63,7
DA:70,7
DA:74,7
DA:79,7
DA:83,7
LF:9
LH:8
BRF:0
BRH:0
end_of_record
TN:
SF:src/lib/email/templates/friend-invitation.tsx
FN:10,FriendInvitationEmail
FNF:1
FNH:0
FNDA:0,FriendInvitationEmail
DA:11,0
DA:13,0
DA:41,7
DA:49,7
DA:57,7
DA:63,7
DA:74,7
LF:7
LH:5
BRF:0
BRH:0
end_of_record
TN:
SF:src/lib/email/templates/friend-streak-reminder.tsx
FN:11,FriendStreakReminderEmail
FNF:1
FNH:0
FNDA:0,FriendStreakReminderEmail
DA:12,0
DA:34,7
DA:42,7
DA:50,7
LF:4
LH:3
BRF:0
BRH:0
end_of_record
TN:
SF:src/lib/email/templates/goal-created.tsx
FN:12,GoalCreatedEmail
FNF:1
FNH:0
FNDA:0,GoalCreatedEmail
DA:13,0
DA:39,7
DA:47,7
DA:55,7
LF:4
LH:3
BRDA:16,0,0,0
BRDA:16,0,1,0
BRDA:24,1,0,0
BRDA:24,1,1,0
BRF:4
BRH:0
end_of_record
TN:
SF:src/lib/email/templates/goal-deleted.tsx
FN:10,GoalDeletedEmail
FNF:1
FNH:0
FNDA:0,GoalDeletedEmail
DA:11,0
DA:25,7
DA:33,7
LF:3
LH:2
BRF:0
BRH:0
end_of_record
TN:
SF:src/lib/email/templates/goal-forked.tsx
FN:13,GoalForkedEmail
FNF:1
FNH:0
FNDA:0,GoalForkedEmail
DA:14,0
DA:40,7
DA:48,7
DA:56,7
LF:4
LH:3
BRDA:17,0,0,0
BRDA:17,0,1,0
BRDA:25,1,0,0
BRDA:25,1,1,0
BRF:4
BRH:0
end_of_record
TN:
SF:src/lib/email/templates/goal-published.tsx
FN:11,GoalPublishedEmail
FNF:1
FNH:0
FNDA:0,GoalPublishedEmail
DA:12,0
DA:38,7
DA:46,7
DA:54,7
LF:4
LH:3
BRDA:15,0,0,0
BRDA:15,0,1,0
BRF:2
BRH:0
end_of_record
TN:
SF:src/lib/email/templates/goal-shared.tsx
FN:11,GoalSharedEmail
FNF:1
FNH:0
FNDA:0,GoalSharedEmail
DA:12,0
DA:34,7
DA:42,7
DA:50,7
LF:4
LH:3
BRDA:15,0,0,0
BRDA:15,0,1,0
BRF:2
BRH:0
end_of_record
TN:
SF:src/lib/email/templates/goal-unshared.tsx
FN:10,GoalUnsharedEmail
FNF:1
FNH:0
FNDA:0,GoalUnsharedEmail
DA:11,0
DA:25,1
DA:33,1
LF:3
LH:2
BRF:0
BRH:0
end_of_record
TN:
SF:src/lib/email/templates/profile-changed.tsx
FN:10,ProfileChangedEmail
FN:21,(anonymous_1)
FNF:2
FNH:0
FNDA:0,ProfileChangedEmail
FNDA:0,(anonymous_1)
DA:11,0
DA:22,0
DA:35,7
DA:43,7
DA:51,7
DA:59,7
LF:6
LH:4
BRF:0
BRH:0
end_of_record
TN:
SF:src/lib/email/templates/streak-milestone.tsx
FN:10,StreakMilestoneEmail
FN:11,(anonymous_1)
FNF:2
FNH:0
FNDA:0,StreakMilestoneEmail
FNDA:0,(anonymous_1)
DA:11,0
DA:12,0
DA:13,0
DA:14,0
DA:15,0
DA:16,0
DA:17,0
DA:20,0
DA:42,7
DA:50,7
DA:58,7
LF:11
LH:3
BRDA:12,0,0,0
BRDA:12,0,1,0
BRDA:13,1,0,0
BRDA:13,1,1,0
BRDA:14,2,0,0
BRDA:14,2,1,0
BRDA:15,3,0,0
BRDA:15,3,1,0
BRDA:16,4,0,0
BRDA:16,4,1,0
BRF:10
BRH:0
end_of_record
TN:
SF:src/lib/email/templates/streak-reminder.tsx
FN:10,StreakReminderEmail
FNF:1
FNH:0
FNDA:0,StreakReminderEmail
DA:11,0
DA:33,7
DA:41,7
DA:49,7
LF:4
LH:3
BRF:0
BRH:0
end_of_record
TN:
SF:src/lib/email/templates/welcome.tsx
FN:9,WelcomeEmail
FNF:1
FNH:0
FNDA:0,WelcomeEmail
DA:10,0
DA:38,7
DA:46,7
DA:54,7
DA:63,7
LF:5
LH:4
BRDA:26,0,0,0
BRDA:26,0,1,0
BRF:2
BRH:0
end_of_record
TN:
SF:src/lib/feed/streakChecker.ts
FN:15,findAtRiskUsers
FN:56,(anonymous_1)
FN:57,(anonymous_2)
FN:80,notifyFriendsOfAtRiskStreaks
FNF:4
FNH:4
FNDA:5,findAtRiskUsers
FNDA:4,(anonymous_1)
FNDA:1,(anonymous_2)
FNDA:2,notifyFriendsOfAtRiskStreaks
DA:17,5
DA:34,5
DA:36,5
DA:37,6
DA:38,6
DA:39,6
DA:42,6
DA:44,5
DA:50,5
DA:55,5
DA:56,4
DA:57,1
DA:61,5
DA:63,5
DA:64,3
DA:74,5
DA:87,2
DA:88,2
DA:89,2
DA:90,2
DA:92,2
DA:93,2
DA:95,2
DA:104,2
DA:107,2
DA:108,3
DA:109,3
DA:113,2
DA:115,1
DA:119,1
DA:123,0
DA:127,0
DA:131,2
LF:33
LH:31
BRDA:38,0,0,6
BRDA:38,0,1,0
BRDA:42,1,0,5
BRDA:42,1,1,1
BRDA:42,2,0,6
BRDA:42,2,1,6
BRDA:63,3,0,3
BRDA:63,3,1,2
BRF:8
BRH:7
end_of_record
TN:
SF:src/lib/mcp/skills/goalSummary.ts
FN:12,(anonymous_0)
FN:41,(anonymous_1)
FN:42,(anonymous_2)
FN:46,(anonymous_3)
FN:50,(anonymous_4)
FN:54,(anonymous_5)
FN:71,(anonymous_6)
FN:93,(anonymous_7)
FNF:8
FNH:8
FNDA:3,(anonymous_0)
FNDA:3,(anonymous_1)
FNDA:3,(anonymous_2)
FNDA:3,(anonymous_3)
FNDA:3,(anonymous_4)
FNDA:3,(anonymous_5)
FNDA:3,(anonymous_6)
FNDA:3,(anonymous_7)
DA:9,2
DA:13,3
DA:14,3
DA:15,0
DA:23,3
DA:24,3
DA:25,1
DA:29,2
DA:30,2
DA:31,0
DA:35,2
DA:37,3
DA:40,3
DA:41,3
DA:42,3
DA:43,3
DA:46,3
DA:49,3
DA:50,3
DA:54,3
DA:57,3
DA:71,3
DA:79,3
DA:80,3
DA:81,3
DA:82,3
DA:83,3
DA:84,3
DA:86,3
DA:87,3
DA:88,3
DA:89,3
DA:91,3
DA:92,1
DA:93,1
DA:94,3
DA:98,2
DA:104,0
DA:105,0
LF:39
LH:35
BRDA:14,0,0,0
BRDA:14,0,1,3
BRDA:24,1,0,1
BRDA:24,1,1,2
BRDA:30,2,0,0
BRDA:30,2,1,2
BRDA:35,3,0,2
BRDA:35,3,1,0
BRDA:43,4,0,1
BRDA:43,4,1,1
BRDA:50,5,0,3
BRDA:50,5,1,2
BRDA:91,6,0,1
BRDA:91,6,1,2
BRF:14
BRH:11
end_of_record
TN:
SF:src/lib/mcp/skills/index.ts
FNF:0
FNH:0
DA:13,1
LF:1
LH:1
BRF:0
BRH:0
end_of_record
TN:
SF:src/lib/mcp/skills/progressAnalytics.ts
FN:12,(anonymous_0)
FN:40,(anonymous_1)
FN:56,(anonymous_2)
FN:57,(anonymous_3)
FN:72,(anonymous_4)
FN:87,(anonymous_5)
FN:114,(anonymous_6)
FNF:7
FNH:7
FNDA:3,(anonymous_0)
FNDA:3,(anonymous_1)
FNDA:3,(anonymous_2)
FNDA:3,(anonymous_3)
FNDA:3,(anonymous_4)
FNDA:1,(anonymous_5)
FNDA:1,(anonymous_6)
DA:9,2
DA:13,3
DA:14,3
DA:15,0
DA:23,3
DA:24,3
DA:25,0
DA:29,3
DA:30,3
DA:31,0
DA:35,3
DA:37,3
DA:40,3
DA:41,3
DA:44,3
DA:45,3
DA:46,1
DA:47,1
DA:48,1
DA:52,1
DA:56,3
DA:57,3
DA:58,3
DA:61,3
DA:62,3
DA:63,3
DA:64,1
DA:65,1
DA:66,1
DA:67,1
DA:71,3
DA:72,3
DA:73,3
DA:74,3
DA:75,3
DA:76,3
DA:77,3
DA:80,3
DA:87,1
DA:95,3
DA:96,3
DA:97,3
DA:98,3
DA:100,3
DA:101,1
DA:102,1
DA:103,1
DA:104,2
DA:105,1
DA:106,1
DA:108,1
DA:109,1
DA:112,3
DA:113,1
DA:114,1
DA:115,1
DA:119,3
DA:125,0
DA:126,0
LF:59
LH:54
BRDA:14,0,0,0
BRDA:14,0,1,3
BRDA:24,1,0,0
BRDA:24,1,1,3
BRDA:30,2,0,0
BRDA:30,2,1,3
BRDA:35,3,0,3
BRDA:35,3,1,0
BRDA:37,4,0,3
BRDA:37,4,1,0
BRDA:41,5,0,3
BRDA:41,5,1,1
BRDA:45,6,0,1
BRDA:45,6,1,2
BRDA:63,7,0,1
BRDA:63,7,1,2
BRDA:63,8,0,3
BRDA:63,8,1,1
BRDA:77,9,0,3
BRDA:77,9,1,1
BRDA:100,10,0,1
BRDA:100,10,1,2
BRDA:104,11,0,1
BRDA:104,11,1,1
BRDA:112,12,0,1
BRDA:112,12,1,2
BRF:26
BRH:21
end_of_record
TN:
SF:src/lib/mcp/skills/smartGoalCreator.ts
FN:11,(anonymous_0)
FNF:1
FNH:1
FNDA:4,(anonymous_0)
DA:8,2
DA:12,4
DA:13,4
DA:14,0
DA:22,4
DA:25,4
DA:26,1
DA:34,3
DA:36,3
DA:37,1
DA:40,3
DA:41,1
DA:44,3
DA:45,2
DA:49,3
DA:51,3
DA:53,2
DA:56,3
DA:58,0
DA:59,0
LF:20
LH:17
BRDA:13,0,0,0
BRDA:13,0,1,4
BRDA:22,1,0,4
BRDA:22,1,1,0
BRDA:25,2,0,1
BRDA:25,2,1,3
BRDA:36,3,0,1
BRDA:36,3,1,2
BRDA:40,4,0,1
BRDA:40,4,1,2
BRDA:40,5,0,3
BRDA:40,5,1,2
BRDA:44,6,0,2
BRDA:44,6,1,1
BRDA:51,7,0,2
BRDA:51,7,1,1
BRDA:51,8,0,3
BRDA:51,8,1,3
BRF:18
BRH:16
end_of_record
TN:
SF:src/lib/mcp/tools/addFeedComment.ts
FN:30,executeAddFeedComment
FNF:1
FNH:1
FNDA:3,executeAddFeedComment
DA:5,2
DA:25,2
DA:31,3
DA:34,3
DA:38,2
DA:39,1
DA:42,1
DA:59,1
LF:8
LH:8
BRDA:38,0,0,1
BRDA:38,0,1,1
BRF:2
BRH:2
end_of_record
TN:
SF:src/lib/mcp/tools/addSubstep.ts
FN:41,executeAddSubstep
FN:98,(anonymous_1)
FNF:2
FNH:2
FNDA:9,executeAddSubstep
FNDA:6,(anonymous_1)
DA:12,2
DA:14,2
DA:45,9
DA:46,9
DA:47,1
DA:54,8
DA:55,1
DA:61,7
DA:64,7
DA:65,7
DA:66,0
DA:74,7
DA:75,7
DA:76,0
DA:84,7
DA:88,7
DA:89,1
DA:97,6
DA:98,9
DA:100,9
DA:101,1
DA:109,5
DA:110,5
DA:111,9
DA:119,9
DA:120,9
DA:123,9
DA:129,5
DA:139,5
DA:145,0
DA:146,0
LF:31
LH:27
BRDA:46,0,0,1
BRDA:46,0,1,8
BRDA:54,1,0,1
BRDA:54,1,1,7
BRDA:54,2,0,8
BRDA:54,2,1,8
BRDA:54,2,2,8
BRDA:65,3,0,0
BRDA:65,3,1,7
BRDA:75,4,0,0
BRDA:75,4,1,7
BRDA:88,5,0,1
BRDA:88,5,1,6
BRDA:97,6,0,6
BRDA:97,6,1,0
BRDA:100,7,0,1
BRDA:100,7,1,8
BRDA:110,8,0,5
BRDA:110,8,1,0
BRF:19
BRH:15
end_of_record
TN:
SF:src/lib/mcp/tools/completeSubstep.ts
FN:43,executeCompleteSubstep
FN:77,(anonymous_1)
FN:85,(anonymous_2)
FNF:3
FNH:3
FNDA:14,executeCompleteSubstep
FNDA:10,(anonymous_1)
FNDA:9,(anonymous_2)
DA:15,3
DA:47,14
DA:48,14
DA:49,1
DA:52,13
DA:53,1
DA:55,12
DA:58,12
DA:59,12
DA:60,1
DA:64,11
DA:65,11
DA:66,0
DA:70,11
DA:71,11
DA:72,1
DA:76,10
DA:77,14
DA:78,14
DA:79,1
DA:83,9
DA:84,9
DA:85,14
DA:86,14
DA:87,2
DA:91,7
DA:92,7
DA:95,14
DA:96,14
DA:97,14
DA:98,3
DA:99,3
DA:100,4
DA:101,2
DA:102,2
DA:104,2
DA:105,2
DA:109,7
DA:115,7
DA:132,7
DA:133,3
DA:134,3
DA:137,7
DA:143,0
DA:144,0
LF:45
LH:42
BRDA:48,0,0,1
BRDA:48,0,1,13
BRDA:52,1,0,1
BRDA:52,1,1,12
BRDA:52,2,0,13
BRDA:52,2,1,12
BRDA:52,2,2,12
BRDA:52,2,3,12
BRDA:59,3,0,1
BRDA:59,3,1,11
BRDA:65,4,0,0
BRDA:65,4,1,11
BRDA:71,5,0,1
BRDA:71,5,1,10
BRDA:76,6,0,10
BRDA:76,6,1,0
BRDA:78,7,0,1
BRDA:78,7,1,13
BRDA:84,8,0,9
BRDA:84,8,1,0
BRDA:86,9,0,2
BRDA:86,9,1,12
BRDA:92,10,0,7
BRDA:92,10,1,0
BRDA:92,11,0,0
BRDA:92,11,1,0
BRDA:97,12,0,3
BRDA:97,12,1,4
BRDA:99,13,0,3
BRDA:99,13,1,3
BRDA:100,14,0,2
BRDA:100,14,1,2
BRDA:101,15,0,2
BRDA:101,15,1,2
BRDA:132,16,0,3
BRDA:132,16,1,4
BRF:36
BRH:30
end_of_record
TN:
SF:src/lib/mcp/tools/completeTask.ts
FN:41,executeCompleteTask
FN:76,(anonymous_1)
FN:128,(anonymous_2)
FN:137,(anonymous_3)
FNF:4
FNH:2
FNDA:14,executeCompleteTask
FNDA:11,(anonymous_1)
FNDA:0,(anonymous_2)
FNDA:0,(anonymous_3)
DA:17,3
DA:45,14
DA:46,14
DA:47,1
DA:50,13
DA:51,1
DA:53,12
DA:56,12
DA:57,12
DA:58,1
DA:62,11
DA:63,11
DA:64,0
DA:65,0
DA:69,11
DA:70,11
DA:71,1
DA:75,10
DA:76,14
DA:77,14
DA:78,2
DA:82,8
DA:83,8
DA:86,14
DA:87,14
DA:88,14
DA:89,5
DA:90,5
DA:91,3
DA:92,1
DA:93,1
DA:95,2
DA:96,2
DA:100,8
DA:106,7
DA:121,7
DA:122,4
DA:124,4
DA:125,2
DA:128,0
DA:130,2
DA:137,0
DA:140,4
DA:144,7
DA:146,7
DA:152,1
DA:153,1
LF:47
LH:43
BRDA:46,0,0,1
BRDA:46,0,1,13
BRDA:50,1,0,1
BRDA:50,1,1,12
BRDA:50,2,0,13
BRDA:50,2,1,12
BRDA:50,2,2,12
BRDA:57,3,0,1
BRDA:57,3,1,11
BRDA:63,4,0,0
BRDA:63,4,1,11
BRDA:70,5,0,1
BRDA:70,5,1,10
BRDA:75,6,0,10
BRDA:75,6,1,0
BRDA:77,7,0,2
BRDA:77,7,1,12
BRDA:83,8,0,8
BRDA:83,8,1,0
BRDA:83,9,0,8
BRDA:83,9,1,0
BRDA:88,10,0,5
BRDA:88,10,1,3
BRDA:90,11,0,5
BRDA:90,11,1,5
BRDA:91,12,0,1
BRDA:91,12,1,2
BRDA:92,13,0,1
BRDA:92,13,1,1
BRDA:121,14,0,4
BRDA:121,14,1,3
BRDA:124,15,0,2
BRDA:124,15,1,2
BRF:33
BRH:29
end_of_record
TN:
SF:src/lib/mcp/tools/createCampaign.ts
FN:45,executeCreateCampaign
FNF:1
FNH:1
FNDA:5,executeCreateCampaign
DA:3,2
DA:46,5
DA:55,5
DA:57,5
DA:71,4
DA:81,1
DA:82,1
LF:7
LH:7
BRDA:50,0,0,5
BRDA:64,1,0,5
BRDA:64,1,1,5
BRDA:66,2,0,1
BRDA:66,2,1,4
BRDA:67,3,0,1
BRDA:67,3,1,4
BRDA:84,4,0,1
BRDA:84,4,1,0
BRF:9
BRH:8
end_of_record
TN:
SF:src/lib/mcp/tools/createGoal.ts
FN:61,executeCreateGoal
FN:97,(anonymous_1)
FN:101,(anonymous_2)
FN:140,(anonymous_3)
FN:153,(anonymous_4)
FNF:5
FNH:2
FNDA:15,executeCreateGoal
FNDA:2,(anonymous_1)
FNDA:0,(anonymous_2)
FNDA:0,(anonymous_3)
FNDA:0,(anonymous_4)
DA:14,3
DA:16,3
DA:65,15
DA:66,15
DA:67,2
DA:75,13
DA:76,13
DA:77,1
DA:85,12
DA:86,12
DA:87,2
DA:94,10
DA:97,10
DA:101,0
DA:109,15
DA:112,10
DA:126,8
DA:129,8
DA:135,8
DA:141,0
DA:145,15
DA:154,0
DA:157,15
DA:172,2
DA:173,2
LF:25
LH:22
BRDA:66,0,0,2
BRDA:66,0,1,13
BRDA:76,1,0,1
BRDA:76,1,1,12
BRDA:86,2,0,2
BRDA:86,2,1,10
BRDA:97,3,0,10
BRDA:97,3,1,0
BRDA:99,4,0,2
BRDA:99,4,1,2
BRDA:100,5,0,2
BRDA:100,5,1,0
BRDA:100,6,0,0
BRDA:100,6,1,0
BRDA:101,7,0,2
BRDA:101,7,1,2
BRDA:103,8,0,0
BRDA:103,8,1,0
BRDA:104,9,0,0
BRDA:104,9,1,0
BRDA:104,10,0,0
BRDA:104,10,1,0
BRDA:116,11,0,10
BRDA:116,11,1,9
BRDA:119,12,0,2
BRDA:119,12,1,8
BRDA:120,13,0,1
BRDA:120,13,1,9
BRDA:121,14,0,15
BRDA:121,14,1,0
BRDA:138,15,0,8
BRDA:138,15,1,2
BRDA:148,16,0,15
BRDA:148,16,1,2
BRDA:149,17,0,15
BRDA:149,17,1,2
BRF:36
BRH:25
end_of_record
TN:
SF:src/lib/mcp/tools/createInvitation.ts
FN:20,executeCreateInvitation
FN:49,(anonymous_1)
FNF:2
FNH:1
FNDA:4,executeCreateInvitation
FNDA:0,(anonymous_1)
DA:9,2
DA:11,2
DA:24,4
DA:25,4
DA:26,1
DA:29,3
DA:30,3
DA:31,1
DA:34,2
DA:35,2
DA:37,2
DA:46,2
DA:50,0
DA:53,2
DA:63,0
DA:64,0
LF:16
LH:13
BRDA:25,0,0,1
BRDA:25,0,1,3
BRDA:30,1,0,1
BRDA:30,1,1,2
BRF:4
BRH:4
end_of_record
TN:
SF:src/lib/mcp/tools/createTask.ts
FN:52,executeCreateTask
FNF:1
FNH:1
FNDA:24,executeCreateTask
DA:14,3
DA:16,3
DA:56,24
DA:57,24
DA:58,2
DA:65,22
DA:66,4
DA:72,18
DA:75,18
DA:76,18
DA:77,2
DA:85,16
DA:86,16
DA:87,2
DA:88,2
DA:96,14
DA:100,13
DA:101,2
DA:109,11
DA:110,24
DA:122,24
DA:125,24
DA:131,10
DA:132,10
DA:135,10
DA:145,10
DA:147,10
DA:153,2
DA:154,2
LF:29
LH:29
BRDA:57,0,0,2
BRDA:57,0,1,22
BRDA:65,1,0,4
BRDA:65,1,1,18
BRDA:65,2,0,22
BRDA:65,2,1,20
BRDA:76,3,0,2
BRDA:76,3,1,16
BRDA:86,4,0,2
BRDA:86,4,1,14
BRDA:100,5,0,2
BRDA:100,5,1,11
BRDA:109,6,0,11
BRDA:109,6,1,0
BRDA:115,7,0,24
BRDA:115,7,1,2
BRDA:116,8,0,24
BRDA:116,8,1,2
BRDA:117,9,0,24
BRDA:117,9,1,2
BRDA:118,10,0,24
BRDA:118,10,1,2
BRF:22
BRH:21
end_of_record
TN:
SF:src/lib/mcp/tools/deleteGoal.ts
FN:28,executeDeleteGoal
FN:99,(anonymous_1)
FNF:2
FNH:1
FNDA:12,executeDeleteGoal
FNDA:0,(anonymous_1)
DA:13,3
DA:32,12
DA:33,12
DA:34,1
DA:41,11
DA:42,2
DA:48,9
DA:51,9
DA:52,9
DA:53,1
DA:61,8
DA:62,8
DA:63,2
DA:64,2
DA:72,6
DA:78,6
DA:87,6
DA:92,5
DA:95,5
DA:96,4
DA:100,0
DA:104,5
DA:109,1
DA:110,1
LF:24
LH:23
BRDA:33,0,0,1
BRDA:33,0,1,11
BRDA:41,1,0,2
BRDA:41,1,1,9
BRDA:52,2,0,1
BRDA:52,2,1,8
BRDA:62,3,0,2
BRDA:62,3,1,6
BRDA:81,4,0,6
BRDA:81,4,1,1
BRDA:95,5,0,4
BRDA:95,5,1,1
BRDA:106,6,0,5
BRDA:106,6,1,1
BRF:14
BRH:14
end_of_record
TN:
SF:src/lib/mcp/tools/deleteGoalTemplate.ts
FN:27,executeDeleteGoalTemplate
FN:82,(anonymous_1)
FNF:2
FNH:1
FNDA:7,executeDeleteGoalTemplate
FNDA:0,(anonymous_1)
DA:7,2
DA:23,2
DA:31,7
DA:32,7
DA:33,1
DA:40,6
DA:41,6
DA:42,1
DA:49,5
DA:52,5
DA:56,5
DA:57,1
DA:64,4
DA:65,2
DA:73,2
DA:78,2
DA:83,0
DA:86,7
DA:91,0
DA:92,0
DA:99,0
DA:100,0
LF:22
LH:17
BRDA:32,0,0,1
BRDA:32,0,1,6
BRDA:41,1,0,1
BRDA:41,1,1,5
BRDA:56,2,0,1
BRDA:56,2,1,4
BRDA:64,3,0,2
BRDA:64,3,1,2
BRDA:81,4,0,2
BRDA:81,4,1,0
BRDA:91,5,0,0
BRDA:91,5,1,0
BRDA:95,6,0,0
BRDA:95,6,1,0
BRF:14
BRH:9
end_of_record
TN:
SF:src/lib/mcp/tools/deleteSubstep.ts
FN:37,executeDeleteSubstep
FN:71,(anonymous_1)
FN:78,(anonymous_2)
FN:88,(anonymous_3)
FNF:4
FNH:3
FNDA:7,executeDeleteSubstep
FNDA:4,(anonymous_1)
FNDA:3,(anonymous_2)
FNDA:0,(anonymous_3)
DA:14,2
DA:41,7
DA:42,7
DA:43,1
DA:46,6
DA:47,1
DA:50,5
DA:51,5
DA:52,5
DA:54,5
DA:55,5
DA:56,0
DA:59,5
DA:60,5
DA:61,0
DA:62,0
DA:65,5
DA:66,5
DA:67,1
DA:70,4
DA:71,7
DA:73,7
DA:74,1
DA:77,3
DA:78,7
DA:80,7
DA:81,1
DA:84,2
DA:85,2
DA:88,2
DA:89,2
DA:91,2
DA:97,2
DA:108,2
DA:110,2
DA:116,0
DA:117,0
LF:37
LH:32
BRDA:42,0,0,1
BRDA:42,0,1,6
BRDA:46,1,0,1
BRDA:46,1,1,5
BRDA:46,2,0,6
BRDA:46,2,1,6
BRDA:46,2,2,6
BRDA:55,3,0,0
BRDA:55,3,1,5
BRDA:60,4,0,0
BRDA:60,4,1,5
BRDA:66,5,0,1
BRDA:66,5,1,4
BRDA:70,6,0,4
BRDA:70,6,1,0
BRDA:73,7,0,1
BRDA:73,7,1,6
BRDA:77,8,0,3
BRDA:77,8,1,0
BRDA:80,9,0,1
BRDA:80,9,1,6
BRF:21
BRH:17
end_of_record
TN:
SF:src/lib/mcp/tools/deleteTask.ts
FN:33,executeDeleteTask
FN:66,(anonymous_1)
FN:76,(anonymous_2)
FNF:3
FNH:3
FNDA:7,executeDeleteTask
FNDA:5,(anonymous_1)
FNDA:3,(anonymous_2)
DA:14,2
DA:37,7
DA:38,7
DA:39,1
DA:42,6
DA:43,1
DA:46,5
DA:47,5
DA:49,5
DA:50,5
DA:51,0
DA:54,5
DA:55,5
DA:56,0
DA:57,0
DA:60,5
DA:61,5
DA:62,1
DA:65,4
DA:66,7
DA:68,7
DA:69,1
DA:72,3
DA:73,3
DA:76,3
DA:78,3
DA:84,3
DA:94,3
DA:96,3
DA:102,0
DA:103,0
LF:31
LH:26
BRDA:38,0,0,1
BRDA:38,0,1,6
BRDA:42,1,0,1
BRDA:42,1,1,5
BRDA:42,2,0,6
BRDA:42,2,1,5
BRDA:50,3,0,0
BRDA:50,3,1,5
BRDA:55,4,0,0
BRDA:55,4,1,5
BRDA:61,5,0,1
BRDA:61,5,1,4
BRDA:65,6,0,4
BRDA:65,6,1,0
BRDA:68,7,0,1
BRDA:68,7,1,6
BRF:16
BRH:13
end_of_record
TN:
SF:src/lib/mcp/tools/forkGoalTemplate.ts
FN:34,resetTasksCompletion
FN:35,(anonymous_1)
FN:40,(anonymous_2)
FN:49,executeForkGoalTemplate
FN:154,(anonymous_4)
FN:173,(anonymous_5)
FNF:6
FNH:4
FNDA:8,resetTasksCompletion
FNDA:4,(anonymous_1)
FNDA:1,(anonymous_2)
FNDA:12,executeForkGoalTemplate
FNDA:0,(anonymous_4)
FNDA:0,(anonymous_5)
DA:9,2
DA:29,2
DA:35,8
DA:40,1
DA:50,12
DA:51,12
DA:52,1
DA:59,11
DA:60,11
DA:61,1
DA:68,10
DA:71,10
DA:83,10
DA:84,1
DA:92,9
DA:93,2
DA:102,2
DA:103,1
DA:112,8
DA:117,12
DA:132,8
DA:141,8
DA:147,8
DA:148,6
DA:155,0
DA:159,6
DA:174,0
DA:178,8
DA:188,0
DA:189,0
DA:196,0
DA:197,0
LF:32
LH:26
BRDA:39,0,0,4
BRDA:39,0,1,0
BRDA:51,1,0,1
BRDA:51,1,1,11
BRDA:60,2,0,1
BRDA:60,2,1,10
BRDA:83,3,0,1
BRDA:83,3,1,9
BRDA:92,4,0,2
BRDA:92,4,1,7
BRDA:92,5,0,9
BRDA:92,5,1,3
BRDA:102,6,0,1
BRDA:102,6,1,1
BRDA:113,7,0,8
BRDA:113,7,1,0
BRDA:120,8,0,12
BRDA:120,8,1,7
BRDA:124,9,0,12
BRDA:124,9,1,0
BRDA:125,10,0,12
BRDA:125,10,1,0
BRDA:126,11,0,12
BRDA:126,11,1,0
BRDA:147,12,0,6
BRDA:147,12,1,2
BRDA:151,13,0,6
BRDA:151,13,1,0
BRDA:188,14,0,0
BRDA:188,14,1,0
BRDA:192,15,0,0
BRDA:192,15,1,0
BRF:32
BRH:22
end_of_record
TN:
SF:src/lib/mcp/tools/generatePostContent.ts
FN:31,executeGeneratePostContent
FN:55,(anonymous_1)
FNF:2
FNH:2
FNDA:7,executeGeneratePostContent
FNDA:15,(anonymous_1)
DA:3,2
DA:32,7
DA:33,7
DA:36,7
DA:46,7
DA:47,2
DA:54,5
DA:55,15
DA:57,7
DA:60,7
DA:61,7
DA:66,7
DA:81,7
DA:86,7
DA:95,0
DA:96,0
LF:16
LH:14
BRDA:33,0,0,7
BRDA:33,1,0,7
BRDA:46,2,0,2
BRDA:46,2,1,5
BRDA:46,3,0,7
BRDA:46,3,1,6
BRDA:54,4,0,5
BRDA:54,4,1,0
BRDA:57,5,0,5
BRDA:57,5,1,0
BRDA:61,6,0,4
BRDA:61,6,1,1
BRDA:82,7,0,7
BRDA:82,7,1,0
BRDA:98,8,0,0
BRDA:98,8,1,0
BRF:16
BRH:11
end_of_record
TN:
SF:src/lib/mcp/tools/getActivity.ts
FN:27,executeGetActivity
FN:64,(anonymous_1)
FNF:2
FNH:2
FNDA:3,executeGetActivity
FNDA:5,(anonymous_1)
DA:9,2
DA:31,3
DA:32,3
DA:33,0
DA:41,3
DA:42,3
DA:43,0
DA:50,3
DA:51,3
DA:53,3
DA:54,1
DA:58,3
DA:64,5
DA:75,3
DA:81,0
DA:82,0
LF:16
LH:12
BRDA:32,0,0,0
BRDA:32,0,1,3
BRDA:42,1,0,0
BRDA:42,1,1,3
BRDA:50,2,0,3
BRDA:50,2,1,2
BRDA:53,3,0,1
BRDA:53,3,1,2
BRDA:78,4,0,1
BRDA:78,4,1,2
BRF:10
BRH:8
end_of_record
TN:
SF:src/lib/mcp/tools/getCampaigns.ts
FN:17,executeGetCampaigns
FN:40,(anonymous_1)
FN:50,(anonymous_2)
FN:51,(anonymous_3)
FNF:4
FNH:4
FNDA:4,executeGetCampaigns
FNDA:3,(anonymous_1)
FNDA:6,(anonymous_2)
FNDA:6,(anonymous_3)
DA:3,2
DA:18,4
DA:19,4
DA:21,4
DA:38,4
DA:40,3
DA:50,6
DA:51,6
DA:56,0
DA:57,0
LF:10
LH:8
BRDA:24,0,0,4
BRDA:24,0,1,1
BRDA:59,1,0,0
BRDA:59,1,1,0
BRF:4
BRH:2
end_of_record
TN:
SF:src/lib/mcp/tools/getContext.ts
FN:18,executeGetContext
FNF:1
FNH:1
FNDA:2,executeGetContext
DA:8,2
DA:22,2
DA:23,2
DA:24,1
DA:31,1
DA:32,1
DA:34,1
DA:49,0
DA:50,0
LF:9
LH:7
BRDA:23,0,0,1
BRDA:23,0,1,1
BRF:2
BRH:2
end_of_record
TN:
SF:src/lib/mcp/tools/getFeed.ts
FN:31,executeGetFeed
FN:40,(anonymous_1)
FN:92,(anonymous_2)
FN:97,(anonymous_3)
FNF:4
FNH:4
FNDA:3,executeGetFeed
FNDA:2,(anonymous_1)
FNDA:2,(anonymous_2)
FNDA:1,(anonymous_3)
DA:5,2
DA:26,2
DA:32,3
DA:35,3
DA:40,3
DA:41,3
DA:44,3
DA:92,3
DA:97,1
DA:100,3
LF:10
LH:10
BRF:0
BRH:0
end_of_record
TN:
SF:src/lib/mcp/tools/getFriendProfile.ts
FN:24,executeGetFriendProfile
FN:72,(anonymous_1)
FN:75,(anonymous_2)
FN:107,(anonymous_3)
FNF:4
FNH:4
FNDA:8,executeGetFriendProfile
FNDA:2,(anonymous_1)
FNDA:2,(anonymous_2)
FNDA:1,(anonymous_3)
DA:9,2
DA:28,8
DA:29,8
DA:30,1
DA:33,7
DA:34,1
DA:37,6
DA:39,6
DA:40,6
DA:41,1
DA:45,5
DA:53,5
DA:54,1
DA:58,4
DA:59,4
DA:60,0
DA:64,4
DA:67,4
DA:72,4
DA:73,2
DA:74,2
DA:75,2
DA:76,2
DA:87,4
DA:93,4
DA:107,1
DA:116,0
DA:117,0
LF:28
LH:25
BRDA:29,0,0,1
BRDA:29,0,1,7
BRDA:33,1,0,1
BRDA:33,1,1,6
BRDA:40,2,0,1
BRDA:40,2,1,5
BRDA:53,3,0,1
BRDA:53,3,1,4
BRDA:59,4,0,0
BRDA:59,4,1,4
BRDA:73,5,0,2
BRDA:73,5,1,0
BRDA:82,6,0,1
BRDA:82,6,1,1
BRDA:102,7,0,8
BRDA:102,7,1,1
BRDA:103,8,0,8
BRDA:103,8,1,1
BRDA:104,9,0,8
BRDA:104,9,1,1
BRF:20
BRH:18
end_of_record
TN:
SF:src/lib/mcp/tools/getFriends.ts
FN:19,executeGetFriends
FN:59,(anonymous_1)
FN:68,(anonymous_2)
FN:71,(anonymous_3)
FNF:4
FNH:3
FNDA:3,executeGetFriends
FNDA:1,(anonymous_1)
FNDA:1,(anonymous_2)
FNDA:0,(anonymous_3)
DA:9,2
DA:23,3
DA:24,3
DA:25,1
DA:33,2
DA:34,2
DA:35,0
DA:43,2
DA:58,2
DA:60,1
DA:67,1
DA:68,1
DA:69,1
DA:70,1
DA:71,1
DA:72,1
DA:75,1
DA:89,2
DA:95,0
DA:96,0
LF:20
LH:17
BRDA:24,0,0,1
BRDA:24,0,1,2
BRDA:34,1,0,0
BRDA:34,1,1,2
BRDA:69,2,0,1
BRDA:69,2,1,0
BRDA:72,3,0,1
BRDA:72,3,1,0
BRDA:80,4,0,1
BRDA:80,4,1,0
BRDA:81,5,0,1
BRDA:81,5,1,0
BRF:12
BRH:7
end_of_record
TN:
SF:src/lib/mcp/tools/getGoalById.ts
FN:25,executeGetGoalById
FNF:1
FNH:1
FNDA:5,executeGetGoalById
DA:10,2
DA:29,5
DA:30,5
DA:31,1
DA:38,4
DA:39,1
DA:45,3
DA:48,3
DA:49,3
DA:50,0
DA:58,3
DA:65,3
DA:66,2
DA:74,1
DA:77,1
DA:94,5
DA:100,0
DA:101,0
LF:18
LH:15
BRDA:30,0,0,1
BRDA:30,0,1,4
BRDA:38,1,0,1
BRDA:38,1,1,3
BRDA:49,2,0,0
BRDA:49,2,1,3
BRDA:65,3,0,2
BRDA:65,3,1,1
BRDA:81,4,0,1
BRDA:81,4,1,0
BRDA:82,5,0,5
BRDA:82,5,1,1
BRDA:83,6,0,5
BRDA:83,6,1,1
BRDA:84,7,0,5
BRDA:84,7,1,1
BRDA:85,8,0,5
BRDA:85,8,1,1
BRDA:86,9,0,5
BRDA:86,9,1,1
BRF:20
BRH:18
end_of_record
TN:
SF:src/lib/mcp/tools/getGoals.ts
FN:19,executeGetGoals
FN:49,(anonymous_1)
FN:52,(anonymous_2)
FNF:3
FNH:3
FNDA:5,executeGetGoals
FNDA:2,(anonymous_1)
FNDA:2,(anonymous_2)
DA:9,2
DA:23,5
DA:24,5
DA:25,1
DA:33,4
DA:34,3
DA:35,1
DA:43,2
DA:49,2
DA:50,2
DA:51,2
DA:52,2
DA:53,2
DA:55,2
DA:69,2
DA:70,1
DA:77,1
DA:83,1
DA:84,1
LF:19
LH:19
BRDA:24,0,0,1
BRDA:24,0,1,4
BRDA:34,1,0,1
BRDA:34,1,1,2
BRDA:50,2,0,2
BRDA:50,2,1,0
BRDA:53,3,0,1
BRDA:53,3,1,1
BRDA:69,4,0,1
BRDA:69,4,1,1
BRF:10
BRH:9
end_of_record
TN:
SF:src/lib/mcp/tools/getInvitations.ts
FN:18,executeGetInvitations
FN:39,(anonymous_1)
FNF:2
FNH:2
FNDA:4,executeGetInvitations
FNDA:3,(anonymous_1)
DA:9,2
DA:22,4
DA:23,4
DA:24,1
DA:27,3
DA:28,3
DA:29,1
DA:32,2
DA:37,2
DA:39,3
DA:49,2
DA:55,0
DA:56,0
LF:13
LH:11
BRDA:23,0,0,1
BRDA:23,0,1,3
BRDA:28,1,0,1
BRDA:28,1,1,2
BRDA:42,2,0,1
BRDA:42,2,1,2
BRDA:42,3,0,1
BRDA:42,3,1,1
BRDA:45,4,0,3
BRDA:45,4,1,2
BRDA:46,5,0,3
BRDA:46,5,1,2
BRF:12
BRH:12
end_of_record
TN:
SF:src/lib/mcp/tools/getProfile.ts
FN:17,executeGetProfile
FNF:1
FNH:1
FNDA:4,executeGetProfile
DA:8,2
DA:21,4
DA:22,4
DA:23,1
DA:26,3
DA:27,3
DA:28,1
DA:31,2
DA:45,0
DA:46,0
LF:10
LH:8
BRDA:22,0,0,1
BRDA:22,0,1,3
BRDA:27,1,0,1
BRDA:27,1,1,2
BRDA:37,2,0,2
BRDA:37,2,1,1
BRDA:38,3,0,4
BRDA:38,3,1,1
BRDA:39,4,0,4
BRDA:39,4,1,1
BRDA:40,5,0,4
BRDA:40,5,1,1
BRDA:40,5,2,1
BRF:13
BRH:13
end_of_record
TN:
SF:src/lib/mcp/tools/getSharedTemplates.ts
FN:33,executeGetSharedTemplates
FN:63,(anonymous_1)
FN:112,(anonymous_2)
FNF:3
FNH:3
FNDA:6,executeGetSharedTemplates
FNDA:3,(anonymous_1)
FNDA:3,(anonymous_2)
DA:6,2
DA:28,2
DA:37,6
DA:38,6
DA:39,1
DA:46,5
DA:47,5
DA:48,1
DA:55,4
DA:58,4
DA:63,4
DA:66,4
DA:69,4
DA:70,3
DA:77,4
DA:78,3
DA:82,4
DA:83,3
DA:86,4
DA:87,1
DA:94,3
DA:110,3
DA:112,3
DA:130,0
DA:131,0
DA:138,0
DA:139,0
LF:27
LH:23
BRDA:38,0,0,1
BRDA:38,0,1,5
BRDA:47,1,0,1
BRDA:47,1,1,4
BRDA:69,2,0,3
BRDA:69,2,1,1
BRDA:77,3,0,3
BRDA:77,3,1,1
BRDA:82,4,0,3
BRDA:82,4,1,1
BRDA:82,5,0,4
BRDA:82,5,1,4
BRDA:86,6,0,1
BRDA:86,6,1,3
BRDA:130,7,0,0
BRDA:130,7,1,0
BRDA:134,8,0,0
BRDA:134,8,1,0
BRF:18
BRH:14
end_of_record
TN:
SF:src/lib/mcp/tools/getStreaks.ts
FN:21,executeGetStreaks
FNF:1
FNH:1
FNDA:5,executeGetStreaks
DA:11,2
DA:25,5
DA:26,5
DA:27,1
DA:35,4
DA:36,4
DA:37,0
DA:45,4
DA:49,4
DA:50,1
DA:64,3
DA:65,3
DA:68,5
DA:69,2
DA:76,3
DA:77,5
DA:81,5
DA:94,0
DA:95,0
LF:19
LH:16
BRDA:26,0,0,1
BRDA:26,0,1,4
BRDA:36,1,0,0
BRDA:36,1,1,4
BRDA:49,2,0,1
BRDA:49,2,1,3
BRDA:65,3,0,3
BRDA:65,3,1,0
BRDA:68,4,0,2
BRDA:68,4,1,3
BRDA:76,5,0,3
BRDA:76,5,1,0
BRDA:77,6,0,3
BRDA:77,6,1,0
BRDA:87,7,0,5
BRDA:87,7,1,0
BRDA:89,8,0,2
BRDA:89,8,1,1
BRF:18
BRH:13
end_of_record
TN:
SF:src/lib/mcp/tools/index.ts
FN:231,getToolExecutor
FN:238,hasToolExecutor
FNF:2
FNH:0
FNDA:0,getToolExecutor
FNDA:0,hasToolExecutor
DA:46,1
DA:89,1
DA:232,0
DA:239,0
LF:4
LH:2
BRF:0
BRH:0
end_of_record
TN:
SF:src/lib/mcp/tools/removeFriend.ts
FN:26,executeRemoveFriend
FNF:1
FNH:1
FNDA:5,executeRemoveFriend
DA:11,2
DA:30,5
DA:31,5
DA:32,1
DA:35,4
DA:36,1
DA:39,3
DA:41,3
DA:42,3
DA:43,0
DA:47,3
DA:51,3
DA:52,1
DA:56,2
DA:59,2
DA:69,2
DA:77,2
DA:79,5
DA:85,0
DA:86,0
LF:20
LH:17
BRDA:31,0,0,1
BRDA:31,0,1,4
BRDA:35,1,0,1
BRDA:35,1,1,3
BRDA:42,2,0,0
BRDA:42,2,1,3
BRDA:51,3,0,1
BRDA:51,3,1,2
BRDA:72,4,0,2
BRDA:72,4,1,0
BRDA:82,5,0,5
BRDA:82,5,1,0
BRF:12
BRH:9
end_of_record
TN:
SF:src/lib/mcp/tools/shareGoalTemplate.ts
FN:70,executeShareGoalTemplate
FN:151,(anonymous_1)
FN:166,(anonymous_2)
FNF:3
FNH:1
FNDA:5,executeShareGoalTemplate
FNDA:0,(anonymous_1)
FNDA:0,(anonymous_2)
DA:9,2
DA:59,2
DA:74,5
DA:75,5
DA:76,1
DA:83,4
DA:84,4
DA:85,1
DA:92,3
DA:93,3
DA:96,3
DA:101,3
DA:102,0
DA:110,3
DA:114,3
DA:115,1
DA:123,2
DA:147,2
DA:152,0
DA:156,5
DA:167,0
DA:170,5
DA:180,0
DA:181,0
DA:188,0
DA:189,0
LF:26
LH:19
BRDA:75,0,0,1
BRDA:75,0,1,4
BRDA:84,1,0,1
BRDA:84,1,1,3
BRDA:101,2,0,0
BRDA:101,2,1,3
BRDA:114,3,0,1
BRDA:114,3,1,2
BRDA:128,4,0,2
BRDA:128,4,1,0
BRDA:129,5,0,5
BRDA:129,5,1,0
BRDA:131,6,0,5
BRDA:131,6,1,0
BRDA:132,7,0,5
BRDA:132,7,1,0
BRDA:133,8,0,5
BRDA:133,8,1,0
BRDA:134,9,0,5
BRDA:134,9,1,2
BRDA:135,10,0,5
BRDA:135,10,1,2
BRDA:136,11,0,5
BRDA:136,11,1,2
BRDA:137,12,0,5
BRDA:137,12,1,2
BRDA:138,13,0,5
BRDA:138,13,1,2
BRDA:139,14,0,5
BRDA:139,14,1,2
BRDA:150,15,0,2
BRDA:150,15,1,0
BRDA:161,16,0,5
BRDA:161,16,1,0
BRDA:180,17,0,0
BRDA:180,17,1,0
BRDA:184,18,0,0
BRDA:184,18,1,0
BRF:38
BRH:26
end_of_record
TN:
SF:src/lib/mcp/tools/toggleFeedCheer.ts
FN:31,executeToggleFeedCheer
FNF:1
FNH:1
FNDA:4,executeToggleFeedCheer
DA:5,2
DA:26,2
DA:32,4
DA:35,4
DA:44,4
DA:46,1
DA:50,1
DA:57,3
DA:65,3
LF:9
LH:9
BRDA:44,0,0,1
BRDA:44,0,1,3
BRF:2
BRH:2
end_of_record
TN:
SF:src/lib/mcp/tools/updateGoal.ts
FN:48,executeUpdateGoal
FNF:1
FNH:1
FNDA:3,executeUpdateGoal
DA:13,2
DA:52,3
DA:53,3
DA:54,0
DA:61,3
DA:62,1
DA:68,2
DA:71,2
DA:72,2
DA:73,0
DA:81,2
DA:82,2
DA:83,1
DA:84,1
DA:92,1
DA:93,1
DA:94,1
DA:95,0
DA:102,1
DA:105,1
DA:106,1
DA:107,1
DA:108,1
DA:109,0
DA:111,1
DA:112,0
DA:114,1
DA:117,1
DA:123,1
DA:129,1
DA:136,3
DA:143,3
DA:144,3
DA:153,1
DA:155,1
DA:168,0
DA:169,0
LF:37
LH:30
BRDA:53,0,0,0
BRDA:53,0,1,3
BRDA:61,1,0,1
BRDA:61,1,1,2
BRDA:72,2,0,0
BRDA:72,2,1,2
BRDA:82,3,0,1
BRDA:82,3,1,1
BRDA:94,4,0,0
BRDA:94,4,1,1
BRDA:106,5,0,1
BRDA:106,5,1,0
BRDA:107,6,0,1
BRDA:107,6,1,0
BRDA:108,7,0,0
BRDA:108,7,1,1
BRDA:109,8,0,0
BRDA:109,8,1,0
BRDA:111,9,0,0
BRDA:111,9,1,1
BRDA:112,10,0,0
BRDA:112,10,1,0
BRDA:114,11,0,0
BRDA:114,11,1,1
BRF:24
BRH:12
end_of_record
TN:
SF:src/lib/mcp/tools/updateGoalIcon.ts
FN:40,executeUpdateGoalIcon
FNF:1
FNH:1
FNDA:5,executeUpdateGoalIcon
DA:14,2
DA:44,5
DA:45,5
DA:46,1
DA:49,4
DA:50,1
DA:53,3
DA:55,3
DA:56,3
DA:57,0
DA:60,3
DA:61,3
DA:62,0
DA:63,0
DA:66,3
DA:67,3
DA:68,1
DA:73,2
DA:74,1
DA:76,1
DA:79,2
DA:84,2
DA:86,2
DA:92,0
DA:93,0
LF:25
LH:20
BRDA:45,0,0,1
BRDA:45,0,1,4
BRDA:49,1,0,1
BRDA:49,1,1,3
BRDA:56,2,0,0
BRDA:56,2,1,3
BRDA:61,3,0,0
BRDA:61,3,1,3
BRDA:67,4,0,1
BRDA:67,4,1,2
BRDA:73,5,0,1
BRDA:73,5,1,1
BRDA:73,6,0,2
BRDA:73,6,1,1
BRF:14
BRH:12
end_of_record
TN:
SF:src/lib/mcp/tools/updateGoalTemplate.ts
FN:58,executeUpdateGoalTemplate
FNF:1
FNH:1
FNDA:6,executeUpdateGoalTemplate
DA:6,2
DA:48,2
DA:62,6
DA:63,6
DA:64,1
DA:71,5
DA:72,5
DA:73,1
DA:80,4
DA:83,4
DA:87,4
DA:88,1
DA:95,3
DA:96,1
DA:104,2
DA:105,2
DA:106,0
DA:107,2
DA:108,2
DA:109,2
DA:110,2
DA:111,1
DA:112,2
DA:113,2
DA:115,2
DA:116,1
DA:123,1
DA:128,1
DA:137,0
DA:138,0
DA:145,0
DA:146,0
LF:32
LH:27
BRDA:63,0,0,1
BRDA:63,0,1,5
BRDA:72,1,0,1
BRDA:72,1,1,4
BRDA:87,2,0,1
BRDA:87,2,1,3
BRDA:95,3,0,1
BRDA:95,3,1,2
BRDA:105,4,0,0
BRDA:105,4,1,2
BRDA:107,5,0,1
BRDA:107,5,1,1
BRDA:108,6,0,0
BRDA:108,6,1,2
BRDA:110,7,0,1
BRDA:110,7,1,1
BRDA:112,8,0,0
BRDA:112,8,1,2
BRDA:113,9,0,0
BRDA:113,9,1,2
BRDA:115,10,0,1
BRDA:115,10,1,1
BRDA:137,11,0,0
BRDA:137,11,1,0
BRDA:141,12,0,0
BRDA:141,12,1,0
BRF:26
BRH:18
end_of_record
TN:
SF:src/lib/mcp/tools/updateProfile.ts
FN:38,executeUpdateProfile
FN:95,(anonymous_1)
FN:108,(anonymous_2)
FNF:3
FNH:2
FNDA:5,executeUpdateProfile
FNDA:4,(anonymous_1)
FNDA:0,(anonymous_2)
DA:12,2
DA:42,5
DA:43,5
DA:44,1
DA:47,4
DA:48,4
DA:49,1
DA:53,3
DA:54,3
DA:55,3
DA:56,3
DA:57,3
DA:59,3
DA:60,1
DA:64,2
DA:71,2
DA:77,2
DA:83,2
DA:84,2
DA:92,2
DA:95,2
DA:96,4
DA:102,4
DA:105,2
DA:109,0
DA:112,2
DA:123,0
DA:124,0
LF:28
LH:25
BRDA:43,0,0,1
BRDA:43,0,1,4
BRDA:48,1,0,1
BRDA:48,1,1,3
BRDA:54,2,0,2
BRDA:54,2,1,1
BRDA:55,3,0,2
BRDA:55,3,1,1
BRDA:56,4,0,0
BRDA:56,4,1,3
BRDA:57,5,0,0
BRDA:57,5,1,3
BRDA:59,6,0,1
BRDA:59,6,1,2
BRDA:102,7,0,4
BRDA:102,7,1,0
BRF:16
BRH:13
end_of_record
TN:
SF:src/lib/mcp/tools/updateTask.ts
FN:56,executeUpdateTask
FN:114,(anonymous_1)
FNF:2
FNH:2
FNDA:6,executeUpdateTask
FNDA:3,(anonymous_1)
DA:16,2
DA:60,6
DA:61,6
DA:62,1
DA:69,5
DA:70,1
DA:76,4
DA:79,4
DA:80,4
DA:81,0
DA:89,4
DA:90,4
DA:91,0
DA:92,0
DA:100,4
DA:104,4
DA:105,1
DA:113,3
DA:114,6
DA:116,6
DA:117,1
DA:125,2
DA:126,2
DA:127,2
DA:128,0
DA:136,2
DA:139,2
DA:145,2
DA:151,2
DA:152,2
DA:153,2
DA:154,2
DA:165,2
DA:168,2
DA:170,2
DA:176,0
DA:177,0
LF:37
LH:31
BRDA:61,0,0,1
BRDA:61,0,1,5
BRDA:69,1,0,1
BRDA:69,1,1,4
BRDA:69,2,0,5
BRDA:69,2,1,4
BRDA:80,3,0,0
BRDA:80,3,1,4
BRDA:90,4,0,0
BRDA:90,4,1,4
BRDA:104,5,0,1
BRDA:104,5,1,3
BRDA:113,6,0,3
BRDA:113,6,1,0
BRDA:116,7,0,1
BRDA:116,7,1,5
BRDA:127,8,0,0
BRDA:127,8,1,2
BRDA:153,9,0,2
BRDA:153,9,1,0
BRF:20
BRH:15
end_of_record
TN:
SF:src/lib/streaks/computeTier.ts
FN:3,computeGoalTier
FN:9,computeGoldStatus
FN:12,(anonymous_2)
FNF:3
FNH:3
FNDA:28,computeGoalTier
FNDA:4,computeGoldStatus
FNDA:4,(anonymous_2)
DA:4,28
DA:5,26
DA:6,24
DA:10,4
DA:11,3
DA:12,4
LF:6
LH:6
BRDA:4,0,0,2
BRDA:4,0,1,26
BRDA:5,1,0,2
BRDA:5,1,1,24
BRDA:10,2,0,1
BRDA:10,2,1,3
BRDA:11,3,0,1
BRDA:11,3,1,2
BRF:8
BRH:8
end_of_record
TN:
SF:src/lib/streaks/goalStreakUpdater.ts
FN:3,toLocalDateStr
FN:10,updateGoalStreak
FNF:2
FNH:2
FNDA:9,toLocalDateStr
FNDA:5,updateGoalStreak
DA:4,9
DA:5,9
DA:6,9
DA:7,9
DA:11,5
DA:12,5
DA:14,5
DA:15,5
DA:17,5
DA:18,5
DA:20,5
DA:24,5
DA:25,5
DA:27,5
DA:28,4
DA:32,4
DA:33,4
DA:34,4
DA:36,4
DA:38,1
DA:39,3
DA:41,2
DA:46,3
DA:49,4
LF:24
LH:24
BRDA:27,0,0,4
BRDA:27,0,1,1
BRDA:28,1,0,4
BRDA:28,1,1,0
BRDA:32,2,0,4
BRDA:32,2,1,0
BRDA:36,3,0,1
BRDA:36,3,1,3
BRDA:39,4,0,2
BRDA:39,4,1,1
BRF:10
BRH:8
end_of_record
TN:
SF:src/lib/streaks/index.ts
FNF:0
FNH:0
LF:0
LH:0
BRF:0
BRH:0
end_of_record
TN:
SF:src/lib/streaks/updateStreak.ts
FN:21,calculateStreakFromHistory
FN:48,recordStreakActivity
FNF:2
FNH:2
FNDA:13,calculateStreakFromHistory
FNDA:5,recordStreakActivity
DA:4,4
DA:22,13
DA:24,12
DA:25,12
DA:26,12
DA:28,10
DA:29,10
DA:30,28
DA:31,28
DA:32,28
DA:33,28
DA:34,28
DA:35,26
DA:37,2
DA:41,10
DA:52,5
DA:54,5
DA:59,5
DA:60,1
DA:69,1
DA:80,4
DA:81,1
DA:92,3
DA:93,3
DA:94,3
DA:95,3
DA:97,5
DA:107,3
LF:28
LH:28
BRDA:22,0,0,1
BRDA:22,0,1,12
BRDA:26,1,0,2
BRDA:26,1,1,10
BRDA:34,2,0,26
BRDA:34,2,1,2
BRDA:59,3,0,1
BRDA:59,3,1,4
BRDA:74,4,0,0
BRDA:74,4,1,1
BRDA:80,5,0,1
BRDA:80,5,1,3
BRDA:95,6,0,1
BRDA:95,6,1,2
BRF:14
BRH:13
end_of_record
TN:
SF:src/store/slices/chatSlice.ts
FN:25,(anonymous_0)
FN:31,(anonymous_1)
FN:35,(anonymous_2)
FN:38,(anonymous_3)
FN:43,(anonymous_4)
FN:46,(anonymous_5)
FNF:6
FNH:4
FNDA:2,(anonymous_0)
FNDA:1,(anonymous_1)
FNDA:1,(anonymous_2)
FNDA:0,(anonymous_3)
FNDA:0,(anonymous_4)
FNDA:2,(anonymous_5)
DA:15,3
DA:21,3
DA:26,2
DA:27,2
DA:28,1
DA:32,1
DA:33,1
DA:36,1
DA:39,0
DA:40,0
DA:44,0
DA:47,2
DA:53,3
LF:13
LH:10
BRDA:27,0,0,1
BRDA:27,0,1,1
BRDA:39,1,0,0
BRDA:39,1,1,0
BRF:4
BRH:2
end_of_record
TN:
SF:src/store/slices/templatesSlice.ts
FN:64,(anonymous_0)
FN:66,(anonymous_1)
FN:71,(anonymous_2)
FN:72,(anonymous_3)
FN:75,(anonymous_4)
FN:83,(anonymous_5)
FN:88,(anonymous_6)
FN:94,(anonymous_7)
FN:101,(anonymous_8)
FN:106,(anonymous_9)
FN:112,(anonymous_10)
FN:124,(anonymous_11)
FN:125,(anonymous_12)
FN:128,(anonymous_13)
FN:132,(anonymous_14)
FN:139,(anonymous_15)
FN:147,(anonymous_16)
FN:151,(anonymous_17)
FN:155,(anonymous_18)
FNF:19
FNH:19
FNDA:2,(anonymous_0)
FNDA:2,(anonymous_1)
FNDA:1,(anonymous_2)
FNDA:1,(anonymous_3)
FNDA:1,(anonymous_4)
FNDA:1,(anonymous_5)
FNDA:1,(anonymous_6)
FNDA:1,(anonymous_7)
FNDA:1,(anonymous_8)
FNDA:1,(anonymous_9)
FNDA:2,(anonymous_10)
FNDA:1,(anonymous_11)
FNDA:1,(anonymous_12)
FNDA:1,(anonymous_13)
FNDA:1,(anonymous_14)
FNDA:1,(anonymous_15)
FNDA:1,(anonymous_16)
FNDA:1,(anonymous_17)
FNDA:1,(anonymous_18)
DA:60,2
DA:64,2
DA:67,2
DA:71,1
DA:72,1
DA:75,1
DA:83,1
DA:88,1
DA:94,1
DA:101,1
DA:106,1
DA:113,2
DA:114,2
DA:115,2
DA:116,2
DA:117,2
DA:118,2
DA:119,2
DA:124,1
DA:125,1
DA:128,1
DA:132,1
DA:139,1
DA:147,1
DA:151,1
DA:155,1
DA:179,2
LF:27
LH:27
BRDA:66,0,0,2
BRDA:66,1,0,2
BRDA:66,2,0,2
BRDA:112,3,0,2
BRDA:114,4,0,1
BRDA:114,4,1,1
BRDA:115,5,0,1
BRDA:115,5,1,1
BRDA:116,6,0,1
BRDA:116,6,1,1
BRDA:117,7,0,1
BRDA:117,7,1,1
BRDA:118,8,0,1
BRDA:118,8,1,1
BRF:14
BRH:14
end_of_record
TN:
SF:src/store/slices/uiSlice.ts
FN:17,(anonymous_0)
FNF:1
FNH:1
FNDA:5,(anonymous_0)
DA:9,1
DA:13,1
DA:18,5
DA:23,1
LF:4
LH:4
BRF:0
BRH:0
end_of_record
TN:
SF:src/types/agent.ts
FN:101,(anonymous_0)
FN:112,(anonymous_1)
FN:193,(anonymous_2)
FN:218,(anonymous_3)
FNF:4
FNH:3
FNDA:9,(anonymous_0)
FNDA:0,(anonymous_1)
FNDA:10,(anonymous_2)
FNDA:10,(anonymous_3)
DA:103,9
DA:104,9
DA:106,9
DA:107,9
DA:114,0
DA:115,0
DA:117,0
DA:118,0
DA:193,10
DA:194,10
DA:195,10
DA:196,10
DA:197,10
DA:198,10
DA:199,10
DA:200,10
DA:201,10
DA:202,10
DA:218,10
DA:219,10
DA:220,10
DA:221,10
DA:222,10
DA:223,10
DA:224,10
DA:225,10
DA:226,10
DA:227,10
DA:228,10
LF:29
LH:25
BRDA:193,0,0,10
BRDA:193,0,1,10
BRDA:218,1,0,10
BRDA:218,1,1,10
BRF:4
BRH:4
end_of_record
TN:
SF:src/types/index.ts
FNF:0
FNH:0
DA:10,2
LF:1
LH:1
BRF:0
BRH:0
end_of_record
